#
# There is insufficient memory for the Java Runtime Environment to continue.
# Native memory allocation (malloc) failed to allocate 675136 bytes for Chunk::new
# Possible reasons:
#   The system is out of physical RAM or swap space
#   The process is running with CompressedOops enabled, and the Java Heap may be blocking the growth of the native heap
# Possible solutions:
#   Reduce memory load on the system
#   Increase physical memory or swap space
#   Check if swap backing store is full
#   Decrease Java heap size (-Xmx/-Xms)
#   Decrease number of Java threads
#   Decrease Java thread stack sizes (-Xss)
#   Set larger code cache with -XX:ReservedCodeCacheSize=
#   JVM is running with Zero Based Compressed Oops mode in which the Java heap is
#     placed in the first 32GB address space. The Java Heap base address is the
#     maximum limit for the native heap growth. Please use -XX:HeapBaseMinAddress
#     to set the Java Heap base and to place the Java Heap above 32GB virtual address.
# This output file may be truncated or incomplete.
#
#  Out of Memory Error (arena.cpp:168), pid=18900, tid=7592
#
# JRE version: Java(TM) SE Runtime Environment (21.0.2+13) (build 21.0.2+13-LTS-58)
# Java VM: Java HotSpot(TM) 64-Bit Server VM (21.0.2+13-LTS-58, mixed mode, sharing, tiered, compressed oops, compressed class ptrs, g1 gc, windows-amd64)
# No core dump will be written. Minidumps are not enabled by default on client versions of Windows
#

---------------  S U M M A R Y ------------

Command Line: C:\Users\raque\AppData\Local\Temp\surefire16194452322787873933\surefirebooter-20251208233855020_3.jar C:\Users\raque\AppData\Local\Temp\surefire16194452322787873933 2025-12-08T23-38-54_824-jvmRun1 surefire-20251208233855020_1tmp surefire_0-20251208233855020_2tmp

Host: Intel(R) Core(TM) i7-8565U CPU @ 1.80GHz, 8 cores, 15G,  Windows 11 , 64 bit Build 22621 (10.0.22621.5415)
Time: Mon Dec  8 23:38:56 2025 Central America Standard Time elapsed time: 1.495766 seconds (0d 0h 0m 1s)

---------------  T H R E A D  ---------------

Current thread (0x0000015d9d6a5350):  JavaThread "C2 CompilerThread1" daemon [_thread_in_native, id=7592, stack(0x0000004024c00000,0x0000004024d00000) (1024K)]


Current CompileTask:
C2:   1495 1646       4       java.lang.invoke.MethodType::methodType (69 bytes)

Stack: [0x0000004024c00000,0x0000004024d00000]
Native frames: (J=compiled Java code, j=interpreted, Vv=VM code, C=native code)
V  [jvm.dll+0x6cade9]
V  [jvm.dll+0x8569c1]
V  [jvm.dll+0x858d2e]
V  [jvm.dll+0x859413]
V  [jvm.dll+0x280e56]
V  [jvm.dll+0xc3f3d]
V  [jvm.dll+0xc4473]
V  [jvm.dll+0x2f437f]
V  [jvm.dll+0x5f5056]
V  [jvm.dll+0x252d7f]
V  [jvm.dll+0x25315f]
V  [jvm.dll+0x24b8e0]
V  [jvm.dll+0x2490a3]
V  [jvm.dll+0x1c9634]
V  [jvm.dll+0x258859]
V  [jvm.dll+0x256e3a]
V  [jvm.dll+0x3ef6c6]
V  [jvm.dll+0x7ff568]
V  [jvm.dll+0x6c953d]
C  [ucrtbase.dll+0x29333]
C  [KERNEL32.DLL+0x1259d]
C  [ntdll.dll+0x5af78]


---------------  P R O C E S S  ---------------

Threads class SMR info:
_java_thread_list=0x0000015d9d976350, length=14, elements={
0x0000015dfacd05b0, 0x0000015dfebd69c0, 0x0000015dfebd7a90, 0x0000015dfebdfb10,
0x0000015dfebe0570, 0x0000015dfebe1920, 0x0000015dfebe5e60, 0x0000015dfebe3b40,
0x0000015dfebef270, 0x0000015d9d4f22c0, 0x0000015d9d4f5730, 0x0000015d9d6a5350,
0x0000015d9d7020c0, 0x0000015d9d926280
}

Java Threads: ( => current thread )
  0x0000015dfacd05b0 JavaThread "main"                              [_thread_in_native, id=8152, stack(0x0000004023a00000,0x0000004023b00000) (1024K)]
  0x0000015dfebd69c0 JavaThread "Reference Handler"          daemon [_thread_blocked, id=15832, stack(0x0000004024200000,0x0000004024300000) (1024K)]
  0x0000015dfebd7a90 JavaThread "Finalizer"                  daemon [_thread_blocked, id=17580, stack(0x0000004024300000,0x0000004024400000) (1024K)]
  0x0000015dfebdfb10 JavaThread "Signal Dispatcher"          daemon [_thread_blocked, id=10476, stack(0x0000004024400000,0x0000004024500000) (1024K)]
  0x0000015dfebe0570 JavaThread "Attach Listener"            daemon [_thread_blocked, id=7540, stack(0x0000004024500000,0x0000004024600000) (1024K)]
  0x0000015dfebe1920 JavaThread "Service Thread"             daemon [_thread_blocked, id=1636, stack(0x0000004024600000,0x0000004024700000) (1024K)]
  0x0000015dfebe5e60 JavaThread "Monitor Deflation Thread"   daemon [_thread_blocked, id=7048, stack(0x0000004024700000,0x0000004024800000) (1024K)]
  0x0000015dfebe3b40 JavaThread "C2 CompilerThread0"         daemon [_thread_blocked, id=10288, stack(0x0000004024800000,0x0000004024900000) (1024K)]
  0x0000015dfebef270 JavaThread "C1 CompilerThread0"         daemon [_thread_blocked, id=18780, stack(0x0000004024900000,0x0000004024a00000) (1024K)]
  0x0000015d9d4f22c0 JavaThread "Notification Thread"        daemon [_thread_blocked, id=14740, stack(0x0000004024a00000,0x0000004024b00000) (1024K)]
  0x0000015d9d4f5730 JavaThread "Common-Cleaner"             daemon [_thread_blocked, id=3604, stack(0x0000004024b00000,0x0000004024c00000) (1024K)]
=>0x0000015d9d6a5350 JavaThread "C2 CompilerThread1"         daemon [_thread_in_native, id=7592, stack(0x0000004024c00000,0x0000004024d00000) (1024K)]
  0x0000015d9d7020c0 JavaThread "surefire-forkedjvm-stream-flusher" daemon [_thread_blocked, id=11404, stack(0x0000004024d00000,0x0000004024e00000) (1024K)]
  0x0000015d9d926280 JavaThread "surefire-forkedjvm-command-thread" daemon [_thread_in_native, id=1640, stack(0x0000004024e00000,0x0000004024f00000) (1024K)]
Total: 14

Other Threads:
  0x0000015dfebb9400 VMThread "VM Thread"                           [id=2004, stack(0x0000004024100000,0x0000004024200000) (1024K)]
  0x0000015dfeba0d70 WatcherThread "VM Periodic Task Thread"        [id=4936, stack(0x0000004024000000,0x0000004024100000) (1024K)]
  0x0000015dfae404b0 WorkerThread "GC Thread#0"                     [id=17480, stack(0x0000004023b00000,0x0000004023c00000) (1024K)]
  0x0000015de315de10 WorkerThread "GC Thread#1"                     [id=14284, stack(0x0000004024f00000,0x0000004025000000) (1024K)]
  0x0000015de315e830 WorkerThread "GC Thread#2"                     [id=7440, stack(0x0000004025000000,0x0000004025100000) (1024K)]
  0x0000015de315ebd0 WorkerThread "GC Thread#3"                     [id=17752, stack(0x0000004025100000,0x0000004025200000) (1024K)]
  0x0000015de3149500 WorkerThread "GC Thread#4"                     [id=15576, stack(0x0000004025200000,0x0000004025300000) (1024K)]
  0x0000015de31498a0 WorkerThread "GC Thread#5"                     [id=8520, stack(0x0000004025300000,0x0000004025400000) (1024K)]
  0x0000015de3374c30 WorkerThread "GC Thread#6"                     [id=20136, stack(0x0000004025400000,0x0000004025500000) (1024K)]
  0x0000015de3173ad0 WorkerThread "GC Thread#7"                     [id=12064, stack(0x0000004025500000,0x0000004025600000) (1024K)]
  0x0000015dfae51120 ConcurrentGCThread "G1 Main Marker"            [id=3936, stack(0x0000004023c00000,0x0000004023d00000) (1024K)]
  0x0000015dfae51dd0 WorkerThread "G1 Conc#0"                       [id=14864, stack(0x0000004023d00000,0x0000004023e00000) (1024K)]
  0x0000015dfea74510 ConcurrentGCThread "G1 Refine#0"               [id=7576, stack(0x0000004023e00000,0x0000004023f00000) (1024K)]
  0x0000015dfae9e040 ConcurrentGCThread "G1 Service"                [id=19120, stack(0x0000004023f00000,0x0000004024000000) (1024K)]
Total: 14

Threads with active compile tasks:
C2 CompilerThread0     1523 1725       4       java.lang.invoke.MethodType::makeImpl (109 bytes)
C1 CompilerThread0     1523 1733       3       java.lang.invoke.AbstractValidatingLambdaMetafactory::validateMetafactoryArgs (607 bytes)
C2 CompilerThread1     1523 1646       4       java.lang.invoke.MethodType::methodType (69 bytes)
Total: 3

VM state: at safepoint (normal execution)

VM Mutex/Monitor currently owned by a thread:  ([mutex/lock_event])
[0x00007ffb1c1acd68] Threads_lock - owner thread: 0x0000015dfebb9400
[0x00007ffb1c1ace68] Heap_lock - owner thread: 0x0000015dfacd05b0

Heap address: 0x0000000703600000, size: 4042 MB, Compressed Oops mode: Zero based, Oop shift amount: 3

CDS archive(s) mapped at: [0x0000015d9e000000-0x0000015d9ec90000-0x0000015d9ec90000), size 13172736, SharedBaseAddress: 0x0000015d9e000000, ArchiveRelocationMode: 1.
Compressed class space mapped at: 0x0000015d9f000000-0x0000015ddf000000, reserved size: 1073741824
Narrow klass base: 0x0000015d9e000000, Narrow klass shift: 0, Narrow klass range: 0x100000000

GC Precious Log:
 CardTable entry size: 512
 Card Set container configuration: InlinePtr #cards 4 size 8 Array Of Cards #cards 16 size 48 Howl #buckets 8 coarsen threshold 3686 Howl Bitmap #cards 512 size 80 coarsen threshold 460 Card regions per heap region 1 cards per card region 4096
 CPUs: 8 total, 8 available
 Memory: 16166M
 Large Page Support: Disabled
 NUMA Support: Disabled
 Compressed Oops: Enabled (Zero based)
 Heap Region Size: 2M
 Heap Min Capacity: 8M
 Heap Initial Capacity: 254M
 Heap Max Capacity: 4042M
 Pre-touch: Disabled
 Parallel Workers: 8
 Concurrent Workers: 2
 Concurrent Refinement Workers: 8
 Periodic GC: Disabled

Heap:
 garbage-first heap   total 260096K, used 31600K [0x0000000703600000, 0x0000000800000000)
  region size 2048K, 12 young (24576K), 1 survivors (2048K)
 Metaspace       used 10387K, committed 10624K, reserved 1114112K
  class space    used 1261K, committed 1408K, reserved 1048576K

Heap Regions: E=young(eden), S=young(survivor), O=old, HS=humongous(starts), HC=humongous(continues), CS=collection set, F=free, TAMS=top-at-mark-start, PB=parsable bottom
|   0|0x0000000703600000, 0x0000000703800000, 0x0000000703800000|100%| O|  |TAMS 0x0000000703600000| PB 0x0000000703600000| Untracked 
|   1|0x0000000703800000, 0x0000000703a00000, 0x0000000703a00000|100%| O|  |TAMS 0x0000000703800000| PB 0x0000000703800000| Untracked 
|   2|0x0000000703a00000, 0x0000000703c00000, 0x0000000703c00000|100%| O|  |TAMS 0x0000000703a00000| PB 0x0000000703a00000| Untracked 
|   3|0x0000000703c00000, 0x0000000703e00000, 0x0000000703e00000|100%| O|  |TAMS 0x0000000703c00000| PB 0x0000000703c00000| Untracked 
|   4|0x0000000703e00000, 0x0000000703ea2bf8, 0x0000000704000000| 31%| O|  |TAMS 0x0000000703e00000| PB 0x0000000703e00000| Untracked 
|   5|0x0000000704000000, 0x0000000704000000, 0x0000000704200000|  0%| F|  |TAMS 0x0000000704000000| PB 0x0000000704000000| Untracked 
|   6|0x0000000704200000, 0x0000000704200000, 0x0000000704400000|  0%| F|  |TAMS 0x0000000704200000| PB 0x0000000704200000| Untracked 
|   7|0x0000000704400000, 0x0000000704400000, 0x0000000704600000|  0%| F|  |TAMS 0x0000000704400000| PB 0x0000000704400000| Untracked 
|   8|0x0000000704600000, 0x0000000704600000, 0x0000000704800000|  0%| F|  |TAMS 0x0000000704600000| PB 0x0000000704600000| Untracked 
|   9|0x0000000704800000, 0x0000000704800000, 0x0000000704a00000|  0%| F|  |TAMS 0x0000000704800000| PB 0x0000000704800000| Untracked 
|  10|0x0000000704a00000, 0x0000000704a00000, 0x0000000704c00000|  0%| F|  |TAMS 0x0000000704a00000| PB 0x0000000704a00000| Untracked 
|  11|0x0000000704c00000, 0x0000000704c00000, 0x0000000704e00000|  0%| F|  |TAMS 0x0000000704c00000| PB 0x0000000704c00000| Untracked 
|  12|0x0000000704e00000, 0x0000000704e00000, 0x0000000705000000|  0%| F|  |TAMS 0x0000000704e00000| PB 0x0000000704e00000| Untracked 
|  13|0x0000000705000000, 0x0000000705000000, 0x0000000705200000|  0%| F|  |TAMS 0x0000000705000000| PB 0x0000000705000000| Untracked 
|  14|0x0000000705200000, 0x0000000705200000, 0x0000000705400000|  0%| F|  |TAMS 0x0000000705200000| PB 0x0000000705200000| Untracked 
|  15|0x0000000705400000, 0x0000000705400000, 0x0000000705600000|  0%| F|  |TAMS 0x0000000705400000| PB 0x0000000705400000| Untracked 
|  16|0x0000000705600000, 0x0000000705600000, 0x0000000705800000|  0%| F|  |TAMS 0x0000000705600000| PB 0x0000000705600000| Untracked 
|  17|0x0000000705800000, 0x0000000705800000, 0x0000000705a00000|  0%| F|  |TAMS 0x0000000705800000| PB 0x0000000705800000| Untracked 
|  18|0x0000000705a00000, 0x0000000705a00000, 0x0000000705c00000|  0%| F|  |TAMS 0x0000000705a00000| PB 0x0000000705a00000| Untracked 
|  19|0x0000000705c00000, 0x0000000705c00000, 0x0000000705e00000|  0%| F|  |TAMS 0x0000000705c00000| PB 0x0000000705c00000| Untracked 
|  20|0x0000000705e00000, 0x0000000705e00000, 0x0000000706000000|  0%| F|  |TAMS 0x0000000705e00000| PB 0x0000000705e00000| Untracked 
|  21|0x0000000706000000, 0x0000000706000000, 0x0000000706200000|  0%| F|  |TAMS 0x0000000706000000| PB 0x0000000706000000| Untracked 
|  22|0x0000000706200000, 0x0000000706200000, 0x0000000706400000|  0%| F|  |TAMS 0x0000000706200000| PB 0x0000000706200000| Untracked 
|  23|0x0000000706400000, 0x0000000706400000, 0x0000000706600000|  0%| F|  |TAMS 0x0000000706400000| PB 0x0000000706400000| Untracked 
|  24|0x0000000706600000, 0x0000000706600000, 0x0000000706800000|  0%| F|  |TAMS 0x0000000706600000| PB 0x0000000706600000| Untracked 
|  25|0x0000000706800000, 0x0000000706800000, 0x0000000706a00000|  0%| F|  |TAMS 0x0000000706800000| PB 0x0000000706800000| Untracked 
|  26|0x0000000706a00000, 0x0000000706a00000, 0x0000000706c00000|  0%| F|  |TAMS 0x0000000706a00000| PB 0x0000000706a00000| Untracked 
|  27|0x0000000706c00000, 0x0000000706c00000, 0x0000000706e00000|  0%| F|  |TAMS 0x0000000706c00000| PB 0x0000000706c00000| Untracked 
|  28|0x0000000706e00000, 0x0000000706e00000, 0x0000000707000000|  0%| F|  |TAMS 0x0000000706e00000| PB 0x0000000706e00000| Untracked 
|  29|0x0000000707000000, 0x0000000707000000, 0x0000000707200000|  0%| F|  |TAMS 0x0000000707000000| PB 0x0000000707000000| Untracked 
|  30|0x0000000707200000, 0x0000000707200000, 0x0000000707400000|  0%| F|  |TAMS 0x0000000707200000| PB 0x0000000707200000| Untracked 
|  31|0x0000000707400000, 0x0000000707400000, 0x0000000707600000|  0%| F|  |TAMS 0x0000000707400000| PB 0x0000000707400000| Untracked 
|  32|0x0000000707600000, 0x0000000707600000, 0x0000000707800000|  0%| F|  |TAMS 0x0000000707600000| PB 0x0000000707600000| Untracked 
|  33|0x0000000707800000, 0x0000000707800000, 0x0000000707a00000|  0%| F|  |TAMS 0x0000000707800000| PB 0x0000000707800000| Untracked 
|  34|0x0000000707a00000, 0x0000000707a00000, 0x0000000707c00000|  0%| F|  |TAMS 0x0000000707a00000| PB 0x0000000707a00000| Untracked 
|  35|0x0000000707c00000, 0x0000000707c00000, 0x0000000707e00000|  0%| F|  |TAMS 0x0000000707c00000| PB 0x0000000707c00000| Untracked 
|  36|0x0000000707e00000, 0x0000000707e00000, 0x0000000708000000|  0%| F|  |TAMS 0x0000000707e00000| PB 0x0000000707e00000| Untracked 
|  37|0x0000000708000000, 0x0000000708000000, 0x0000000708200000|  0%| F|  |TAMS 0x0000000708000000| PB 0x0000000708000000| Untracked 
|  38|0x0000000708200000, 0x0000000708200000, 0x0000000708400000|  0%| F|  |TAMS 0x0000000708200000| PB 0x0000000708200000| Untracked 
|  39|0x0000000708400000, 0x0000000708400000, 0x0000000708600000|  0%| F|  |TAMS 0x0000000708400000| PB 0x0000000708400000| Untracked 
|  40|0x0000000708600000, 0x0000000708600000, 0x0000000708800000|  0%| F|  |TAMS 0x0000000708600000| PB 0x0000000708600000| Untracked 
|  41|0x0000000708800000, 0x0000000708800000, 0x0000000708a00000|  0%| F|  |TAMS 0x0000000708800000| PB 0x0000000708800000| Untracked 
|  42|0x0000000708a00000, 0x0000000708a00000, 0x0000000708c00000|  0%| F|  |TAMS 0x0000000708a00000| PB 0x0000000708a00000| Untracked 
|  43|0x0000000708c00000, 0x0000000708c00000, 0x0000000708e00000|  0%| F|  |TAMS 0x0000000708c00000| PB 0x0000000708c00000| Untracked 
|  44|0x0000000708e00000, 0x0000000708e00000, 0x0000000709000000|  0%| F|  |TAMS 0x0000000708e00000| PB 0x0000000708e00000| Untracked 
|  45|0x0000000709000000, 0x0000000709000000, 0x0000000709200000|  0%| F|  |TAMS 0x0000000709000000| PB 0x0000000709000000| Untracked 
|  46|0x0000000709200000, 0x0000000709200000, 0x0000000709400000|  0%| F|  |TAMS 0x0000000709200000| PB 0x0000000709200000| Untracked 
|  47|0x0000000709400000, 0x0000000709400000, 0x0000000709600000|  0%| F|  |TAMS 0x0000000709400000| PB 0x0000000709400000| Untracked 
|  48|0x0000000709600000, 0x0000000709600000, 0x0000000709800000|  0%| F|  |TAMS 0x0000000709600000| PB 0x0000000709600000| Untracked 
|  49|0x0000000709800000, 0x0000000709800000, 0x0000000709a00000|  0%| F|  |TAMS 0x0000000709800000| PB 0x0000000709800000| Untracked 
|  50|0x0000000709a00000, 0x0000000709a00000, 0x0000000709c00000|  0%| F|  |TAMS 0x0000000709a00000| PB 0x0000000709a00000| Untracked 
|  51|0x0000000709c00000, 0x0000000709c00000, 0x0000000709e00000|  0%| F|  |TAMS 0x0000000709c00000| PB 0x0000000709c00000| Untracked 
|  52|0x0000000709e00000, 0x0000000709e00000, 0x000000070a000000|  0%| F|  |TAMS 0x0000000709e00000| PB 0x0000000709e00000| Untracked 
|  53|0x000000070a000000, 0x000000070a000000, 0x000000070a200000|  0%| F|  |TAMS 0x000000070a000000| PB 0x000000070a000000| Untracked 
|  54|0x000000070a200000, 0x000000070a200000, 0x000000070a400000|  0%| F|  |TAMS 0x000000070a200000| PB 0x000000070a200000| Untracked 
|  55|0x000000070a400000, 0x000000070a400000, 0x000000070a600000|  0%| F|  |TAMS 0x000000070a400000| PB 0x000000070a400000| Untracked 
|  56|0x000000070a600000, 0x000000070a600000, 0x000000070a800000|  0%| F|  |TAMS 0x000000070a600000| PB 0x000000070a600000| Untracked 
|  57|0x000000070a800000, 0x000000070a800000, 0x000000070aa00000|  0%| F|  |TAMS 0x000000070a800000| PB 0x000000070a800000| Untracked 
|  58|0x000000070aa00000, 0x000000070aa00000, 0x000000070ac00000|  0%| F|  |TAMS 0x000000070aa00000| PB 0x000000070aa00000| Untracked 
|  59|0x000000070ac00000, 0x000000070ac00000, 0x000000070ae00000|  0%| F|  |TAMS 0x000000070ac00000| PB 0x000000070ac00000| Untracked 
|  60|0x000000070ae00000, 0x000000070ae00000, 0x000000070b000000|  0%| F|  |TAMS 0x000000070ae00000| PB 0x000000070ae00000| Untracked 
|  61|0x000000070b000000, 0x000000070b000000, 0x000000070b200000|  0%| F|  |TAMS 0x000000070b000000| PB 0x000000070b000000| Untracked 
|  62|0x000000070b200000, 0x000000070b200000, 0x000000070b400000|  0%| F|  |TAMS 0x000000070b200000| PB 0x000000070b200000| Untracked 
|  63|0x000000070b400000, 0x000000070b400000, 0x000000070b600000|  0%| F|  |TAMS 0x000000070b400000| PB 0x000000070b400000| Untracked 
|  64|0x000000070b600000, 0x000000070b600000, 0x000000070b800000|  0%| F|  |TAMS 0x000000070b600000| PB 0x000000070b600000| Untracked 
|  65|0x000000070b800000, 0x000000070b800000, 0x000000070ba00000|  0%| F|  |TAMS 0x000000070b800000| PB 0x000000070b800000| Untracked 
|  66|0x000000070ba00000, 0x000000070ba00000, 0x000000070bc00000|  0%| F|  |TAMS 0x000000070ba00000| PB 0x000000070ba00000| Untracked 
|  67|0x000000070bc00000, 0x000000070bc00000, 0x000000070be00000|  0%| F|  |TAMS 0x000000070bc00000| PB 0x000000070bc00000| Untracked 
|  68|0x000000070be00000, 0x000000070be00000, 0x000000070c000000|  0%| F|  |TAMS 0x000000070be00000| PB 0x000000070be00000| Untracked 
|  69|0x000000070c000000, 0x000000070c000000, 0x000000070c200000|  0%| F|  |TAMS 0x000000070c000000| PB 0x000000070c000000| Untracked 
|  70|0x000000070c200000, 0x000000070c200000, 0x000000070c400000|  0%| F|  |TAMS 0x000000070c200000| PB 0x000000070c200000| Untracked 
|  71|0x000000070c400000, 0x000000070c400000, 0x000000070c600000|  0%| F|  |TAMS 0x000000070c400000| PB 0x000000070c400000| Untracked 
|  72|0x000000070c600000, 0x000000070c600000, 0x000000070c800000|  0%| F|  |TAMS 0x000000070c600000| PB 0x000000070c600000| Untracked 
|  73|0x000000070c800000, 0x000000070c800000, 0x000000070ca00000|  0%| F|  |TAMS 0x000000070c800000| PB 0x000000070c800000| Untracked 
|  74|0x000000070ca00000, 0x000000070ca00000, 0x000000070cc00000|  0%| F|  |TAMS 0x000000070ca00000| PB 0x000000070ca00000| Untracked 
|  75|0x000000070cc00000, 0x000000070cc00000, 0x000000070ce00000|  0%| F|  |TAMS 0x000000070cc00000| PB 0x000000070cc00000| Untracked 
|  76|0x000000070ce00000, 0x000000070ce00000, 0x000000070d000000|  0%| F|  |TAMS 0x000000070ce00000| PB 0x000000070ce00000| Untracked 
|  77|0x000000070d000000, 0x000000070d000000, 0x000000070d200000|  0%| F|  |TAMS 0x000000070d000000| PB 0x000000070d000000| Untracked 
|  78|0x000000070d200000, 0x000000070d200000, 0x000000070d400000|  0%| F|  |TAMS 0x000000070d200000| PB 0x000000070d200000| Untracked 
|  79|0x000000070d400000, 0x000000070d400000, 0x000000070d600000|  0%| F|  |TAMS 0x000000070d400000| PB 0x000000070d400000| Untracked 
|  80|0x000000070d600000, 0x000000070d600000, 0x000000070d800000|  0%| F|  |TAMS 0x000000070d600000| PB 0x000000070d600000| Untracked 
|  81|0x000000070d800000, 0x000000070d800000, 0x000000070da00000|  0%| F|  |TAMS 0x000000070d800000| PB 0x000000070d800000| Untracked 
|  82|0x000000070da00000, 0x000000070da00000, 0x000000070dc00000|  0%| F|  |TAMS 0x000000070da00000| PB 0x000000070da00000| Untracked 
|  83|0x000000070dc00000, 0x000000070dc00000, 0x000000070de00000|  0%| F|  |TAMS 0x000000070dc00000| PB 0x000000070dc00000| Untracked 
|  84|0x000000070de00000, 0x000000070de00000, 0x000000070e000000|  0%| F|  |TAMS 0x000000070de00000| PB 0x000000070de00000| Untracked 
|  85|0x000000070e000000, 0x000000070e000000, 0x000000070e200000|  0%| F|  |TAMS 0x000000070e000000| PB 0x000000070e000000| Untracked 
|  86|0x000000070e200000, 0x000000070e200000, 0x000000070e400000|  0%| F|  |TAMS 0x000000070e200000| PB 0x000000070e200000| Untracked 
|  87|0x000000070e400000, 0x000000070e400000, 0x000000070e600000|  0%| F|  |TAMS 0x000000070e400000| PB 0x000000070e400000| Untracked 
|  88|0x000000070e600000, 0x000000070e600000, 0x000000070e800000|  0%| F|  |TAMS 0x000000070e600000| PB 0x000000070e600000| Untracked 
|  89|0x000000070e800000, 0x000000070e800000, 0x000000070ea00000|  0%| F|  |TAMS 0x000000070e800000| PB 0x000000070e800000| Untracked 
|  90|0x000000070ea00000, 0x000000070ea00000, 0x000000070ec00000|  0%| F|  |TAMS 0x000000070ea00000| PB 0x000000070ea00000| Untracked 
|  91|0x000000070ec00000, 0x000000070ec00000, 0x000000070ee00000|  0%| F|  |TAMS 0x000000070ec00000| PB 0x000000070ec00000| Untracked 
|  92|0x000000070ee00000, 0x000000070ee00000, 0x000000070f000000|  0%| F|  |TAMS 0x000000070ee00000| PB 0x000000070ee00000| Untracked 
|  93|0x000000070f000000, 0x000000070f000000, 0x000000070f200000|  0%| F|  |TAMS 0x000000070f000000| PB 0x000000070f000000| Untracked 
|  94|0x000000070f200000, 0x000000070f200000, 0x000000070f400000|  0%| F|  |TAMS 0x000000070f200000| PB 0x000000070f200000| Untracked 
|  95|0x000000070f400000, 0x000000070f400000, 0x000000070f600000|  0%| F|  |TAMS 0x000000070f400000| PB 0x000000070f400000| Untracked 
|  96|0x000000070f600000, 0x000000070f600000, 0x000000070f800000|  0%| F|  |TAMS 0x000000070f600000| PB 0x000000070f600000| Untracked 
|  97|0x000000070f800000, 0x000000070f800000, 0x000000070fa00000|  0%| F|  |TAMS 0x000000070f800000| PB 0x000000070f800000| Untracked 
|  98|0x000000070fa00000, 0x000000070fa00000, 0x000000070fc00000|  0%| F|  |TAMS 0x000000070fa00000| PB 0x000000070fa00000| Untracked 
|  99|0x000000070fc00000, 0x000000070fc00000, 0x000000070fe00000|  0%| F|  |TAMS 0x000000070fc00000| PB 0x000000070fc00000| Untracked 
| 100|0x000000070fe00000, 0x000000070fe00000, 0x0000000710000000|  0%| F|  |TAMS 0x000000070fe00000| PB 0x000000070fe00000| Untracked 
| 101|0x0000000710000000, 0x0000000710000000, 0x0000000710200000|  0%| F|  |TAMS 0x0000000710000000| PB 0x0000000710000000| Untracked 
| 102|0x0000000710200000, 0x0000000710200000, 0x0000000710400000|  0%| F|  |TAMS 0x0000000710200000| PB 0x0000000710200000| Untracked 
| 103|0x0000000710400000, 0x0000000710400000, 0x0000000710600000|  0%| F|  |TAMS 0x0000000710400000| PB 0x0000000710400000| Untracked 
| 104|0x0000000710600000, 0x0000000710600000, 0x0000000710800000|  0%| F|  |TAMS 0x0000000710600000| PB 0x0000000710600000| Untracked 
| 105|0x0000000710800000, 0x0000000710800000, 0x0000000710a00000|  0%| F|  |TAMS 0x0000000710800000| PB 0x0000000710800000| Untracked 
| 106|0x0000000710a00000, 0x0000000710a00000, 0x0000000710c00000|  0%| F|  |TAMS 0x0000000710a00000| PB 0x0000000710a00000| Untracked 
| 107|0x0000000710c00000, 0x0000000710c00000, 0x0000000710e00000|  0%| F|  |TAMS 0x0000000710c00000| PB 0x0000000710c00000| Untracked 
| 108|0x0000000710e00000, 0x0000000710e00000, 0x0000000711000000|  0%| F|  |TAMS 0x0000000710e00000| PB 0x0000000710e00000| Untracked 
| 109|0x0000000711000000, 0x0000000711000000, 0x0000000711200000|  0%| F|  |TAMS 0x0000000711000000| PB 0x0000000711000000| Untracked 
| 110|0x0000000711200000, 0x0000000711200000, 0x0000000711400000|  0%| F|  |TAMS 0x0000000711200000| PB 0x0000000711200000| Untracked 
| 111|0x0000000711400000, 0x0000000711400000, 0x0000000711600000|  0%| F|  |TAMS 0x0000000711400000| PB 0x0000000711400000| Untracked 
| 112|0x0000000711600000, 0x0000000711600000, 0x0000000711800000|  0%| F|  |TAMS 0x0000000711600000| PB 0x0000000711600000| Untracked 
| 113|0x0000000711800000, 0x00000007119fc980, 0x0000000711a00000| 99%| S|CS|TAMS 0x0000000711800000| PB 0x0000000711800000| Complete 
| 114|0x0000000711a00000, 0x0000000711a00000, 0x0000000711c00000|  0%| F|  |TAMS 0x0000000711a00000| PB 0x0000000711a00000| Untracked 
| 115|0x0000000711c00000, 0x0000000711c00000, 0x0000000711e00000|  0%| F|  |TAMS 0x0000000711c00000| PB 0x0000000711c00000| Untracked 
| 116|0x0000000711e00000, 0x0000000711e00000, 0x0000000712000000|  0%| F|  |TAMS 0x0000000711e00000| PB 0x0000000711e00000| Untracked 
| 117|0x0000000712000000, 0x0000000712000000, 0x0000000712200000|  0%| F|  |TAMS 0x0000000712000000| PB 0x0000000712000000| Untracked 
| 118|0x0000000712200000, 0x0000000712200000, 0x0000000712400000|  0%| F|  |TAMS 0x0000000712200000| PB 0x0000000712200000| Untracked 
| 119|0x0000000712400000, 0x0000000712400000, 0x0000000712600000|  0%| F|  |TAMS 0x0000000712400000| PB 0x0000000712400000| Untracked 
| 120|0x0000000712600000, 0x0000000712600000, 0x0000000712800000|  0%| F|  |TAMS 0x0000000712600000| PB 0x0000000712600000| Untracked 
| 121|0x0000000712800000, 0x0000000712800000, 0x0000000712a00000|  0%| F|  |TAMS 0x0000000712800000| PB 0x0000000712800000| Untracked 
| 122|0x0000000712a00000, 0x0000000712a00000, 0x0000000712c00000|  0%| F|  |TAMS 0x0000000712a00000| PB 0x0000000712a00000| Untracked 
| 123|0x0000000712c00000, 0x0000000712c00000, 0x0000000712e00000|  0%| F|  |TAMS 0x0000000712c00000| PB 0x0000000712c00000| Untracked 
| 124|0x0000000712e00000, 0x0000000712e00000, 0x0000000713000000|  0%| F|  |TAMS 0x0000000712e00000| PB 0x0000000712e00000| Untracked 
| 125|0x0000000713000000, 0x0000000713000000, 0x0000000713200000|  0%| F|  |TAMS 0x0000000713000000| PB 0x0000000713000000| Untracked 
| 126|0x0000000713200000, 0x0000000713302f90, 0x0000000713400000| 50%| E|  |TAMS 0x0000000713200000| PB 0x0000000713200000| Complete 

Card table byte_map: [0x0000015dfd930000,0x0000015dfe120000] _byte_map_base: 0x0000015dfa115000

Marking Bits: (CMBitMap*) 0x0000015dfae40bb0
 Bits: [0x0000015d973a0000, 0x0000015d9b2c8000)

Polling page: 0x0000015dfaea0000

Metaspace:

Usage:
  Non-class:      8.94 MB used.
      Class:      1.23 MB used.
       Both:     10.17 MB used.

Virtual space:
  Non-class space:       64.00 MB reserved,       9.06 MB ( 14%) committed,  1 nodes.
      Class space:        1.00 GB reserved,       1.38 MB ( <1%) committed,  1 nodes.
             Both:        1.06 GB reserved,      10.44 MB ( <1%) committed. 

Chunk freelists:
   Non-Class:  6.48 MB
       Class:  14.47 MB
        Both:  20.95 MB

MaxMetaspaceSize: unlimited
CompressedClassSpaceSize: 1.00 GB
Initial GC threshold: 21.00 MB
Current GC threshold: 21.00 MB
CDS: on
 - commit_granule_bytes: 65536.
 - commit_granule_words: 8192.
 - virtual_space_node_default_size: 8388608.
 - enlarge_chunks_in_place: 1.
 - use_allocation_guard: 0.


Internal statistics:

num_allocs_failed_limit: 0.
num_arena_births: 198.
num_arena_deaths: 0.
num_vsnodes_births: 2.
num_vsnodes_deaths: 0.
num_space_committed: 167.
num_space_uncommitted: 0.
num_chunks_returned_to_freelist: 0.
num_chunks_taken_from_freelist: 589.
num_chunk_merges: 0.
num_chunk_splits: 327.
num_chunks_enlarged: 201.
num_inconsistent_stats: 0.

CodeHeap 'non-profiled nmethods': size=120000Kb used=639Kb max_used=639Kb free=119361Kb
 bounds [0x0000015d8fe70000, 0x0000015d900e0000, 0x0000015d973a0000]
CodeHeap 'profiled nmethods': size=120000Kb used=3314Kb max_used=3314Kb free=116686Kb
 bounds [0x0000015d883a0000, 0x0000015d886e0000, 0x0000015d8f8d0000]
CodeHeap 'non-nmethods': size=5760Kb used=1400Kb max_used=1421Kb free=4359Kb
 bounds [0x0000015d8f8d0000, 0x0000015d8fb40000, 0x0000015d8fe70000]
 total_blobs=2230 nmethods=1732 adapters=403
 compilation: enabled
              stopped_count=0, restarted_count=0
 full_count=0

Compilation events (20 events):
Event: 1.488 Thread 0x0000015dfebef270 1703       3       java.lang.Class::privateGetDeclaredMethods (64 bytes)
Event: 1.489 Thread 0x0000015dfebef270 nmethod 1703 0x0000015d886bc810 code [0x0000015d886bca40, 0x0000015d886bd240]
Event: 1.489 Thread 0x0000015dfebef270 1704       3       java.util.RegularEnumSet::add (9 bytes)
Event: 1.489 Thread 0x0000015dfebef270 nmethod 1704 0x0000015d886bd490 code [0x0000015d886bd640, 0x0000015d886bd878]
Event: 1.489 Thread 0x0000015dfebef270 1705       3       java.util.RegularEnumSet::add (40 bytes)
Event: 1.489 Thread 0x0000015dfebef270 nmethod 1705 0x0000015d886bd910 code [0x0000015d886bdac0, 0x0000015d886bdca8]
Event: 1.489 Thread 0x0000015dfebef270 1707       3       java.lang.reflect.Method::equals (65 bytes)
Event: 1.490 Thread 0x0000015dfebef270 nmethod 1707 0x0000015d886bdd90 code [0x0000015d886bdf80, 0x0000015d886be650]
Event: 1.490 Thread 0x0000015dfebef270 1708       3       java.lang.reflect.Method::hashCode (19 bytes)
Event: 1.490 Thread 0x0000015dfebef270 nmethod 1708 0x0000015d886be790 code [0x0000015d886be960, 0x0000015d886bec18]
Event: 1.490 Thread 0x0000015dfebef270 1706       1       java.lang.reflect.Method::getRoot (5 bytes)
Event: 1.490 Thread 0x0000015dfebef270 nmethod 1706 0x0000015d8ff0a010 code [0x0000015d8ff0a1a0, 0x0000015d8ff0a270]
Event: 1.491 Thread 0x0000015dfebef270 1709       3       jdk.internal.org.objectweb.asm.MethodWriter::addSuccessorToCurrentBasicBlock (24 bytes)
Event: 1.491 Thread 0x0000015dfebef270 nmethod 1709 0x0000015d886bed90 code [0x0000015d886bef40, 0x0000015d886bf2b0]
Event: 1.492 Thread 0x0000015dfebef270 1710       3       java.nio.ByteBuffer::position (6 bytes)
Event: 1.492 Thread 0x0000015dfebef270 nmethod 1710 0x0000015d886bf410 code [0x0000015d886bf5c0, 0x0000015d886bf788]
Event: 1.492 Thread 0x0000015dfebef270 1711       3       sun.reflect.annotation.AnnotationType::getInstance (65 bytes)
Event: 1.493 Thread 0x0000015dfebef270 nmethod 1711 0x0000015d886bf810 code [0x0000015d886bfa20, 0x0000015d886bffb8]
Event: 1.493 Thread 0x0000015dfebef270 1712       3       java.lang.System$2::getAnnotationType (5 bytes)
Event: 1.493 Thread 0x0000015dfebef270 nmethod 1712 0x0000015d886c0290 code [0x0000015d886c0420, 0x0000015d886c0550]

GC Heap History (2 events):
Event: 0.737 GC heap before
{Heap before GC invocations=0 (full 0):
 garbage-first heap   total 260096K, used 22528K [0x0000000703600000, 0x0000000800000000)
  region size 2048K, 11 young (22528K), 0 survivors (0K)
 Metaspace       used 4359K, committed 4544K, reserved 1114112K
  class space    used 457K, committed 576K, reserved 1048576K
}
Event: 0.751 GC heap after
{Heap after GC invocations=1 (full 0):
 garbage-first heap   total 260096K, used 9072K [0x0000000703600000, 0x0000000800000000)
  region size 2048K, 2 young (4096K), 2 survivors (4096K)
 Metaspace       used 4359K, committed 4544K, reserved 1114112K
  class space    used 457K, committed 576K, reserved 1048576K
}

Dll operation events (8 events):
Event: 0.016 Loaded shared library C:\Program Files\Java\jdk-21\bin\java.dll
Event: 0.063 Loaded shared library C:\Program Files\Java\jdk-21\bin\jsvml.dll
Event: 0.089 Loaded shared library C:\Program Files\Java\jdk-21\bin\net.dll
Event: 0.091 Loaded shared library C:\Program Files\Java\jdk-21\bin\nio.dll
Event: 0.095 Loaded shared library C:\Program Files\Java\jdk-21\bin\zip.dll
Event: 0.172 Loaded shared library C:\Program Files\Java\jdk-21\bin\management.dll
Event: 0.178 Loaded shared library C:\Program Files\Java\jdk-21\bin\management_ext.dll
Event: 0.202 Loaded shared library C:\Program Files\Java\jdk-21\bin\jimage.dll

Deoptimization events (20 events):
Event: 1.434 Thread 0x0000015dfacd05b0 Uncommon trap: trap_request=0xffffff45 fr.pc=0x0000015d8feac190 relative=0x0000000000000910
Event: 1.434 Thread 0x0000015dfacd05b0 Uncommon trap: reason=unstable_if action=reinterpret pc=0x0000015d8feac190 method=java.util.zip.ZipCoder.hash(Ljava/lang/String;)I @ 23 c2
Event: 1.434 Thread 0x0000015dfacd05b0 DEOPT PACKING pc=0x0000015d8feac190 sp=0x0000004023afc3a0
Event: 1.434 Thread 0x0000015dfacd05b0 DEOPT UNPACKING pc=0x0000015d8f9246a2 sp=0x0000004023afc250 mode 2
Event: 1.434 Thread 0x0000015dfacd05b0 Uncommon trap: trap_request=0xffffff45 fr.pc=0x0000015d8fea7510 relative=0x00000000000006b0
Event: 1.434 Thread 0x0000015dfacd05b0 Uncommon trap: reason=unstable_if action=reinterpret pc=0x0000015d8fea7510 method=java.util.zip.ZipCoder.hash(Ljava/lang/String;)I @ 23 c2
Event: 1.434 Thread 0x0000015dfacd05b0 DEOPT PACKING pc=0x0000015d8fea7510 sp=0x0000004023afc330
Event: 1.434 Thread 0x0000015dfacd05b0 DEOPT UNPACKING pc=0x0000015d8f9246a2 sp=0x0000004023afc250 mode 2
Event: 1.434 Thread 0x0000015dfacd05b0 Uncommon trap: trap_request=0xffffff45 fr.pc=0x0000015d8fea5f90 relative=0x0000000000000390
Event: 1.434 Thread 0x0000015dfacd05b0 Uncommon trap: reason=unstable_if action=reinterpret pc=0x0000015d8fea5f90 method=java.util.zip.ZipCoder.hash(Ljava/lang/String;)I @ 23 c2
Event: 1.434 Thread 0x0000015dfacd05b0 DEOPT PACKING pc=0x0000015d8fea5f90 sp=0x0000004023afc2c0
Event: 1.434 Thread 0x0000015dfacd05b0 DEOPT UNPACKING pc=0x0000015d8f9246a2 sp=0x0000004023afc248 mode 2
Event: 1.434 Thread 0x0000015dfacd05b0 Uncommon trap: trap_request=0xffffff45 fr.pc=0x0000015d8fec1b04 relative=0x0000000000001384
Event: 1.434 Thread 0x0000015dfacd05b0 Uncommon trap: reason=unstable_if action=reinterpret pc=0x0000015d8fec1b04 method=java.io.WinNTFileSystem.normalize(Ljava/lang/String;)Ljava/lang/String; @ 128 c2
Event: 1.434 Thread 0x0000015dfacd05b0 DEOPT PACKING pc=0x0000015d8fec1b04 sp=0x0000004023afc1e0
Event: 1.434 Thread 0x0000015dfacd05b0 DEOPT UNPACKING pc=0x0000015d8f9246a2 sp=0x0000004023afc1a8 mode 2
Event: 1.437 Thread 0x0000015dfacd05b0 Uncommon trap: trap_request=0xffffff45 fr.pc=0x0000015d8fe8bb74 relative=0x0000000000000054
Event: 1.437 Thread 0x0000015dfacd05b0 Uncommon trap: reason=unstable_if action=reinterpret pc=0x0000015d8fe8bb74 method=sun.nio.fs.WindowsPathParser.isSlash(C)Z @ 9 c2
Event: 1.437 Thread 0x0000015dfacd05b0 DEOPT PACKING pc=0x0000015d8fe8bb74 sp=0x0000004023afc4d0
Event: 1.437 Thread 0x0000015dfacd05b0 DEOPT UNPACKING pc=0x0000015d8f9246a2 sp=0x0000004023afc458 mode 2

Classes loaded (20 events):
Event: 1.464 Loading class java/nio/channels/spi/AbstractSelectableChannel
Event: 1.464 Loading class java/nio/channels/SelectableChannel
Event: 1.464 Loading class java/nio/channels/SelectableChannel done
Event: 1.464 Loading class java/nio/channels/spi/AbstractSelectableChannel done
Event: 1.464 Loading class java/nio/channels/SocketChannel done
Event: 1.464 Loading class sun/nio/ch/SocketChannelImpl done
Event: 1.464 Loading class sun/nio/ch/ChannelInputStream
Event: 1.464 Loading class sun/nio/ch/ChannelInputStream done
Event: 1.466 Loading class sun/nio/ch/NativeThread
Event: 1.466 Loading class sun/nio/ch/NativeThread done
Event: 1.466 Loading class sun/nio/ch/IOStatus
Event: 1.466 Loading class sun/nio/ch/IOStatus done
Event: 1.466 Loading class sun/nio/ch/Util
Event: 1.466 Loading class sun/nio/ch/Util done
Event: 1.466 Loading class sun/nio/ch/Util$1
Event: 1.466 Loading class sun/nio/ch/Util$1 done
Event: 1.466 Loading class sun/nio/ch/Util$BufferCache
Event: 1.466 Loading class sun/nio/ch/Util$BufferCache done
Event: 1.467 Loading class java/nio/DirectByteBuffer$Deallocator
Event: 1.467 Loading class java/nio/DirectByteBuffer$Deallocator done

Classes unloaded (0 events):
No events

Classes redefined (0 events):
No events

Internal exceptions (20 events):
Event: 0.909 Thread 0x0000015dfacd05b0 Exception <a 'java/lang/IncompatibleClassChangeError'{0x00000007131ddab8}: Found class java.lang.Object, but interface was expected> (0x00000007131ddab8) 
thrown [s\open\src\hotspot\share\interpreter\linkResolver.cpp, line 840]
Event: 0.914 Thread 0x0000015dfacd05b0 Exception <a 'java/lang/NoSuchMethodError'{0x00000007131feb48}: 'void java.lang.invoke.DirectMethodHandle$Holder.invokeStatic(java.lang.Object, java.lang.Object, java.lang.Object, java.lang.Object)'> (0x00000007131feb48) 
thrown [s\open\src\hotspot\share\interpreter\linkResolver.cpp, line 773]
Event: 0.931 Thread 0x0000015dfacd05b0 Exception <a 'java/lang/NoSuchMethodError'{0x0000000712e86290}: 'java.lang.Object java.lang.invoke.Invokers$Holder.invokeExact_MT(java.lang.Object, java.lang.Object, java.lang.Object, java.lang.Object, java.lang.Object, java.lang.Object)'> (0x0000000712e86290) 
thrown [s\open\src\hotspot\share\interpreter\linkResolver.cpp, line 773]
Event: 0.933 Thread 0x0000015dfacd05b0 Exception <a 'java/lang/NoSuchMethodError'{0x0000000712e93bb8}: 'int java.lang.invoke.DirectMethodHandle$Holder.invokeStatic(java.lang.Object, java.lang.Object, java.lang.Object, java.lang.Object, java.lang.Object)'> (0x0000000712e93bb8) 
thrown [s\open\src\hotspot\share\interpreter\linkResolver.cpp, line 773]
Event: 0.976 Thread 0x0000015dfacd05b0 Exception <a 'java/lang/NoSuchMethodError'{0x0000000712fbfc80}: 'void java.lang.invoke.DirectMethodHandle$Holder.invokeStaticInit(java.lang.Object, java.lang.Object, java.lang.Object, java.lang.Object)'> (0x0000000712fbfc80) 
thrown [s\open\src\hotspot\share\interpreter\linkResolver.cpp, line 773]
Event: 0.988 Thread 0x0000015dfacd05b0 Exception <a 'java/lang/NoSuchMethodError'{0x0000000712c324a8}: 'int java.lang.invoke.DirectMethodHandle$Holder.invokeStaticInit(java.lang.Object, java.lang.Object)'> (0x0000000712c324a8) 
thrown [s\open\src\hotspot\share\interpreter\linkResolver.cpp, line 773]
Event: 1.088 Thread 0x0000015dfacd05b0 Exception <a 'java/lang/NoSuchMethodError'{0x0000000712dfab78}: 'java.lang.Object java.lang.invoke.DirectMethodHandle$Holder.newInvokeSpecial(java.lang.Object, java.lang.Object, int)'> (0x0000000712dfab78) 
thrown [s\open\src\hotspot\share\interpreter\linkResolver.cpp, line 773]
Event: 1.165 Thread 0x0000015dfacd05b0 Exception <a 'java/lang/NoSuchMethodError'{0x000000071283a740}: 'java.lang.Object java.lang.invoke.DirectMethodHandle$Holder.invokeSpecial(java.lang.Object, java.lang.Object, java.lang.Object, long, java.lang.Object)'> (0x000000071283a740) 
thrown [s\open\src\hotspot\share\interpreter\linkResolver.cpp, line 773]
Event: 1.165 Thread 0x0000015dfacd05b0 Exception <a 'java/lang/NoSuchMethodError'{0x000000071283e5f0}: 'java.lang.Object java.lang.invoke.Invokers$Holder.linkToTargetMethod(java.lang.Object, long, java.lang.Object, java.lang.Object)'> (0x000000071283e5f0) 
thrown [s\open\src\hotspot\share\interpreter\linkResolver.cpp, line 773]
Event: 1.281 Thread 0x0000015dfacd05b0 Exception <a 'java/lang/NoSuchMethodError'{0x00000007127d4910}: 'int java.lang.invoke.DirectMethodHandle$Holder.invokeStaticInit(java.lang.Object, java.lang.Object, java.lang.Object)'> (0x00000007127d4910) 
thrown [s\open\src\hotspot\share\interpreter\linkResolver.cpp, line 773]
Event: 1.295 Thread 0x0000015dfacd05b0 Implicit null exception at 0x0000015d8fee84e6 to 0x0000015d8fee8592
Event: 1.295 Thread 0x0000015dfacd05b0 Implicit null exception at 0x0000015d8feda6c0 to 0x0000015d8feda745
Event: 1.312 Thread 0x0000015dfacd05b0 Exception <a 'java/lang/NoSuchMethodError'{0x00000007124d84b8}: 'int java.lang.invoke.DirectMethodHandle$Holder.invokeInterface(java.lang.Object, java.lang.Object)'> (0x00000007124d84b8) 
thrown [s\open\src\hotspot\share\interpreter\linkResolver.cpp, line 773]
Event: 1.339 Thread 0x0000015dfacd05b0 Exception <a 'java/lang/NoSuchMethodError'{0x00000007125b8330}: 'void java.lang.invoke.DirectMethodHandle$Holder.invokeStatic(java.lang.Object, java.lang.Object)'> (0x00000007125b8330) 
thrown [s\open\src\hotspot\share\interpreter\linkResolver.cpp, line 773]
Event: 1.339 Thread 0x0000015dfacd05b0 Exception <a 'java/lang/NoSuchMethodError'{0x00000007125bc030}: 'void java.lang.invoke.DirectMethodHandle$Holder.invokeStaticInit(java.lang.Object, java.lang.Object)'> (0x00000007125bc030) 
thrown [s\open\src\hotspot\share\interpreter\linkResolver.cpp, line 773]
Event: 1.362 Thread 0x0000015dfacd05b0 Exception <a 'java/lang/NoSuchMethodError'{0x000000071226cd50}: 'int java.lang.invoke.DirectMethodHandle$Holder.invokeVirtual(java.lang.Object, java.lang.Object, java.lang.Object)'> (0x000000071226cd50) 
thrown [s\open\src\hotspot\share\interpreter\linkResolver.cpp, line 773]
Event: 1.405 Thread 0x0000015dfacd05b0 Exception <a 'java/lang/IncompatibleClassChangeError'{0x00000007120134e8}: Found class java.lang.Object, but interface was expected> (0x00000007120134e8) 
thrown [s\open\src\hotspot\share\interpreter\linkResolver.cpp, line 840]
Event: 1.433 Thread 0x0000015dfacd05b0 Exception <a 'java/lang/NoSuchMethodError'{0x00000007121436e8}: 'int java.lang.invoke.DirectMethodHandle$Holder.invokeSpecial(java.lang.Object, java.lang.Object, java.lang.Object, java.lang.Object)'> (0x00000007121436e8) 
thrown [s\open\src\hotspot\share\interpreter\linkResolver.cpp, line 773]
Event: 1.437 Thread 0x0000015dfacd05b0 Exception <a 'java/lang/NoSuchMethodError'{0x0000000712160688}: 'int java.lang.invoke.DirectMethodHandle$Holder.invokeSpecial(java.lang.Object, java.lang.Object, java.lang.Object, java.lang.Object, java.lang.Object)'> (0x0000000712160688) 
thrown [s\open\src\hotspot\share\interpreter\linkResolver.cpp, line 773]
Event: 1.439 Thread 0x0000015dfacd05b0 Exception <a 'java/lang/NoSuchMethodError'{0x0000000712169178}: 'void java.lang.invoke.DirectMethodHandle$Holder.invokeVirtual(java.lang.Object, java.lang.Object)'> (0x0000000712169178) 
thrown [s\open\src\hotspot\share\interpreter\linkResolver.cpp, line 773]

ZGC Phase Switch (0 events):
No events

VM Operations (20 events):
Event: 0.551 Executing VM operation: HandshakeAllThreads (Deoptimize)
Event: 0.551 Executing VM operation: HandshakeAllThreads (Deoptimize) done
Event: 0.552 Executing VM operation: HandshakeAllThreads (Deoptimize)
Event: 0.552 Executing VM operation: HandshakeAllThreads (Deoptimize) done
Event: 0.649 Executing VM operation: HandshakeAllThreads (Deoptimize)
Event: 0.649 Executing VM operation: HandshakeAllThreads (Deoptimize) done
Event: 0.656 Executing VM operation: HandshakeAllThreads (Deoptimize)
Event: 0.657 Executing VM operation: HandshakeAllThreads (Deoptimize) done
Event: 0.737 Executing VM operation: G1CollectForAllocation (G1 Evacuation Pause)
Event: 0.751 Executing VM operation: G1CollectForAllocation (G1 Evacuation Pause) done
Event: 0.880 Executing VM operation: HandshakeAllThreads (Deoptimize)
Event: 0.880 Executing VM operation: HandshakeAllThreads (Deoptimize) done
Event: 0.887 Executing VM operation: HandshakeAllThreads (Deoptimize)
Event: 0.887 Executing VM operation: HandshakeAllThreads (Deoptimize) done
Event: 1.125 Executing VM operation: HandshakeAllThreads (Deoptimize)
Event: 1.125 Executing VM operation: HandshakeAllThreads (Deoptimize) done
Event: 1.314 Executing VM operation: HandshakeAllThreads (Deoptimize)
Event: 1.314 Executing VM operation: HandshakeAllThreads (Deoptimize) done
Event: 1.417 Executing VM operation: HandshakeAllThreads (Deoptimize)
Event: 1.417 Executing VM operation: HandshakeAllThreads (Deoptimize) done

Events (14 events):
Event: 0.038 Thread 0x0000015dfacd05b0 Thread added: 0x0000015dfacd05b0
Event: 0.060 Thread 0x0000015dfebd69c0 Thread added: 0x0000015dfebd69c0
Event: 0.060 Thread 0x0000015dfebd7a90 Thread added: 0x0000015dfebd7a90
Event: 0.061 Thread 0x0000015dfebdfb10 Thread added: 0x0000015dfebdfb10
Event: 0.061 Thread 0x0000015dfebe0570 Thread added: 0x0000015dfebe0570
Event: 0.061 Thread 0x0000015dfebe1920 Thread added: 0x0000015dfebe1920
Event: 0.061 Thread 0x0000015dfebe5e60 Thread added: 0x0000015dfebe5e60
Event: 0.061 Thread 0x0000015dfebe3b40 Thread added: 0x0000015dfebe3b40
Event: 0.061 Thread 0x0000015dfebef270 Thread added: 0x0000015dfebef270
Event: 0.085 Thread 0x0000015d9d4f22c0 Thread added: 0x0000015d9d4f22c0
Event: 0.086 Thread 0x0000015d9d4f5730 Thread added: 0x0000015d9d4f5730
Event: 0.231 Thread 0x0000015d9d6a5350 Thread added: 0x0000015d9d6a5350
Event: 0.317 Thread 0x0000015d9d7020c0 Thread added: 0x0000015d9d7020c0
Event: 0.329 Thread 0x0000015d9d926280 Thread added: 0x0000015d9d926280


Dynamic libraries:
0x00007ff682ed0000 - 0x00007ff682ee0000 	C:\Program Files\Java\jdk-21\bin\java.exe
0x00007ffbd1210000 - 0x00007ffbd1427000 	C:\WINDOWS\SYSTEM32\ntdll.dll
0x00007ffbcfc20000 - 0x00007ffbcfce4000 	C:\WINDOWS\System32\KERNEL32.DLL
0x00007ffbce6f0000 - 0x00007ffbceac2000 	C:\WINDOWS\System32\KERNELBASE.dll
0x00007ffbced50000 - 0x00007ffbcee61000 	C:\WINDOWS\System32\ucrtbase.dll
0x00007ffbc1f40000 - 0x00007ffbc1f5b000 	C:\Program Files\Java\jdk-21\bin\VCRUNTIME140.dll
0x00007ffbb2970000 - 0x00007ffbb2989000 	C:\Program Files\Java\jdk-21\bin\jli.dll
0x00007ffbcfd60000 - 0x00007ffbcfe11000 	C:\WINDOWS\System32\ADVAPI32.dll
0x00007ffbd0bc0000 - 0x00007ffbd0c67000 	C:\WINDOWS\System32\msvcrt.dll
0x00007ffbd01e0000 - 0x00007ffbd0288000 	C:\WINDOWS\System32\sechost.dll
0x00007ffbcee70000 - 0x00007ffbcee98000 	C:\WINDOWS\System32\bcrypt.dll
0x00007ffbd0500000 - 0x00007ffbd0614000 	C:\WINDOWS\System32\RPCRT4.dll
0x00007ffbceea0000 - 0x00007ffbcf051000 	C:\WINDOWS\System32\USER32.dll
0x00007ffbce6c0000 - 0x00007ffbce6e6000 	C:\WINDOWS\System32\win32u.dll
0x00007ffbaa4f0000 - 0x00007ffbaa78b000 	C:\WINDOWS\WinSxS\amd64_microsoft.windows.common-controls_6595b64144ccf1df_6.0.22621.5547_none_27104afb73855772\COMCTL32.dll
0x00007ffbcf160000 - 0x00007ffbcf189000 	C:\WINDOWS\System32\GDI32.dll
0x00007ffbce300000 - 0x00007ffbce423000 	C:\WINDOWS\System32\gdi32full.dll
0x00007ffbce620000 - 0x00007ffbce6ba000 	C:\WINDOWS\System32\msvcp_win.dll
0x00007ffbc2080000 - 0x00007ffbc208a000 	C:\WINDOWS\SYSTEM32\VERSION.dll
0x00007ffbd1190000 - 0x00007ffbd11c1000 	C:\WINDOWS\System32\IMM32.DLL
0x00007ffbc6a70000 - 0x00007ffbc6a7c000 	C:\Program Files\Java\jdk-21\bin\vcruntime140_1.dll
0x00007ffba3490000 - 0x00007ffba351e000 	C:\Program Files\Java\jdk-21\bin\msvcp140.dll
0x00007ffb1b570000 - 0x00007ffb1c287000 	C:\Program Files\Java\jdk-21\bin\server\jvm.dll
0x00007ffbcff30000 - 0x00007ffbcffa1000 	C:\WINDOWS\System32\WS2_32.dll
0x00007ffbcd180000 - 0x00007ffbcd1cd000 	C:\WINDOWS\SYSTEM32\POWRPROF.dll
0x00007ffbc4c20000 - 0x00007ffbc4c54000 	C:\WINDOWS\SYSTEM32\WINMM.dll
0x00007ffbcd160000 - 0x00007ffbcd173000 	C:\WINDOWS\SYSTEM32\UMPDC.dll
0x00007ffbcd420000 - 0x00007ffbcd438000 	C:\WINDOWS\SYSTEM32\kernel.appcore.dll
0x00007ffbc5ae0000 - 0x00007ffbc5aea000 	C:\Program Files\Java\jdk-21\bin\jimage.dll
0x00007ffbcbc90000 - 0x00007ffbcbec3000 	C:\WINDOWS\SYSTEM32\DBGHELP.DLL
0x00007ffbd0df0000 - 0x00007ffbd1183000 	C:\WINDOWS\System32\combase.dll
0x00007ffbcf060000 - 0x00007ffbcf137000 	C:\WINDOWS\System32\OLEAUT32.dll
0x00007ffbb2440000 - 0x00007ffbb2472000 	C:\WINDOWS\SYSTEM32\dbgcore.DLL
0x00007ffbcead0000 - 0x00007ffbceb4b000 	C:\WINDOWS\System32\bcryptPrimitives.dll
0x00007ffbc1eb0000 - 0x00007ffbc1ecf000 	C:\Program Files\Java\jdk-21\bin\java.dll
0x00007ffbcf350000 - 0x00007ffbcfbf2000 	C:\WINDOWS\System32\SHELL32.dll
0x00007ffbcec10000 - 0x00007ffbced4f000 	C:\WINDOWS\System32\wintypes.dll
0x00007ffbcc240000 - 0x00007ffbccb5d000 	C:\WINDOWS\SYSTEM32\windows.storage.dll
0x00007ffbd0ce0000 - 0x00007ffbd0dec000 	C:\WINDOWS\System32\SHCORE.dll
0x00007ffbcfcf0000 - 0x00007ffbcfd59000 	C:\WINDOWS\System32\shlwapi.dll
0x00007ffbce230000 - 0x00007ffbce25b000 	C:\WINDOWS\SYSTEM32\profapi.dll
0x00007ffba3710000 - 0x00007ffba37e7000 	C:\Program Files\Java\jdk-21\bin\jsvml.dll
0x00007ffbc5a20000 - 0x00007ffbc5a30000 	C:\Program Files\Java\jdk-21\bin\net.dll
0x00007ffbc6090000 - 0x00007ffbc61bc000 	C:\WINDOWS\SYSTEM32\WINHTTP.dll
0x00007ffbcd8a0000 - 0x00007ffbcd909000 	C:\WINDOWS\system32\mswsock.dll
0x00007ffbb67b0000 - 0x00007ffbb67c6000 	C:\Program Files\Java\jdk-21\bin\nio.dll
0x00007ffbb6790000 - 0x00007ffbb67a8000 	C:\Program Files\Java\jdk-21\bin\zip.dll
0x00007ffbb8ae0000 - 0x00007ffbb8aea000 	C:\Program Files\Java\jdk-21\bin\management.dll
0x00007ffbb6780000 - 0x00007ffbb678b000 	C:\Program Files\Java\jdk-21\bin\management_ext.dll
0x00007ffbcfc10000 - 0x00007ffbcfc18000 	C:\WINDOWS\System32\PSAPI.DLL

dbghelp: loaded successfully - version: 4.0.5 - missing functions: none
symbol engine: initialized successfully - sym options: 0x614 - pdb path: .;C:\Program Files\Java\jdk-21\bin;C:\WINDOWS\SYSTEM32;C:\WINDOWS\WinSxS\amd64_microsoft.windows.common-controls_6595b64144ccf1df_6.0.22621.5547_none_27104afb73855772;C:\Program Files\Java\jdk-21\bin\server

VM Arguments:
java_command: C:\Users\raque\AppData\Local\Temp\surefire16194452322787873933\surefirebooter-20251208233855020_3.jar C:\Users\raque\AppData\Local\Temp\surefire16194452322787873933 2025-12-08T23-38-54_824-jvmRun1 surefire-20251208233855020_1tmp surefire_0-20251208233855020_2tmp
java_class_path (initial): C:\Users\raque\AppData\Local\Temp\surefire16194452322787873933\surefirebooter-20251208233855020_3.jar
Launcher Type: SUN_STANDARD

[Global flags]
     intx CICompilerCount                          = 4                                         {product} {ergonomic}
     uint ConcGCThreads                            = 2                                         {product} {ergonomic}
     uint G1ConcRefinementThreads                  = 8                                         {product} {ergonomic}
   size_t G1HeapRegionSize                         = 2097152                                   {product} {ergonomic}
    uintx GCDrainStackTargetSize                   = 64                                        {product} {ergonomic}
   size_t InitialHeapSize                          = 266338304                                 {product} {ergonomic}
   size_t MarkStackSize                            = 4194304                                   {product} {ergonomic}
   size_t MaxHeapSize                              = 4238344192                                {product} {ergonomic}
   size_t MaxNewSize                               = 2541748224                                {product} {ergonomic}
   size_t MinHeapDeltaBytes                        = 2097152                                   {product} {ergonomic}
   size_t MinHeapSize                              = 8388608                                   {product} {ergonomic}
    uintx NonNMethodCodeHeapSize                   = 5839372                                {pd product} {ergonomic}
    uintx NonProfiledCodeHeapSize                  = 122909434                              {pd product} {ergonomic}
    uintx ProfiledCodeHeapSize                     = 122909434                              {pd product} {ergonomic}
    uintx ReservedCodeCacheSize                    = 251658240                              {pd product} {ergonomic}
     bool SegmentedCodeCache                       = true                                      {product} {ergonomic}
   size_t SoftMaxHeapSize                          = 4238344192                             {manageable} {ergonomic}
     bool UseCompressedOops                        = true                           {product lp64_product} {ergonomic}
     bool UseG1GC                                  = true                                      {product} {ergonomic}
     bool UseLargePagesIndividualAllocation        = false                                  {pd product} {ergonomic}

Logging:
Log output configuration:
 #0: stdout all=warning uptime,level,tags foldmultilines=false
 #1: stderr all=off uptime,level,tags foldmultilines=false

Environment Variables:
JAVA_HOME=C:\Program Files\Java\jdk-21
PATH=C:\Program Files\Common Files\Oracle\Java\javapath;C:\Program Files (x86)\VMware\VMware Workstation\bin\;C:\Windows\system32;C:\Windows;C:\Windows\System32\Wbem;C:\Windows\System32\WindowsPowerShell\v1.0\;C:\Windows\System32\OpenSSH\;C:\Program Files (x86)\NVIDIA Corporation\PhysX\Common;C:\Program Files\Intel\WiFi\bin\;C:\Program Files\Common Files\Intel\WirelessCommon\;C:\WINDOWS\system32;C:\WINDOWS;C:\WINDOWS\System32\Wbem;C:\WINDOWS\System32\WindowsPowerShell\v1.0\;C:\WINDOWS\System32\OpenSSH\;C:\Program Files\Git\cmd;C:\Program Files\MySQL\MySQL Shell 8.0\bin\;C:\Users\raque\AppData\Local\Programs\Python\Python311\Scripts\;C:\Users\raque\AppData\Local\Programs\Python\Python311\;C:\Users\raque\AppData\Local\Programs\Python\Launcher\;C:\Users\raque\AppData\Local\Microsoft\WindowsApps;C:\Users\raque\AppData\Local\Programs\Microsoft VS Code\bin;C:\Program Files (x86)\Nmap;C:\Users\raque\AppData\Local\GitHubDesktop\bin;C:\Users\raque\OneDrive\Documents\apache-maven-3.9.11-bin;
USERNAME=raque
OS=Windows_NT
PROCESSOR_IDENTIFIER=Intel64 Family 6 Model 142 Stepping 11, GenuineIntel
TMP=C:\Users\raque\AppData\Local\Temp
TEMP=C:\Users\raque\AppData\Local\Temp




Periodic native trim disabled

---------------  S Y S T E M  ---------------

OS:
 Windows 11 , 64 bit Build 22621 (10.0.22621.5415)
OS uptime: 0 days 5:15 hours

CPU: total 8 (initial active 8) (4 cores per cpu, 2 threads per core) family 6 model 142 stepping 11 microcode 0xde, cx8, cmov, fxsr, ht, mmx, 3dnowpref, sse, sse2, sse3, ssse3, sse4.1, sse4.2, popcnt, lzcnt, tsc, tscinvbit, avx, avx2, aes, erms, clmul, bmi1, bmi2, adx, fma, vzeroupper, clflush, clflushopt, rdtscp, f16c
Processor Information for all 8 processors :
  Max Mhz: 1992, Current Mhz: 1792, Mhz Limit: 1792

Memory: 4k page, system-wide physical 16166M (3107M free)
TotalPageFile size 18820M (AvailPageFile size 6M)
current process WorkingSet (physical memory assigned to process): 107M, peak: 107M
current process commit charge ("private bytes"): 370M, peak: 370M

vm_info: Java HotSpot(TM) 64-Bit Server VM (21.0.2+13-LTS-58) for windows-amd64 JRE (21.0.2+13-LTS-58), built on 2024-01-05T18:32:24Z by "mach5one" with MS VC++ 17.1 (VS2022)

END.
