#
# There is insufficient memory for the Java Runtime Environment to continue.
# Native memory allocation (malloc) failed to allocate 3799856 bytes for Chunk::new
# Possible reasons:
#   The system is out of physical RAM or swap space
#   The process is running with CompressedOops enabled, and the Java Heap may be blocking the growth of the native heap
# Possible solutions:
#   Reduce memory load on the system
#   Increase physical memory or swap space
#   Check if swap backing store is full
#   Decrease Java heap size (-Xmx/-Xms)
#   Decrease number of Java threads
#   Decrease Java thread stack sizes (-Xss)
#   Set larger code cache with -XX:ReservedCodeCacheSize=
#   JVM is running with Zero Based Compressed Oops mode in which the Java heap is
#     placed in the first 32GB address space. The Java Heap base address is the
#     maximum limit for the native heap growth. Please use -XX:HeapBaseMinAddress
#     to set the Java Heap base and to place the Java Heap above 32GB virtual address.
# This output file may be truncated or incomplete.
#
#  Out of Memory Error (arena.cpp:168), pid=7616, tid=9280
#
# JRE version: Java(TM) SE Runtime Environment (21.0.2+13) (build 21.0.2+13-LTS-58)
# Java VM: Java HotSpot(TM) 64-Bit Server VM (21.0.2+13-LTS-58, mixed mode, sharing, tiered, compressed oops, compressed class ptrs, g1 gc, windows-amd64)
# No core dump will be written. Minidumps are not enabled by default on client versions of Windows
#

---------------  S U M M A R Y ------------

Command Line: -Dclassworlds.conf=C:\Program Files\NetBeans-20\netbeans\java\maven\bin\m2.conf -Dmaven.home=C:\Program Files\NetBeans-20\netbeans\java\maven -Dlibrary.jansi.path=C:\Program Files\NetBeans-20\netbeans\java\maven\lib\jansi-native -Dmaven.multiModuleProjectDirectory=C:\Users\raque\OneDrive\Documents\GitHub\FloristeriaVillaFlor\Updated Floristeria\Floristeria-VillaFlor\RaquelVillaFlor org.codehaus.plexus.classworlds.launcher.Launcher -Dmaven.ext.class.path=C:\Program Files\NetBeans-20\netbeans\java\maven-nblib\netbeans-eventspy.jar --no-transfer-progress clean install

Host: Intel(R) Core(TM) i7-8565U CPU @ 1.80GHz, 8 cores, 15G,  Windows 11 , 64 bit Build 22621 (10.0.22621.5415)
Time: Mon Dec  8 17:36:27 2025 Central America Standard Time elapsed time: 9.164823 seconds (0d 0h 0m 9s)

---------------  T H R E A D  ---------------

Current thread (0x000001da7f0c2170):  JavaThread "C2 CompilerThread0" daemon [_thread_in_native, id=9280, stack(0x00000038b8100000,0x00000038b8200000) (1024K)]


Current CompileTask:
C2:   9164 9079   !   4       org.codehaus.plexus.classworlds.realm.ClassRealm::loadClass (33 bytes)

Stack: [0x00000038b8100000,0x00000038b8200000]
Native frames: (J=compiled Java code, j=interpreted, Vv=VM code, C=native code)
V  [jvm.dll+0x6cade9]
V  [jvm.dll+0x8569c1]
V  [jvm.dll+0x858d2e]
V  [jvm.dll+0x859413]
V  [jvm.dll+0x280e56]
V  [jvm.dll+0xc3f3d]
V  [jvm.dll+0xc4473]
V  [jvm.dll+0x2f437f]
V  [jvm.dll+0x5f5056]
V  [jvm.dll+0x252d7f]
V  [jvm.dll+0x25315f]
V  [jvm.dll+0x24b8e0]
V  [jvm.dll+0x2490a3]
V  [jvm.dll+0x1c9634]
V  [jvm.dll+0x258859]
V  [jvm.dll+0x256e3a]
V  [jvm.dll+0x3ef6c6]
V  [jvm.dll+0x7ff568]
V  [jvm.dll+0x6c953d]
C  [ucrtbase.dll+0x29333]
C  [KERNEL32.DLL+0x1259d]
C  [ntdll.dll+0x5af78]


---------------  P R O C E S S  ---------------

Threads class SMR info:
_java_thread_list=0x000001da477e4670, length=19, elements={
0x000001da61fcf8a0, 0x000001da7f0ac7b0, 0x000001da7f0ad6d0, 0x000001da7f0b28b0,
0x000001da7f0b47b0, 0x000001da7f0b5210, 0x000001da7f0b5da0, 0x000001da7f0c2170,
0x000001da7f0c2d40, 0x000001da7f31a6b0, 0x000001da7f31ad20, 0x000001da7f389f20,
0x000001da7fd50e10, 0x000001da49ce3040, 0x000001da4bed3290, 0x000001da48c0d2d0,
0x000001da477c9910, 0x000001da47254810, 0x000001da498198f0
}

Java Threads: ( => current thread )
  0x000001da61fcf8a0 JavaThread "main"                              [_thread_in_native, id=21268, stack(0x00000038b7300000,0x00000038b7400000) (1024K)]
  0x000001da7f0ac7b0 JavaThread "Reference Handler"          daemon [_thread_blocked, id=15536, stack(0x00000038b7b00000,0x00000038b7c00000) (1024K)]
  0x000001da7f0ad6d0 JavaThread "Finalizer"                  daemon [_thread_blocked, id=14212, stack(0x00000038b7c00000,0x00000038b7d00000) (1024K)]
  0x000001da7f0b28b0 JavaThread "Signal Dispatcher"          daemon [_thread_blocked, id=8548, stack(0x00000038b7d00000,0x00000038b7e00000) (1024K)]
  0x000001da7f0b47b0 JavaThread "Attach Listener"            daemon [_thread_blocked, id=10544, stack(0x00000038b7e00000,0x00000038b7f00000) (1024K)]
  0x000001da7f0b5210 JavaThread "Service Thread"             daemon [_thread_blocked, id=12868, stack(0x00000038b7f00000,0x00000038b8000000) (1024K)]
  0x000001da7f0b5da0 JavaThread "Monitor Deflation Thread"   daemon [_thread_blocked, id=12432, stack(0x00000038b8000000,0x00000038b8100000) (1024K)]
=>0x000001da7f0c2170 JavaThread "C2 CompilerThread0"         daemon [_thread_in_native, id=9280, stack(0x00000038b8100000,0x00000038b8200000) (1024K)]
  0x000001da7f0c2d40 JavaThread "C1 CompilerThread0"         daemon [_thread_in_native, id=7996, stack(0x00000038b8200000,0x00000038b8300000) (1024K)]
  0x000001da7f31a6b0 JavaThread "Notification Thread"        daemon [_thread_blocked, id=20068, stack(0x00000038b8300000,0x00000038b8400000) (1024K)]
  0x000001da7f31ad20 JavaThread "Common-Cleaner"             daemon [_thread_blocked, id=4092, stack(0x00000038b8400000,0x00000038b8500000) (1024K)]
  0x000001da7f389f20 JavaThread "C2 CompilerThread1"         daemon [_thread_in_native, id=12200, stack(0x00000038b8500000,0x00000038b8600000) (1024K)]
  0x000001da7fd50e10 JavaThread "C2 CompilerThread2"         daemon [_thread_in_native, id=7176, stack(0x00000038b8600000,0x00000038b8700000) (1024K)]
  0x000001da49ce3040 JavaThread "timeout-check-timer"        daemon [_thread_blocked, id=15848, stack(0x00000038b8f00000,0x00000038b9000000) (1024K)]
  0x000001da4bed3290 JavaThread "ping-timer-10s"             daemon [_thread_blocked, id=17964, stack(0x00000038b9000000,0x00000038b9100000) (1024K)]
  0x000001da48c0d2d0 JavaThread "ThreadedStreamConsumer"     daemon [_thread_blocked, id=11500, stack(0x00000038b9100000,0x00000038b9200000) (1024K)]
  0x000001da477c9910 JavaThread "fork-1-err-thread"          daemon [_thread_in_native, id=2428, stack(0x00000038b9200000,0x00000038b9300000) (1024K)]
  0x000001da47254810 JavaThread "commands-fork-1"            daemon [_thread_blocked, id=19764, stack(0x00000038b9300000,0x00000038b9400000) (1024K)]
  0x000001da498198f0 Thread "Unknown thread"                        [id=17160, stack(0x00000038b9400000,0x00000038b9500000) (1024K)]
Total: 19

Other Threads:
  0x000001da5fdef860 VMThread "VM Thread"                           [id=17136, stack(0x00000038b7a00000,0x00000038b7b00000) (1024K)]
  0x000001da7f076d70 WatcherThread "VM Periodic Task Thread"        [id=8832, stack(0x00000038b7900000,0x00000038b7a00000) (1024K)]
  0x000001da5fdee640 WorkerThread "GC Thread#0"                     [id=2720, stack(0x00000038b7400000,0x00000038b7500000) (1024K)]
  0x000001da5fdefc00 WorkerThread "GC Thread#1"                     [id=20144, stack(0x00000038b8700000,0x00000038b8800000) (1024K)]
  0x000001da5fdeffa0 WorkerThread "GC Thread#2"                     [id=19532, stack(0x00000038b8800000,0x00000038b8900000) (1024K)]
  0x000001da471e3f10 WorkerThread "GC Thread#3"                     [id=16740, stack(0x00000038b8900000,0x00000038b8a00000) (1024K)]
  0x000001da471e4d90 WorkerThread "GC Thread#4"                     [id=15592, stack(0x00000038b8a00000,0x00000038b8b00000) (1024K)]
  0x000001da471e42b0 WorkerThread "GC Thread#5"                     [id=10280, stack(0x00000038b8b00000,0x00000038b8c00000) (1024K)]
  0x000001da471e5130 WorkerThread "GC Thread#6"                     [id=4320, stack(0x00000038b8c00000,0x00000038b8d00000) (1024K)]
  0x000001da471e37d0 WorkerThread "GC Thread#7"                     [id=12840, stack(0x00000038b8d00000,0x00000038b8e00000) (1024K)]
  0x000001da62044150 ConcurrentGCThread "G1 Main Marker"            [id=8688, stack(0x00000038b7500000,0x00000038b7600000) (1024K)]
  0x000001da5fdee9e0 WorkerThread "G1 Conc#0"                       [id=2336, stack(0x00000038b7600000,0x00000038b7700000) (1024K)]
  0x000001da476728e0 WorkerThread "G1 Conc#1"                       [id=11804, stack(0x00000038b8e00000,0x00000038b8f00000) (1024K)]
  0x000001da6208ea00 ConcurrentGCThread "G1 Refine#0"               [id=15036, stack(0x00000038b7700000,0x00000038b7800000) (1024K)]
  0x000001da7ef49b80 ConcurrentGCThread "G1 Service"                [id=18888, stack(0x00000038b7800000,0x00000038b7900000) (1024K)]
Total: 15

Threads with active compile tasks:
C2 CompilerThread0     9191 9079   !   4       org.codehaus.plexus.classworlds.realm.ClassRealm::loadClass (33 bytes)
C2 CompilerThread1     9191 9077   !   4       java.lang.ClassLoader::loadClass (121 bytes)
C2 CompilerThread2     9191 9078       4       org.codehaus.plexus.classworlds.realm.ClassRealm::loadClass (7 bytes)
Total: 3

VM state: not at safepoint (normal execution)

VM Mutex/Monitor currently owned by a thread: None

OutOfMemory and StackOverflow Exception counts:
OutOfMemoryError java_heap_errors=1
LinkageErrors=76

Heap address: 0x0000000703600000, size: 4042 MB, Compressed Oops mode: Zero based, Oop shift amount: 3

CDS archive(s) mapped at: [0x000001da02000000-0x000001da02c90000-0x000001da02c90000), size 13172736, SharedBaseAddress: 0x000001da02000000, ArchiveRelocationMode: 1.
Compressed class space mapped at: 0x000001da03000000-0x000001da43000000, reserved size: 1073741824
Narrow klass base: 0x000001da02000000, Narrow klass shift: 0, Narrow klass range: 0x100000000

GC Precious Log:
 CardTable entry size: 512
 Card Set container configuration: InlinePtr #cards 4 size 8 Array Of Cards #cards 16 size 48 Howl #buckets 8 coarsen threshold 3686 Howl Bitmap #cards 512 size 80 coarsen threshold 460 Card regions per heap region 1 cards per card region 4096
 CPUs: 8 total, 8 available
 Memory: 16166M
 Large Page Support: Disabled
 NUMA Support: Disabled
 Compressed Oops: Enabled (Zero based)
 Heap Region Size: 2M
 Heap Min Capacity: 8M
 Heap Initial Capacity: 254M
 Heap Max Capacity: 4042M
 Pre-touch: Disabled
 Parallel Workers: 8
 Concurrent Workers: 2
 Concurrent Refinement Workers: 8
 Periodic GC: Disabled

Heap:
 garbage-first heap   total 159744K, used 70422K [0x0000000703600000, 0x0000000800000000)
  region size 2048K, 6 young (12288K), 2 survivors (4096K)
 Metaspace       used 35119K, committed 35968K, reserved 1114112K
  class space    used 3919K, committed 4224K, reserved 1048576K

Heap Regions: E=young(eden), S=young(survivor), O=old, HS=humongous(starts), HC=humongous(continues), CS=collection set, F=free, TAMS=top-at-mark-start, PB=parsable bottom
|   0|0x0000000703600000, 0x0000000703800000, 0x0000000703800000|100%| O|  |TAMS 0x0000000703600000| PB 0x0000000703600000| Untracked 
|   1|0x0000000703800000, 0x0000000703a00000, 0x0000000703a00000|100%| O|  |TAMS 0x0000000703800000| PB 0x0000000703800000| Untracked 
|   2|0x0000000703a00000, 0x0000000703c00000, 0x0000000703c00000|100%| O|Cm|TAMS 0x0000000703a00000| PB 0x0000000703a00000| Complete 
|   3|0x0000000703c00000, 0x0000000703e00000, 0x0000000703e00000|100%| O|Cm|TAMS 0x0000000703c00000| PB 0x0000000703c00000| Complete 
|   4|0x0000000703e00000, 0x0000000704000000, 0x0000000704000000|100%|HS|  |TAMS 0x0000000703e00000| PB 0x0000000703e00000| Complete 
|   5|0x0000000704000000, 0x0000000704200000, 0x0000000704200000|100%|HC|  |TAMS 0x0000000704000000| PB 0x0000000704000000| Complete 
|   6|0x0000000704200000, 0x0000000704400000, 0x0000000704400000|100%| O|  |TAMS 0x0000000704200000| PB 0x0000000704200000| Untracked 
|   7|0x0000000704400000, 0x0000000704600000, 0x0000000704600000|100%| O|  |TAMS 0x0000000704400000| PB 0x0000000704400000| Untracked 
|   8|0x0000000704600000, 0x0000000704800000, 0x0000000704800000|100%| O|  |TAMS 0x0000000704600000| PB 0x0000000704600000| Untracked 
|   9|0x0000000704800000, 0x0000000704a00000, 0x0000000704a00000|100%| O|  |TAMS 0x0000000704800000| PB 0x0000000704800000| Untracked 
|  10|0x0000000704a00000, 0x0000000704c00000, 0x0000000704c00000|100%| O|  |TAMS 0x0000000704a00000| PB 0x0000000704a00000| Untracked 
|  11|0x0000000704c00000, 0x0000000704e00000, 0x0000000704e00000|100%| O|  |TAMS 0x0000000704c00000| PB 0x0000000704c00000| Untracked 
|  12|0x0000000704e00000, 0x0000000705000000, 0x0000000705000000|100%| O|  |TAMS 0x0000000704e00000| PB 0x0000000704e00000| Untracked 
|  13|0x0000000705000000, 0x0000000705200000, 0x0000000705200000|100%| O|  |TAMS 0x0000000705000000| PB 0x0000000705000000| Untracked 
|  14|0x0000000705200000, 0x0000000705400000, 0x0000000705400000|100%| O|Cm|TAMS 0x0000000705200000| PB 0x0000000705200000| Complete 
|  15|0x0000000705400000, 0x0000000705600000, 0x0000000705600000|100%| O|Cm|TAMS 0x0000000705400000| PB 0x0000000705400000| Complete 
|  16|0x0000000705600000, 0x0000000705800000, 0x0000000705800000|100%| O|Cm|TAMS 0x0000000705600000| PB 0x0000000705600000| Complete 
|  17|0x0000000705800000, 0x0000000705a00000, 0x0000000705a00000|100%| O|Cm|TAMS 0x0000000705800000| PB 0x0000000705800000| Complete 
|  18|0x0000000705a00000, 0x0000000705c00000, 0x0000000705c00000|100%| O|Cm|TAMS 0x0000000705a00000| PB 0x0000000705a00000| Complete 
|  19|0x0000000705c00000, 0x0000000705e00000, 0x0000000705e00000|100%| O|Cm|TAMS 0x0000000705c00000| PB 0x0000000705c00000| Complete 
|  20|0x0000000705e00000, 0x0000000706000000, 0x0000000706000000|100%| O|Cm|TAMS 0x0000000705e00000| PB 0x0000000705e00000| Complete 
|  21|0x0000000706000000, 0x0000000706200000, 0x0000000706200000|100%|HS|  |TAMS 0x0000000706000000| PB 0x0000000706000000| Complete 
|  22|0x0000000706200000, 0x0000000706400000, 0x0000000706400000|100%|HC|  |TAMS 0x0000000706200000| PB 0x0000000706200000| Complete 
|  23|0x0000000706400000, 0x0000000706600000, 0x0000000706600000|100%| O|  |TAMS 0x0000000706400000| PB 0x0000000706400000| Untracked 
|  24|0x0000000706600000, 0x0000000706600000, 0x0000000706800000|  0%| F|  |TAMS 0x0000000706600000| PB 0x0000000706600000| Untracked 
|  25|0x0000000706800000, 0x0000000706800000, 0x0000000706a00000|  0%| F|  |TAMS 0x0000000706800000| PB 0x0000000706800000| Untracked 
|  26|0x0000000706a00000, 0x0000000706a00000, 0x0000000706c00000|  0%| F|  |TAMS 0x0000000706a00000| PB 0x0000000706a00000| Untracked 
|  27|0x0000000706c00000, 0x0000000706c00000, 0x0000000706e00000|  0%| F|  |TAMS 0x0000000706c00000| PB 0x0000000706c00000| Untracked 
|  28|0x0000000706e00000, 0x0000000706e00000, 0x0000000707000000|  0%| F|  |TAMS 0x0000000706e00000| PB 0x0000000706e00000| Untracked 
|  29|0x0000000707000000, 0x0000000707200000, 0x0000000707200000|100%| O|  |TAMS 0x0000000707000000| PB 0x0000000707000000| Untracked 
|  30|0x0000000707200000, 0x0000000707400000, 0x0000000707400000|100%| O|Cm|TAMS 0x0000000707200000| PB 0x0000000707200000| Complete 
|  31|0x0000000707400000, 0x00000007075ea820, 0x0000000707600000| 95%| O|  |TAMS 0x0000000707400000| PB 0x0000000707400000| Untracked 
|  32|0x0000000707600000, 0x0000000707600000, 0x0000000707800000|  0%| F|  |TAMS 0x0000000707600000| PB 0x0000000707600000| Untracked 
|  33|0x0000000707800000, 0x0000000707800000, 0x0000000707a00000|  0%| F|  |TAMS 0x0000000707800000| PB 0x0000000707800000| Untracked 
|  34|0x0000000707a00000, 0x0000000707a00000, 0x0000000707c00000|  0%| F|  |TAMS 0x0000000707a00000| PB 0x0000000707a00000| Untracked 
|  35|0x0000000707c00000, 0x0000000707c00000, 0x0000000707e00000|  0%| F|  |TAMS 0x0000000707c00000| PB 0x0000000707c00000| Untracked 
|  36|0x0000000707e00000, 0x0000000707e00000, 0x0000000708000000|  0%| F|  |TAMS 0x0000000707e00000| PB 0x0000000707e00000| Untracked 
|  37|0x0000000708000000, 0x0000000708000000, 0x0000000708200000|  0%| F|  |TAMS 0x0000000708000000| PB 0x0000000708000000| Untracked 
|  38|0x0000000708200000, 0x0000000708200000, 0x0000000708400000|  0%| F|  |TAMS 0x0000000708200000| PB 0x0000000708200000| Untracked 
|  39|0x0000000708400000, 0x0000000708400000, 0x0000000708600000|  0%| F|  |TAMS 0x0000000708400000| PB 0x0000000708400000| Untracked 
|  40|0x0000000708600000, 0x0000000708600000, 0x0000000708800000|  0%| F|  |TAMS 0x0000000708600000| PB 0x0000000708600000| Untracked 
|  41|0x0000000708800000, 0x0000000708800000, 0x0000000708a00000|  0%| F|  |TAMS 0x0000000708800000| PB 0x0000000708800000| Untracked 
|  42|0x0000000708a00000, 0x0000000708a00000, 0x0000000708c00000|  0%| F|  |TAMS 0x0000000708a00000| PB 0x0000000708a00000| Untracked 
|  43|0x0000000708c00000, 0x0000000708c00000, 0x0000000708e00000|  0%| F|  |TAMS 0x0000000708c00000| PB 0x0000000708c00000| Untracked 
|  44|0x0000000708e00000, 0x0000000708e00000, 0x0000000709000000|  0%| F|  |TAMS 0x0000000708e00000| PB 0x0000000708e00000| Untracked 
|  45|0x0000000709000000, 0x0000000709000000, 0x0000000709200000|  0%| F|  |TAMS 0x0000000709000000| PB 0x0000000709000000| Untracked 
|  46|0x0000000709200000, 0x0000000709200000, 0x0000000709400000|  0%| F|  |TAMS 0x0000000709200000| PB 0x0000000709200000| Untracked 
|  47|0x0000000709400000, 0x0000000709400000, 0x0000000709600000|  0%| F|  |TAMS 0x0000000709400000| PB 0x0000000709400000| Untracked 
|  48|0x0000000709600000, 0x0000000709600000, 0x0000000709800000|  0%| F|  |TAMS 0x0000000709600000| PB 0x0000000709600000| Untracked 
|  49|0x0000000709800000, 0x00000007098db0e0, 0x0000000709a00000| 42%| S|CS|TAMS 0x0000000709800000| PB 0x0000000709800000| Complete 
|  50|0x0000000709a00000, 0x0000000709c00000, 0x0000000709c00000|100%| S|CS|TAMS 0x0000000709a00000| PB 0x0000000709a00000| Complete 
|  51|0x0000000709c00000, 0x0000000709c00000, 0x0000000709e00000|  0%| F|  |TAMS 0x0000000709c00000| PB 0x0000000709c00000| Untracked 
|  52|0x0000000709e00000, 0x0000000709e00000, 0x000000070a000000|  0%| F|  |TAMS 0x0000000709e00000| PB 0x0000000709e00000| Untracked 
|  53|0x000000070a000000, 0x000000070a000000, 0x000000070a200000|  0%| F|  |TAMS 0x000000070a000000| PB 0x000000070a000000| Untracked 
|  54|0x000000070a200000, 0x000000070a200000, 0x000000070a400000|  0%| F|  |TAMS 0x000000070a200000| PB 0x000000070a200000| Untracked 
|  55|0x000000070a400000, 0x000000070a400000, 0x000000070a600000|  0%| F|  |TAMS 0x000000070a400000| PB 0x000000070a400000| Untracked 
|  56|0x000000070a600000, 0x000000070a600000, 0x000000070a800000|  0%| F|  |TAMS 0x000000070a600000| PB 0x000000070a600000| Untracked 
|  57|0x000000070a800000, 0x000000070a800000, 0x000000070aa00000|  0%| F|  |TAMS 0x000000070a800000| PB 0x000000070a800000| Untracked 
|  58|0x000000070aa00000, 0x000000070aa00000, 0x000000070ac00000|  0%| F|  |TAMS 0x000000070aa00000| PB 0x000000070aa00000| Untracked 
|  59|0x000000070ac00000, 0x000000070ac00000, 0x000000070ae00000|  0%| F|  |TAMS 0x000000070ac00000| PB 0x000000070ac00000| Untracked 
|  60|0x000000070ae00000, 0x000000070ae00000, 0x000000070b000000|  0%| F|  |TAMS 0x000000070ae00000| PB 0x000000070ae00000| Untracked 
|  61|0x000000070b000000, 0x000000070b000000, 0x000000070b200000|  0%| F|  |TAMS 0x000000070b000000| PB 0x000000070b000000| Untracked 
|  62|0x000000070b200000, 0x000000070b200000, 0x000000070b400000|  0%| F|  |TAMS 0x000000070b200000| PB 0x000000070b200000| Untracked 
|  63|0x000000070b400000, 0x000000070b400000, 0x000000070b600000|  0%| F|  |TAMS 0x000000070b400000| PB 0x000000070b400000| Untracked 
|  64|0x000000070b600000, 0x000000070b600000, 0x000000070b800000|  0%| F|  |TAMS 0x000000070b600000| PB 0x000000070b600000| Untracked 
|  65|0x000000070b800000, 0x000000070b800000, 0x000000070ba00000|  0%| F|  |TAMS 0x000000070b800000| PB 0x000000070b800000| Untracked 
|  66|0x000000070ba00000, 0x000000070ba00000, 0x000000070bc00000|  0%| F|  |TAMS 0x000000070ba00000| PB 0x000000070ba00000| Untracked 
|  67|0x000000070bc00000, 0x000000070bc00000, 0x000000070be00000|  0%| F|  |TAMS 0x000000070bc00000| PB 0x000000070bc00000| Untracked 
|  68|0x000000070be00000, 0x000000070be00000, 0x000000070c000000|  0%| F|  |TAMS 0x000000070be00000| PB 0x000000070be00000| Untracked 
|  69|0x000000070c000000, 0x000000070c000000, 0x000000070c200000|  0%| F|  |TAMS 0x000000070c000000| PB 0x000000070c000000| Untracked 
|  70|0x000000070c200000, 0x000000070c200000, 0x000000070c400000|  0%| F|  |TAMS 0x000000070c200000| PB 0x000000070c200000| Untracked 
|  71|0x000000070c400000, 0x000000070c4b9980, 0x000000070c600000| 36%| E|  |TAMS 0x000000070c400000| PB 0x000000070c400000| Complete 
| 123|0x0000000712c00000, 0x0000000712e00000, 0x0000000712e00000|100%| E|CS|TAMS 0x0000000712c00000| PB 0x0000000712c00000| Complete 
| 124|0x0000000712e00000, 0x0000000713000000, 0x0000000713000000|100%| E|CS|TAMS 0x0000000712e00000| PB 0x0000000712e00000| Complete 
| 126|0x0000000713200000, 0x0000000713400000, 0x0000000713400000|100%| E|CS|TAMS 0x0000000713200000| PB 0x0000000713200000| Complete 
|2018|0x00000007ffa00000, 0x00000007ffc00000, 0x00000007ffc00000|100%| O|Cm|TAMS 0x00000007ffa00000| PB 0x00000007ffa00000| Complete 
|2019|0x00000007ffc00000, 0x00000007ffe00000, 0x00000007ffe00000|100%| O|  |TAMS 0x00000007ffc00000| PB 0x00000007ffc00000| Untracked 
|2020|0x00000007ffe00000, 0x0000000800000000, 0x0000000800000000|100%| O|  |TAMS 0x00000007ffe00000| PB 0x00000007ffe00000| Untracked 

Card table byte_map: [0x000001da79f50000,0x000001da7a740000] _byte_map_base: 0x000001da76735000

Marking Bits: (CMBitMap*) 0x000001da62033a30
 Bits: [0x000001da7a740000, 0x000001da7e668000)

Polling page: 0x000001da5ff10000

Metaspace:

Usage:
  Non-class:     30.47 MB used.
      Class:      3.83 MB used.
       Both:     34.30 MB used.

Virtual space:
  Non-class space:       64.00 MB reserved,      31.00 MB ( 48%) committed,  1 nodes.
      Class space:        1.00 GB reserved,       4.12 MB ( <1%) committed,  1 nodes.
             Both:        1.06 GB reserved,      35.12 MB (  3%) committed. 

Chunk freelists:
   Non-Class:  16.88 MB
       Class:  11.95 MB
        Both:  28.83 MB

MaxMetaspaceSize: unlimited
CompressedClassSpaceSize: 1.00 GB
Initial GC threshold: 21.00 MB
Current GC threshold: 58.12 MB
CDS: on
 - commit_granule_bytes: 65536.
 - commit_granule_words: 8192.
 - virtual_space_node_default_size: 8388608.
 - enlarge_chunks_in_place: 1.
 - use_allocation_guard: 0.


Internal statistics:

num_allocs_failed_limit: 8.
num_arena_births: 586.
num_arena_deaths: 6.
num_vsnodes_births: 2.
num_vsnodes_deaths: 0.
num_space_committed: 576.
num_space_uncommitted: 6.
num_chunks_returned_to_freelist: 118.
num_chunks_taken_from_freelist: 2009.
num_chunk_merges: 22.
num_chunk_splits: 1368.
num_chunks_enlarged: 1028.
num_inconsistent_stats: 0.

CodeHeap 'non-profiled nmethods': size=120000Kb used=4951Kb max_used=5723Kb free=115048Kb
 bounds [0x000001da71f00000, 0x000001da724a0000, 0x000001da79430000]
CodeHeap 'profiled nmethods': size=120000Kb used=17749Kb max_used=20741Kb free=102251Kb
 bounds [0x000001da6a430000, 0x000001da6b880000, 0x000001da71960000]
CodeHeap 'non-nmethods': size=5760Kb used=1520Kb max_used=1635Kb free=4239Kb
 bounds [0x000001da71960000, 0x000001da71bd0000, 0x000001da71f00000]
 total_blobs=8654 nmethods=8063 adapters=495
 compilation: enabled
              stopped_count=0, restarted_count=0
 full_count=0

Compilation events (20 events):
Event: 8.389 Thread 0x000001da7f0c2170 nmethod 9113 0x000001da7228f890 code [0x000001da7228fa20, 0x000001da7228faf0]
Event: 8.389 Thread 0x000001da7f0c2170 9082       4       java.util.BitSet::checkInvariants (111 bytes)
Event: 8.389 Thread 0x000001da7f0c2170 nmethod 9082 0x000001da722a1210 code [0x000001da722a13a0, 0x000001da722a1428]
Event: 8.389 Thread 0x000001da7f0c2170 9081       4       java.util.BitSet::get (69 bytes)
Event: 8.390 Thread 0x000001da7f0c2170 nmethod 9081 0x000001da722e4610 code [0x000001da722e47a0, 0x000001da722e48e8]
Event: 8.390 Thread 0x000001da7f0c2170 9084       4       java.util.regex.Pattern$Node::<init> (12 bytes)
Event: 8.391 Thread 0x000001da7f0c2170 nmethod 9084 0x000001da71f27c90 code [0x000001da71f27e20, 0x000001da71f27f98]
Event: 8.391 Thread 0x000001da7f0c2170 9101       4       java.util.regex.Pattern$Node::study (21 bytes)
Event: 8.392 Thread 0x000001da7f0c2170 nmethod 9101 0x000001da71f50690 code [0x000001da71f50820, 0x000001da71f508f8]
Event: 8.392 Thread 0x000001da7f0c2170 9095       4       java.util.regex.Matcher::checkMatch (19 bytes)
Event: 8.392 Thread 0x000001da7f0c2170 nmethod 9095 0x000001da722a7910 code [0x000001da722a7aa0, 0x000001da722a7b48]
Event: 8.392 Thread 0x000001da7f0c2170 9079   !   4       org.codehaus.plexus.classworlds.realm.ClassRealm::loadClass (33 bytes)
Event: 8.706 Thread 0x000001da7f0c2d40 9149       3       sun.invoke.util.VerifyAccess::isModuleAccessible (97 bytes)
Event: 8.707 Thread 0x000001da7f0c2d40 nmethod 9149 0x000001da6a530a10 code [0x000001da6a530ce0, 0x000001da6a5319b0]
Event: 8.707 Thread 0x000001da7f0c2d40 9150       3       java.lang.String::codePointAt (50 bytes)
Event: 8.707 Thread 0x000001da7f0c2d40 nmethod 9150 0x000001da6a464a10 code [0x000001da6a464c00, 0x000001da6a465068]
Event: 8.708 Thread 0x000001da7f0c2d40 9151       3       java.io.FilterOutputStream::write (34 bytes)
Event: 8.708 Thread 0x000001da7f0c2d40 nmethod 9151 0x000001da6a4cbe90 code [0x000001da6a4cc080, 0x000001da6a4cc4f0]
Event: 9.138 Thread 0x000001da7f0c2d40 9153       1       org.apache.maven.surefire.api.stream.AbstractStreamDecoder$Memento::getByteBuffer (5 bytes)
Event: 9.138 Thread 0x000001da7f0c2d40 nmethod 9153 0x000001da722a9810 code [0x000001da722a99a0, 0x000001da722a9a70]

GC Heap History (20 events):
Event: 0.717 GC heap before
{Heap before GC invocations=0 (full 0):
 garbage-first heap   total 260096K, used 22528K [0x0000000703600000, 0x0000000800000000)
  region size 2048K, 11 young (22528K), 0 survivors (0K)
 Metaspace       used 5711K, committed 5952K, reserved 1114112K
  class space    used 653K, committed 768K, reserved 1048576K
}
Event: 0.721 GC heap after
{Heap after GC invocations=1 (full 0):
 garbage-first heap   total 260096K, used 4016K [0x0000000703600000, 0x0000000800000000)
  region size 2048K, 2 young (4096K), 2 survivors (4096K)
 Metaspace       used 5711K, committed 5952K, reserved 1114112K
  class space    used 653K, committed 768K, reserved 1048576K
}
Event: 1.236 GC heap before
{Heap before GC invocations=1 (full 0):
 garbage-first heap   total 260096K, used 36784K [0x0000000703600000, 0x0000000800000000)
  region size 2048K, 18 young (36864K), 2 survivors (4096K)
 Metaspace       used 10546K, committed 10688K, reserved 1114112K
  class space    used 1255K, committed 1344K, reserved 1048576K
}
Event: 1.240 GC heap after
{Heap after GC invocations=2 (full 0):
 garbage-first heap   total 260096K, used 5964K [0x0000000703600000, 0x0000000800000000)
  region size 2048K, 2 young (4096K), 2 survivors (4096K)
 Metaspace       used 10546K, committed 10688K, reserved 1114112K
  class space    used 1255K, committed 1344K, reserved 1048576K
}
Event: 3.455 GC heap before
{Heap before GC invocations=2 (full 0):
 garbage-first heap   total 260096K, used 163660K [0x0000000703600000, 0x0000000800000000)
  region size 2048K, 76 young (155648K), 2 survivors (4096K)
 Metaspace       used 20378K, committed 20672K, reserved 1114112K
  class space    used 2304K, committed 2432K, reserved 1048576K
}
Event: 3.467 GC heap after
{Heap after GC invocations=3 (full 0):
 garbage-first heap   total 260096K, used 29174K [0x0000000703600000, 0x0000000800000000)
  region size 2048K, 9 young (18432K), 9 survivors (18432K)
 Metaspace       used 20378K, committed 20672K, reserved 1114112K
  class space    used 2304K, committed 2432K, reserved 1048576K
}
Event: 3.514 GC heap before
{Heap before GC invocations=3 (full 0):
 garbage-first heap   total 260096K, used 31222K [0x0000000703600000, 0x0000000800000000)
  region size 2048K, 11 young (22528K), 9 survivors (18432K)
 Metaspace       used 21265K, committed 21504K, reserved 1114112K
  class space    used 2445K, committed 2560K, reserved 1048576K
}
Event: 3.525 GC heap after
{Heap after GC invocations=4 (full 0):
 garbage-first heap   total 260096K, used 27580K [0x0000000703600000, 0x0000000800000000)
  region size 2048K, 2 young (4096K), 2 survivors (4096K)
 Metaspace       used 21265K, committed 21504K, reserved 1114112K
  class space    used 2445K, committed 2560K, reserved 1048576K
}
Event: 4.800 GC heap before
{Heap before GC invocations=5 (full 0):
 garbage-first heap   total 110592K, used 107452K [0x0000000703600000, 0x0000000800000000)
  region size 2048K, 41 young (83968K), 2 survivors (4096K)
 Metaspace       used 28932K, committed 29376K, reserved 1114112K
  class space    used 3254K, committed 3456K, reserved 1048576K
}
Event: 4.811 GC heap after
{Heap after GC invocations=6 (full 0):
 garbage-first heap   total 126976K, used 40488K [0x0000000703600000, 0x0000000800000000)
  region size 2048K, 8 young (16384K), 8 survivors (16384K)
 Metaspace       used 28932K, committed 29376K, reserved 1114112K
  class space    used 3254K, committed 3456K, reserved 1048576K
}
Event: 5.325 GC heap before
{Heap before GC invocations=6 (full 0):
 garbage-first heap   total 126976K, used 97832K [0x0000000703600000, 0x0000000800000000)
  region size 2048K, 36 young (73728K), 8 survivors (16384K)
 Metaspace       used 30010K, committed 30528K, reserved 1114112K
  class space    used 3365K, committed 3584K, reserved 1048576K
}
Event: 5.339 GC heap after
{Heap after GC invocations=7 (full 0):
 garbage-first heap   total 126976K, used 43128K [0x0000000703600000, 0x0000000800000000)
  region size 2048K, 2 young (4096K), 2 survivors (4096K)
 Metaspace       used 30010K, committed 30528K, reserved 1114112K
  class space    used 3365K, committed 3584K, reserved 1048576K
}
Event: 5.966 GC heap before
{Heap before GC invocations=7 (full 0):
 garbage-first heap   total 126976K, used 102520K [0x0000000703600000, 0x0000000800000000)
  region size 2048K, 31 young (63488K), 2 survivors (4096K)
 Metaspace       used 32088K, committed 32576K, reserved 1114112K
  class space    used 3616K, committed 3840K, reserved 1048576K
}
Event: 5.974 GC heap after
{Heap after GC invocations=8 (full 0):
 garbage-first heap   total 126976K, used 43379K [0x0000000703600000, 0x0000000800000000)
  region size 2048K, 2 young (4096K), 2 survivors (4096K)
 Metaspace       used 32088K, committed 32576K, reserved 1114112K
  class space    used 3616K, committed 3840K, reserved 1048576K
}
Event: 6.483 GC heap before
{Heap before GC invocations=8 (full 0):
 garbage-first heap   total 126976K, used 110963K [0x0000000703600000, 0x0000000800000000)
  region size 2048K, 33 young (67584K), 2 survivors (4096K)
 Metaspace       used 32431K, committed 32960K, reserved 1114112K
  class space    used 3629K, committed 3904K, reserved 1048576K
}
Event: 6.505 GC heap after
{Heap after GC invocations=9 (full 0):
 garbage-first heap   total 133120K, used 65450K [0x0000000703600000, 0x0000000800000000)
  region size 2048K, 5 young (10240K), 5 survivors (10240K)
 Metaspace       used 32431K, committed 32960K, reserved 1114112K
  class space    used 3629K, committed 3904K, reserved 1048576K
}
Event: 7.024 GC heap before
{Heap before GC invocations=9 (full 0):
 garbage-first heap   total 133120K, used 106410K [0x0000000703600000, 0x0000000800000000)
  region size 2048K, 25 young (51200K), 5 survivors (10240K)
 Metaspace       used 33922K, committed 34496K, reserved 1114112K
  class space    used 3795K, committed 4032K, reserved 1048576K
}
Event: 7.030 GC heap after
{Heap after GC invocations=10 (full 0):
 garbage-first heap   total 133120K, used 63965K [0x0000000703600000, 0x0000000800000000)
  region size 2048K, 2 young (4096K), 2 survivors (4096K)
 Metaspace       used 33922K, committed 34496K, reserved 1114112K
  class space    used 3795K, committed 4032K, reserved 1048576K
}
Event: 7.288 GC heap before
{Heap before GC invocations=10 (full 0):
 garbage-first heap   total 133120K, used 84445K [0x0000000703600000, 0x0000000800000000)
  region size 2048K, 13 young (26624K), 2 survivors (4096K)
 Metaspace       used 35795K, committed 36416K, reserved 1114112K
  class space    used 3988K, committed 4288K, reserved 1048576K
}
Event: 7.291 GC heap after
{Heap after GC invocations=11 (full 0):
 garbage-first heap   total 159744K, used 64278K [0x0000000703600000, 0x0000000800000000)
  region size 2048K, 2 young (4096K), 2 survivors (4096K)
 Metaspace       used 35795K, committed 36416K, reserved 1114112K
  class space    used 3988K, committed 4288K, reserved 1048576K
}

Dll operation events (8 events):
Event: 0.006 Loaded shared library C:\Program Files\Java\jdk-21\bin\java.dll
Event: 0.095 Loaded shared library C:\Program Files\Java\jdk-21\bin\jsvml.dll
Event: 0.115 Loaded shared library C:\Program Files\Java\jdk-21\bin\net.dll
Event: 0.118 Loaded shared library C:\Program Files\Java\jdk-21\bin\nio.dll
Event: 0.121 Loaded shared library C:\Program Files\Java\jdk-21\bin\zip.dll
Event: 0.283 Loaded shared library C:\Program Files\Java\jdk-21\bin\jimage.dll
Event: 0.293 Loaded shared library C:\Program Files\NetBeans-20\netbeans\java\maven\lib\jansi-native\Windows\x86_64\jansi.dll
Event: 0.306 Loaded shared library C:\Program Files\Java\jdk-21\bin\verify.dll

Deoptimization events (20 events):
Event: 8.706 Thread 0x000001da48c0d2d0 Uncommon trap: trap_request=0xffffffde fr.pc=0x000001da722713e0 relative=0x00000000000001a0
Event: 8.707 Thread 0x000001da48c0d2d0 Uncommon trap: reason=class_check action=maybe_recompile pc=0x000001da722713e0 method=java.util.regex.Pattern.lambda$union$3(Ljava/util/regex/Pattern$CharPredicate;Ljava/util/regex/Pattern$CharPredicate;I)Z @ 12 c2
Event: 8.707 Thread 0x000001da48c0d2d0 DEOPT PACKING pc=0x000001da722713e0 sp=0x00000038b91fdc00
Event: 8.707 Thread 0x000001da48c0d2d0 DEOPT UNPACKING pc=0x000001da719b46a2 sp=0x00000038b91fdb18 mode 2
Event: 8.707 Thread 0x000001da48c0d2d0 Uncommon trap: trap_request=0xffffffc6 fr.pc=0x000001da72038b58 relative=0x00000000000002d8
Event: 8.707 Thread 0x000001da48c0d2d0 Uncommon trap: reason=bimorphic_or_optimized_type_check action=maybe_recompile pc=0x000001da72038b58 method=java.util.regex.Pattern.lambda$union$3(Ljava/util/regex/Pattern$CharPredicate;Ljava/util/regex/Pattern$CharPredicate;I)Z @ 2 c2
Event: 8.707 Thread 0x000001da48c0d2d0 DEOPT PACKING pc=0x000001da72038b58 sp=0x00000038b91fddf0
Event: 8.707 Thread 0x000001da48c0d2d0 DEOPT UNPACKING pc=0x000001da719b46a2 sp=0x00000038b91fdc38 mode 2
Event: 8.707 Thread 0x000001da48c0d2d0 Uncommon trap: trap_request=0xffffffc6 fr.pc=0x000001da72038b58 relative=0x00000000000002d8
Event: 8.707 Thread 0x000001da48c0d2d0 Uncommon trap: reason=bimorphic_or_optimized_type_check action=maybe_recompile pc=0x000001da72038b58 method=java.util.regex.Pattern.lambda$union$3(Ljava/util/regex/Pattern$CharPredicate;Ljava/util/regex/Pattern$CharPredicate;I)Z @ 2 c2
Event: 8.707 Thread 0x000001da48c0d2d0 DEOPT PACKING pc=0x000001da72038b58 sp=0x00000038b91fddf0
Event: 8.707 Thread 0x000001da48c0d2d0 DEOPT UNPACKING pc=0x000001da719b46a2 sp=0x00000038b91fdc38 mode 2
Event: 8.922 Thread 0x000001da498198f0 Uncommon trap: trap_request=0xffffffde fr.pc=0x000001da721eece0 relative=0x00000000000001a0
Event: 8.922 Thread 0x000001da498198f0 Uncommon trap: reason=class_check action=maybe_recompile pc=0x000001da721eece0 method=java.util.concurrent.locks.AbstractQueuedSynchronizer.acquireShared(I)V @ 2 c2
Event: 8.922 Thread 0x000001da498198f0 DEOPT PACKING pc=0x000001da721eece0 sp=0x00000038b94ff250
Event: 8.922 Thread 0x000001da498198f0 DEOPT UNPACKING pc=0x000001da719b46a2 sp=0x00000038b94ff228 mode 2
Event: 9.138 Thread 0x000001da498198f0 Uncommon trap: trap_request=0xffffffde fr.pc=0x000001da721eece0 relative=0x00000000000001a0
Event: 9.138 Thread 0x000001da498198f0 Uncommon trap: reason=class_check action=maybe_recompile pc=0x000001da721eece0 method=java.util.concurrent.locks.AbstractQueuedSynchronizer.acquireShared(I)V @ 2 c2
Event: 9.138 Thread 0x000001da498198f0 DEOPT PACKING pc=0x000001da721eece0 sp=0x00000038b94ff250
Event: 9.138 Thread 0x000001da498198f0 DEOPT UNPACKING pc=0x000001da719b46a2 sp=0x00000038b94ff228 mode 2

Classes loaded (20 events):
Event: 7.421 Loading class jdk/internal/logger/LoggerFinderLoader
Event: 7.421 Loading class jdk/internal/logger/LoggerFinderLoader done
Event: 7.421 Loading class jdk/internal/logger/LoggerFinderLoader$TemporaryLoggerFinder
Event: 7.421 Loading class jdk/internal/logger/LoggerFinderLoader$TemporaryLoggerFinder done
Event: 7.422 Loading class sun/util/logging/internal/LoggingProviderImpl$JULWrapper
Event: 7.422 Loading class sun/util/logging/PlatformLogger$ConfigurableBridge$LoggerConfiguration
Event: 7.422 Loading class sun/util/logging/PlatformLogger$ConfigurableBridge$LoggerConfiguration done
Event: 7.422 Loading class sun/util/logging/internal/LoggingProviderImpl$JULWrapper done
Event: 7.422 Loading class java/lang/System$Logger$Level
Event: 7.422 Loading class java/lang/System$Logger$Level done
Event: 7.423 Loading class java/nio/channels/ClosedChannelException
Event: 7.423 Loading class java/nio/channels/ClosedChannelException done
Event: 7.424 Loading class java/nio/channels/NonReadableChannelException
Event: 7.424 Loading class java/nio/channels/NonReadableChannelException done
Event: 7.425 Loading class java/nio/channels/NonWritableChannelException
Event: 7.425 Loading class java/nio/channels/NonWritableChannelException done
Event: 7.438 Loading class java/util/Scanner
Event: 7.438 Loading class java/util/Scanner done
Event: 7.442 Loading class java/util/Scanner$PatternLRUCache
Event: 7.442 Loading class java/util/Scanner$PatternLRUCache done

Classes unloaded (20 events):
Event: 7.323 Thread 0x000001da5fdef860 Unloading class 0x000001da033367e8 'lombok/javac/apt/MessagerDiagnosticsReceiver'
Event: 7.323 Thread 0x000001da5fdef860 Unloading class 0x000001da03336420 'lombok/javac/apt/InterceptingJavaFileManager'
Event: 7.323 Thread 0x000001da5fdef860 Unloading class 0x000001da03336218 'lombok/permit/dummy/Parent'
Event: 7.323 Thread 0x000001da5fdef860 Unloading class 0x000001da03336000 'lombok/core/CleanupRegistry'
Event: 7.323 Thread 0x000001da5fdef860 Unloading class 0x000001da03335de8 'lombok/permit/Permit$Fake'
Event: 7.323 Thread 0x000001da5fdef860 Unloading class 0x000001da03335be8 'lombok/permit/Permit'
Event: 7.323 Thread 0x000001da5fdef860 Unloading class 0x000001da033358f8 'lombok/javac/apt/LombokProcessor$1'
Event: 7.323 Thread 0x000001da5fdef860 Unloading class 0x000001da03335700 'lombok/core/DiagnosticsReceiver'
Event: 7.323 Thread 0x000001da5fdef860 Unloading class 0x000001da03335468 'lombok/javac/apt/LombokProcessor'
Event: 7.323 Thread 0x000001da5fdef860 Unloading class 0x000001da03335238 'lombok/core/AnnotationProcessor$EcjDescriptor'
Event: 7.323 Thread 0x000001da5fdef860 Unloading class 0x000001da03335000 'lombok/core/AnnotationProcessor$JavacDescriptor'
Event: 7.323 Thread 0x000001da5fdef860 Unloading class 0x000001da03334a80 'lombok/core/AnnotationProcessor$ProcessorDescriptor'
Event: 7.323 Thread 0x000001da5fdef860 Unloading class 0x000001da03334800 'lombok/core/AnnotationProcessor'
Event: 7.323 Thread 0x000001da5fdef860 Unloading class 0x000001da0338bc00 'lombok/launch/AnnotationProcessorHider$ClaimingProcessor'
Event: 7.323 Thread 0x000001da5fdef860 Unloading class 0x000001da03334498 'lombok/launch/AnnotationProcessorHider$AstModificationNotifierData'
Event: 7.323 Thread 0x000001da5fdef860 Unloading class 0x000001da03334218 'lombok/launch/ClassFileMetaData'
Event: 7.323 Thread 0x000001da5fdef860 Unloading class 0x000001da03334000 'lombok/launch/PackageShader'
Event: 7.323 Thread 0x000001da5fdef860 Unloading class 0x000001da0330c480 'lombok/launch/ShadowClassLoader'
Event: 7.323 Thread 0x000001da5fdef860 Unloading class 0x000001da0330c280 'lombok/launch/Main'
Event: 7.323 Thread 0x000001da5fdef860 Unloading class 0x000001da0330c000 'lombok/launch/AnnotationProcessorHider$AnnotationProcessor'

Classes redefined (0 events):
No events

Internal exceptions (20 events):
Event: 6.917 Thread 0x000001da61fcf8a0 Exception <a 'sun/nio/fs/WindowsException'{0x0000000709075598}> (0x0000000709075598) 
thrown [s\open\src\hotspot\share\prims\jni.cpp, line 520]
Event: 6.918 Thread 0x000001da61fcf8a0 Exception <a 'sun/nio/fs/WindowsException'{0x0000000709076610}> (0x0000000709076610) 
thrown [s\open\src\hotspot\share\prims\jni.cpp, line 520]
Event: 6.918 Thread 0x000001da61fcf8a0 Exception <a 'sun/nio/fs/WindowsException'{0x000000070907b460}> (0x000000070907b460) 
thrown [s\open\src\hotspot\share\prims\jni.cpp, line 520]
Event: 6.918 Thread 0x000001da61fcf8a0 Exception <a 'sun/nio/fs/WindowsException'{0x0000000709085fa0}> (0x0000000709085fa0) 
thrown [s\open\src\hotspot\share\prims\jni.cpp, line 520]
Event: 6.919 Thread 0x000001da61fcf8a0 Exception <a 'sun/nio/fs/WindowsException'{0x000000070908d9a8}> (0x000000070908d9a8) 
thrown [s\open\src\hotspot\share\prims\jni.cpp, line 520]
Event: 6.921 Thread 0x000001da61fcf8a0 Exception <a 'sun/nio/fs/WindowsException'{0x00000007090a45b8}> (0x00000007090a45b8) 
thrown [s\open\src\hotspot\share\prims\jni.cpp, line 520]
Event: 6.921 Thread 0x000001da61fcf8a0 Exception <a 'sun/nio/fs/WindowsException'{0x00000007090adf30}> (0x00000007090adf30) 
thrown [s\open\src\hotspot\share\prims\jni.cpp, line 520]
Event: 6.925 Thread 0x000001da61fcf8a0 Exception <a 'sun/nio/fs/WindowsException'{0x00000007090cf6b8}> (0x00000007090cf6b8) 
thrown [s\open\src\hotspot\share\prims\jni.cpp, line 520]
Event: 6.927 Thread 0x000001da61fcf8a0 Exception <a 'sun/nio/fs/WindowsException'{0x00000007090e69f0}> (0x00000007090e69f0) 
thrown [s\open\src\hotspot\share\prims\jni.cpp, line 520]
Event: 6.930 Thread 0x000001da61fcf8a0 Exception <a 'sun/nio/fs/WindowsException'{0x00000007090fe7f8}> (0x00000007090fe7f8) 
thrown [s\open\src\hotspot\share\prims\jni.cpp, line 520]
Event: 6.930 Thread 0x000001da61fcf8a0 Exception <a 'sun/nio/fs/WindowsException'{0x00000007090ff018}> (0x00000007090ff018) 
thrown [s\open\src\hotspot\share\prims\jni.cpp, line 520]
Event: 6.930 Thread 0x000001da61fcf8a0 Exception <a 'sun/nio/fs/WindowsException'{0x00000007090ff5e8}> (0x00000007090ff5e8) 
thrown [s\open\src\hotspot\share\prims\jni.cpp, line 520]
Event: 6.930 Thread 0x000001da61fcf8a0 Exception <a 'sun/nio/fs/WindowsException'{0x00000007090ffdc8}> (0x00000007090ffdc8) 
thrown [s\open\src\hotspot\share\prims\jni.cpp, line 520]
Event: 7.161 Thread 0x000001da484c1160 Exception <a 'java/lang/NoSuchMethodError'{0x000000070a40f040}: 'java.lang.Object java.lang.invoke.DirectMethodHandle$Holder.invokeStatic(java.lang.Object, long, java.lang.Object)'> (0x000000070a40f040) 
thrown [s\open\src\hotspot\share\interpreter\linkResolver.cpp, line 773]
Event: 7.162 Thread 0x000001da484c1160 Exception <a 'java/lang/NoSuchMethodError'{0x000000070a4123e8}: 'java.lang.Object java.lang.invoke.DirectMethodHandle$Holder.invokeStaticInit(java.lang.Object, long, java.lang.Object)'> (0x000000070a4123e8) 
thrown [s\open\src\hotspot\share\interpreter\linkResolver.cpp, line 773]
Event: 7.162 Thread 0x000001da484c1160 Exception <a 'java/lang/NoSuchMethodError'{0x000000070a4177e0}: 'java.lang.Object java.lang.invoke.DirectMethodHandle$Holder.newInvokeSpecial(java.lang.Object, long)'> (0x000000070a4177e0) 
thrown [s\open\src\hotspot\share\interpreter\linkResolver.cpp, line 773]
Event: 7.163 Thread 0x000001da484c1160 Exception <a 'java/lang/NoSuchMethodError'{0x000000070a41bf68}: 'long java.lang.invoke.DirectMethodHandle$Holder.invokeInterface(java.lang.Object, java.lang.Object)'> (0x000000070a41bf68) 
thrown [s\open\src\hotspot\share\interpreter\linkResolver.cpp, line 773]
Event: 7.164 Thread 0x000001da484c1160 Exception <a 'java/lang/NoSuchMethodError'{0x000000070a41f420}: 'long java.lang.invoke.DelegatingMethodHandle$Holder.reinvoke_L(java.lang.Object, java.lang.Object)'> (0x000000070a41f420) 
thrown [s\open\src\hotspot\share\interpreter\linkResolver.cpp, line 773]
Event: 7.204 Thread 0x000001da61fcf8a0 Exception <a 'java/lang/NoSuchMethodError'{0x000000070a5cee48}: 'java.lang.Object java.lang.invoke.DirectMethodHandle$Holder.invokeStaticInit(java.lang.Object, java.lang.Object, int, int, int, int)'> (0x000000070a5cee48) 
thrown [s\open\src\hotspot\share\interpreter\linkResolver.cpp, line 773]
Event: 7.417 Thread 0x000001da61fcf8a0 Exception <a 'java/lang/NoSuchMethodError'{0x0000000712fa4338}: 'void java.lang.invoke.DirectMethodHandle$Holder.invokeStatic(java.lang.Object, long)'> (0x0000000712fa4338) 
thrown [s\open\src\hotspot\share\interpreter\linkResolver.cpp, line 773]

ZGC Phase Switch (0 events):
No events

VM Operations (20 events):
Event: 7.191 Executing VM operation: HandshakeAllThreads (Deoptimize)
Event: 7.191 Executing VM operation: HandshakeAllThreads (Deoptimize) done
Event: 7.288 Executing VM operation: CollectForMetadataAllocation (Metadata GC Threshold)
Event: 7.291 Executing VM operation: CollectForMetadataAllocation (Metadata GC Threshold) done
Event: 7.322 Executing VM operation: G1PauseRemark
Event: 7.342 Executing VM operation: G1PauseRemark done
Event: 7.347 Executing VM operation: HandshakeAllThreads (Deoptimize)
Event: 7.347 Executing VM operation: HandshakeAllThreads (Deoptimize) done
Event: 7.359 Executing VM operation: G1PauseCleanup
Event: 7.360 Executing VM operation: G1PauseCleanup done
Event: 7.362 Executing VM operation: HandshakeAllThreads (Deoptimize)
Event: 7.362 Executing VM operation: HandshakeAllThreads (Deoptimize) done
Event: 7.377 Executing VM operation: HandshakeAllThreads (Deoptimize)
Event: 7.377 Executing VM operation: HandshakeAllThreads (Deoptimize) done
Event: 7.379 Executing VM operation: HandshakeAllThreads (Deoptimize)
Event: 7.379 Executing VM operation: HandshakeAllThreads (Deoptimize) done
Event: 7.420 Executing VM operation: HandshakeAllThreads (Deoptimize)
Event: 7.420 Executing VM operation: HandshakeAllThreads (Deoptimize) done
Event: 8.432 Executing VM operation: Cleanup
Event: 8.432 Executing VM operation: Cleanup done

Events (20 events):
Event: 7.338 Thread 0x000001da5fdef860 flushing nmethod 0x000001da71f42e10
Event: 7.338 Thread 0x000001da5fdef860 flushing nmethod 0x000001da71f32010
Event: 7.338 Thread 0x000001da5fdef860 flushing nmethod 0x000001da71f30a10
Event: 7.338 Thread 0x000001da5fdef860 flushing nmethod 0x000001da71f2b710
Event: 7.338 Thread 0x000001da5fdef860 flushing nmethod 0x000001da71f2e810
Event: 7.338 Thread 0x000001da5fdef860 flushing nmethod 0x000001da71f27c90
Event: 7.338 Thread 0x000001da5fdef860 flushing nmethod 0x000001da71f18a10
Event: 7.338 Thread 0x000001da5fdef860 flushing nmethod 0x000001da71f0e110
Event: 7.338 Thread 0x000001da5fdef860 flushing nmethod 0x000001da71f0db90
Event: 7.338 Thread 0x000001da5fdef860 flushing nmethod 0x000001da71f0d010
Event: 7.338 Thread 0x000001da5fdef860 flushing nmethod 0x000001da71f0cb10
Event: 7.338 Thread 0x000001da5fdef860 flushing nmethod 0x000001da71f0f610
Event: 7.338 Thread 0x000001da5fdef860 flushing nmethod 0x000001da71f0a290
Event: 7.338 Thread 0x000001da5fdef860 flushing nmethod 0x000001da71f0b090
Event: 7.338 Thread 0x000001da5fdef860 flushing nmethod 0x000001da71f04310
Event: 7.338 Thread 0x000001da5fdef860 flushing nmethod 0x000001da71f00610
Event: 7.403 Thread 0x000001da48c0d2d0 Thread added: 0x000001da48c0d2d0
Event: 7.437 Thread 0x000001da477c9910 Thread added: 0x000001da477c9910
Event: 7.437 Thread 0x000001da47254810 Thread added: 0x000001da47254810
Event: 7.445 Thread 0x000001da498198f0 Thread added: 0x000001da498198f0


Dynamic libraries:
0x00007ff674160000 - 0x00007ff674170000 	C:\Program Files\Java\jdk-21\bin\java.exe
0x00007ffbdd210000 - 0x00007ffbdd427000 	C:\WINDOWS\SYSTEM32\ntdll.dll
0x00007ffbdc080000 - 0x00007ffbdc144000 	C:\WINDOWS\System32\KERNEL32.DLL
0x00007ffbda330000 - 0x00007ffbda702000 	C:\WINDOWS\System32\KERNELBASE.dll
0x00007ffbdad00000 - 0x00007ffbdae11000 	C:\WINDOWS\System32\ucrtbase.dll
0x00007ffbd09a0000 - 0x00007ffbd09bb000 	C:\Program Files\Java\jdk-21\bin\VCRUNTIME140.dll
0x00007ffbb1c20000 - 0x00007ffbb1c39000 	C:\Program Files\Java\jdk-21\bin\jli.dll
0x00007ffbdd110000 - 0x00007ffbdd1c1000 	C:\WINDOWS\System32\ADVAPI32.dll
0x00007ffbdbf80000 - 0x00007ffbdc027000 	C:\WINDOWS\System32\msvcrt.dll
0x00007ffbdbe20000 - 0x00007ffbdbec8000 	C:\WINDOWS\System32\sechost.dll
0x00007ffbdac10000 - 0x00007ffbdac38000 	C:\WINDOWS\System32\bcrypt.dll
0x00007ffbdb310000 - 0x00007ffbdb424000 	C:\WINDOWS\System32\RPCRT4.dll
0x00007ffbdb150000 - 0x00007ffbdb301000 	C:\WINDOWS\System32\USER32.dll
0x00007ffbda300000 - 0x00007ffbda326000 	C:\WINDOWS\System32\win32u.dll
0x00007ffbb7870000 - 0x00007ffbb7b0b000 	C:\WINDOWS\WinSxS\amd64_microsoft.windows.common-controls_6595b64144ccf1df_6.0.22621.5547_none_27104afb73855772\COMCTL32.dll
0x00007ffbdc570000 - 0x00007ffbdc599000 	C:\WINDOWS\System32\GDI32.dll
0x00007ffbda830000 - 0x00007ffbda953000 	C:\WINDOWS\System32\gdi32full.dll
0x00007ffbda790000 - 0x00007ffbda82a000 	C:\WINDOWS\System32\msvcp_win.dll
0x00007ffbcc620000 - 0x00007ffbcc62a000 	C:\WINDOWS\SYSTEM32\VERSION.dll
0x00007ffbdbde0000 - 0x00007ffbdbe11000 	C:\WINDOWS\System32\IMM32.DLL
0x00007ffbd1690000 - 0x00007ffbd169c000 	C:\Program Files\Java\jdk-21\bin\vcruntime140_1.dll
0x00007ffb992f0000 - 0x00007ffb9937e000 	C:\Program Files\Java\jdk-21\bin\msvcp140.dll
0x00007ffb41590000 - 0x00007ffb422a7000 	C:\Program Files\Java\jdk-21\bin\server\jvm.dll
0x00007ffbdb0a0000 - 0x00007ffbdb111000 	C:\WINDOWS\System32\WS2_32.dll
0x00007ffbd9180000 - 0x00007ffbd91cd000 	C:\WINDOWS\SYSTEM32\POWRPROF.dll
0x00007ffbd0a70000 - 0x00007ffbd0aa4000 	C:\WINDOWS\SYSTEM32\WINMM.dll
0x00007ffbd9160000 - 0x00007ffbd9173000 	C:\WINDOWS\SYSTEM32\UMPDC.dll
0x00007ffbd9420000 - 0x00007ffbd9438000 	C:\WINDOWS\SYSTEM32\kernel.appcore.dll
0x00007ffbd0a00000 - 0x00007ffbd0a0a000 	C:\Program Files\Java\jdk-21\bin\jimage.dll
0x00007ffbd7c40000 - 0x00007ffbd7e73000 	C:\WINDOWS\SYSTEM32\DBGHELP.DLL
0x00007ffbdcc00000 - 0x00007ffbdcf93000 	C:\WINDOWS\System32\combase.dll
0x00007ffbdc310000 - 0x00007ffbdc3e7000 	C:\WINDOWS\System32\OLEAUT32.dll
0x00007ffbc03b0000 - 0x00007ffbc03e2000 	C:\WINDOWS\SYSTEM32\dbgcore.DLL
0x00007ffbdae20000 - 0x00007ffbdae9b000 	C:\WINDOWS\System32\bcryptPrimitives.dll
0x00007ffbcddf0000 - 0x00007ffbcde0f000 	C:\Program Files\Java\jdk-21\bin\java.dll
0x00007ffbdb430000 - 0x00007ffbdbcd2000 	C:\WINDOWS\System32\SHELL32.dll
0x00007ffbda960000 - 0x00007ffbdaa9f000 	C:\WINDOWS\System32\wintypes.dll
0x00007ffbd8240000 - 0x00007ffbd8b5d000 	C:\WINDOWS\SYSTEM32\windows.storage.dll
0x00007ffbdaf30000 - 0x00007ffbdb03c000 	C:\WINDOWS\System32\SHCORE.dll
0x00007ffbdc500000 - 0x00007ffbdc569000 	C:\WINDOWS\System32\shlwapi.dll
0x00007ffbda230000 - 0x00007ffbda25b000 	C:\WINDOWS\SYSTEM32\profapi.dll
0x00007ffb97c30000 - 0x00007ffb97d07000 	C:\Program Files\Java\jdk-21\bin\jsvml.dll
0x00007ffbcddb0000 - 0x00007ffbcddc0000 	C:\Program Files\Java\jdk-21\bin\net.dll
0x00007ffbd1450000 - 0x00007ffbd157c000 	C:\WINDOWS\SYSTEM32\WINHTTP.dll
0x00007ffbd98a0000 - 0x00007ffbd9909000 	C:\WINDOWS\system32\mswsock.dll
0x00007ffbc0410000 - 0x00007ffbc0426000 	C:\Program Files\Java\jdk-21\bin\nio.dll
0x00007ffbb1c40000 - 0x00007ffbb1c58000 	C:\Program Files\Java\jdk-21\bin\zip.dll
0x0000000069ac0000 - 0x0000000069ae4000 	C:\Program Files\NetBeans-20\netbeans\java\maven\lib\jansi-native\Windows\x86_64\jansi.dll
0x00007ffbccf40000 - 0x00007ffbccf50000 	C:\Program Files\Java\jdk-21\bin\verify.dll
0x00007ffbd9530000 - 0x00007ffbd9564000 	C:\WINDOWS\SYSTEM32\ntmarta.dll
0x00007ffbd9af0000 - 0x00007ffbd9b0b000 	C:\WINDOWS\SYSTEM32\CRYPTSP.dll
0x00007ffbd9380000 - 0x00007ffbd93b7000 	C:\WINDOWS\system32\rsaenh.dll
0x00007ffbd9990000 - 0x00007ffbd99b8000 	C:\WINDOWS\SYSTEM32\USERENV.dll
0x00007ffbd9b10000 - 0x00007ffbd9b1c000 	C:\WINDOWS\SYSTEM32\CRYPTBASE.dll
0x00007ffbd8e30000 - 0x00007ffbd8e5d000 	C:\WINDOWS\SYSTEM32\IPHLPAPI.DLL
0x00007ffbdb140000 - 0x00007ffbdb149000 	C:\WINDOWS\System32\NSI.dll

dbghelp: loaded successfully - version: 4.0.5 - missing functions: none
symbol engine: initialized successfully - sym options: 0x614 - pdb path: .;C:\Program Files\Java\jdk-21\bin;C:\WINDOWS\SYSTEM32;C:\WINDOWS\WinSxS\amd64_microsoft.windows.common-controls_6595b64144ccf1df_6.0.22621.5547_none_27104afb73855772;C:\Program Files\Java\jdk-21\bin\server;C:\Program Files\NetBeans-20\netbeans\java\maven\lib\jansi-native\Windows\x86_64

VM Arguments:
jvm_args: -Dclassworlds.conf=C:\Program Files\NetBeans-20\netbeans\java\maven\bin\m2.conf -Dmaven.home=C:\Program Files\NetBeans-20\netbeans\java\maven -Dlibrary.jansi.path=C:\Program Files\NetBeans-20\netbeans\java\maven\lib\jansi-native -Dmaven.multiModuleProjectDirectory=C:\Users\raque\OneDrive\Documents\GitHub\FloristeriaVillaFlor\Updated Floristeria\Floristeria-VillaFlor\RaquelVillaFlor 
java_command: org.codehaus.plexus.classworlds.launcher.Launcher -Dmaven.ext.class.path=C:\Program Files\NetBeans-20\netbeans\java\maven-nblib\netbeans-eventspy.jar --no-transfer-progress clean install
java_class_path (initial): C:\Program Files\NetBeans-20\netbeans\java\maven\boot\plexus-classworlds-2.7.0.jar
Launcher Type: SUN_STANDARD

[Global flags]
     intx CICompilerCount                          = 4                                         {product} {ergonomic}
     uint ConcGCThreads                            = 2                                         {product} {ergonomic}
     uint G1ConcRefinementThreads                  = 8                                         {product} {ergonomic}
   size_t G1HeapRegionSize                         = 2097152                                   {product} {ergonomic}
    uintx GCDrainStackTargetSize                   = 64                                        {product} {ergonomic}
   size_t InitialHeapSize                          = 266338304                                 {product} {ergonomic}
   size_t MarkStackSize                            = 4194304                                   {product} {ergonomic}
   size_t MaxHeapSize                              = 4238344192                                {product} {ergonomic}
   size_t MaxNewSize                               = 2541748224                                {product} {ergonomic}
   size_t MinHeapDeltaBytes                        = 2097152                                   {product} {ergonomic}
   size_t MinHeapSize                              = 8388608                                   {product} {ergonomic}
    uintx NonNMethodCodeHeapSize                   = 5839372                                {pd product} {ergonomic}
    uintx NonProfiledCodeHeapSize                  = 122909434                              {pd product} {ergonomic}
    uintx ProfiledCodeHeapSize                     = 122909434                              {pd product} {ergonomic}
    uintx ReservedCodeCacheSize                    = 251658240                              {pd product} {ergonomic}
     bool SegmentedCodeCache                       = true                                      {product} {ergonomic}
   size_t SoftMaxHeapSize                          = 4238344192                             {manageable} {ergonomic}
     bool UseCompressedOops                        = true                           {product lp64_product} {ergonomic}
     bool UseG1GC                                  = true                                      {product} {ergonomic}
     bool UseLargePagesIndividualAllocation        = false                                  {pd product} {ergonomic}

Logging:
Log output configuration:
 #0: stdout all=warning uptime,level,tags foldmultilines=false
 #1: stderr all=off uptime,level,tags foldmultilines=false

Environment Variables:
JAVA_HOME=C:\Program Files\Java\jdk-21
PATH=C:\Program Files\Common Files\Oracle\Java\javapath;C:\Program Files (x86)\VMware\VMware Workstation\bin\;C:\Windows\system32;C:\Windows;C:\Windows\System32\Wbem;C:\Windows\System32\WindowsPowerShell\v1.0\;C:\Windows\System32\OpenSSH\;C:\Program Files (x86)\NVIDIA Corporation\PhysX\Common;C:\Program Files\Intel\WiFi\bin\;C:\Program Files\Common Files\Intel\WirelessCommon\;C:\WINDOWS\system32;C:\WINDOWS;C:\WINDOWS\System32\Wbem;C:\WINDOWS\System32\WindowsPowerShell\v1.0\;C:\WINDOWS\System32\OpenSSH\;C:\Program Files\Git\cmd;C:\Program Files\MySQL\MySQL Shell 8.0\bin\;C:\Users\raque\AppData\Local\Programs\Python\Python311\Scripts\;C:\Users\raque\AppData\Local\Programs\Python\Python311\;C:\Users\raque\AppData\Local\Programs\Python\Launcher\;C:\Users\raque\AppData\Local\Microsoft\WindowsApps;C:\Users\raque\AppData\Local\Programs\Microsoft VS Code\bin;C:\Program Files (x86)\Nmap;C:\Users\raque\AppData\Local\GitHubDesktop\bin;C:\Users\raque\OneDrive\Documents\apache-maven-3.9.11-bin;
USERNAME=raque
OS=Windows_NT
PROCESSOR_IDENTIFIER=Intel64 Family 6 Model 142 Stepping 11, GenuineIntel
TMP=C:\Users\raque\AppData\Local\Temp
TEMP=C:\Users\raque\AppData\Local\Temp




Periodic native trim disabled

---------------  S Y S T E M  ---------------

OS:
 Windows 11 , 64 bit Build 22621 (10.0.22621.5415)
OS uptime: 3 days 22:32 hours

CPU: total 8 (initial active 8) (4 cores per cpu, 2 threads per core) family 6 model 142 stepping 11 microcode 0xde, cx8, cmov, fxsr, ht, mmx, 3dnowpref, sse, sse2, sse3, ssse3, sse4.1, sse4.2, popcnt, lzcnt, tsc, tscinvbit, avx, avx2, aes, erms, clmul, bmi1, bmi2, adx, fma, vzeroupper, clflush, clflushopt, rdtscp, f16c
Processor Information for all 8 processors :
  Max Mhz: 1992, Current Mhz: 1792, Mhz Limit: 1792

Memory: 4k page, system-wide physical 16166M (3469M free)
TotalPageFile size 18193M (AvailPageFile size 4M)
current process WorkingSet (physical memory assigned to process): 577M, peak: 577M
current process commit charge ("private bytes"): 640M, peak: 643M

vm_info: Java HotSpot(TM) 64-Bit Server VM (21.0.2+13-LTS-58) for windows-amd64 JRE (21.0.2+13-LTS-58), built on 2024-01-05T18:32:24Z by "mach5one" with MS VC++ 17.1 (VS2022)

END.
