#
# There is insufficient memory for the Java Runtime Environment to continue.
# Native memory allocation (mmap) failed to map 266338304 bytes for G1 virtual space
# Possible reasons:
#   The system is out of physical RAM or swap space
#   The process is running with CompressedOops enabled, and the Java Heap may be blocking the growth of the native heap
# Possible solutions:
#   Reduce memory load on the system
#   Increase physical memory or swap space
#   Check if swap backing store is full
#   Decrease Java heap size (-Xmx/-Xms)
#   Decrease number of Java threads
#   Decrease Java thread stack sizes (-Xss)
#   Set larger code cache with -XX:ReservedCodeCacheSize=
#   JVM is running with Zero Based Compressed Oops mode in which the Java heap is
#     placed in the first 32GB address space. The Java Heap base address is the
#     maximum limit for the native heap growth. Please use -XX:HeapBaseMinAddress
#     to set the Java Heap base and to place the Java Heap above 32GB virtual address.
# This output file may be truncated or incomplete.
#
#  Out of Memory Error (os_windows.cpp:3600), pid=11772, tid=17304
#
# JRE version:  (21.0.2+13) (build )
# Java VM: Java HotSpot(TM) 64-Bit Server VM (21.0.2+13-LTS-58, mixed mode, sharing, tiered, compressed oops, compressed class ptrs, g1 gc, windows-amd64)
# No core dump will be written. Minidumps are not enabled by default on client versions of Windows
#

---------------  S U M M A R Y ------------

Command Line: -Dclassworlds.conf=C:\Program Files\NetBeans-20\netbeans\java\maven\bin\m2.conf -Dmaven.home=C:\Program Files\NetBeans-20\netbeans\java\maven -Dlibrary.jansi.path=C:\Program Files\NetBeans-20\netbeans\java\maven\lib\jansi-native -Dmaven.multiModuleProjectDirectory=C:\Users\raque\OneDrive\Documents\GitHub\FloristeriaVillaFlor\Updated Floristeria\Floristeria-VillaFlor\RaquelVillaFlor org.codehaus.plexus.classworlds.launcher.Launcher -Dmaven.ext.class.path=C:\Program Files\NetBeans-20\netbeans\java\maven-nblib\netbeans-eventspy.jar --no-transfer-progress clean install

Host: Intel(R) Core(TM) i7-8565U CPU @ 1.80GHz, 8 cores, 15G,  Windows 11 , 64 bit Build 22621 (10.0.22621.5415)
Time: Mon Dec  8 23:41:33 2025 Central America Standard Time elapsed time: 0.010534 seconds (0d 0h 0m 0s)

---------------  T H R E A D  ---------------

Current thread (0x000001e717fef940):  JavaThread "Unknown thread" [_thread_in_vm, id=17304, stack(0x0000001661b00000,0x0000001661c00000) (1024K)]

Stack: [0x0000001661b00000,0x0000001661c00000]
Native frames: (J=compiled Java code, j=interpreted, Vv=VM code, C=native code)
V  [jvm.dll+0x6cade9]
V  [jvm.dll+0x8569c1]
V  [jvm.dll+0x858d2e]
V  [jvm.dll+0x859413]
V  [jvm.dll+0x280e56]
V  [jvm.dll+0x6c74d5]
V  [jvm.dll+0x6bbeca]
V  [jvm.dll+0x355bca]
V  [jvm.dll+0x35d816]
V  [jvm.dll+0x3ae67e]
V  [jvm.dll+0x3ae928]
V  [jvm.dll+0x3295dc]
V  [jvm.dll+0x32a16b]
V  [jvm.dll+0x81efa9]
V  [jvm.dll+0x3bba01]
V  [jvm.dll+0x807928]
V  [jvm.dll+0x44f50e]
V  [jvm.dll+0x450e11]
C  [jli.dll+0x52a3]
C  [ucrtbase.dll+0x29333]
C  [KERNEL32.DLL+0x1259d]
C  [ntdll.dll+0x5af78]


---------------  P R O C E S S  ---------------

Threads class SMR info:
_java_thread_list=0x00007ffb1c13bb88, length=0, elements={
}

Java Threads: ( => current thread )
Total: 0

Other Threads:
  0x000001e71804f020 WorkerThread "GC Thread#0"                     [id=7396, stack(0x0000001661c00000,0x0000001661d00000) (1024K)]
  0x000001e718060ca0 ConcurrentGCThread "G1 Main Marker"            [id=11404, stack(0x0000001661d00000,0x0000001661e00000) (1024K)]
  0x000001e718062160 WorkerThread "G1 Conc#0"                       [id=20364, stack(0x0000001661e00000,0x0000001661f00000) (1024K)]

[error occurred during error reporting (printing all threads), id 0xc0000005, EXCEPTION_ACCESS_VIOLATION (0xc0000005) at pc=0x00007ffb1b8ac6a7]
VM state: not at safepoint (not fully initialized)

VM Mutex/Monitor currently owned by a thread:  ([mutex/lock_event])
[0x00007ffb1c1ace68] Heap_lock - owner thread: 0x000001e717fef940

Heap address: 0x0000000703600000, size: 4042 MB, Compressed Oops mode: Zero based, Oop shift amount: 3

CDS archive(s) mapped at: [0x0000000000000000-0x0000000000000000-0x0000000000000000), size 0, SharedBaseAddress: 0x0000000800000000, ArchiveRelocationMode: 1.
Narrow klass base: 0x0000000000000000, Narrow klass shift: 0, Narrow klass range: 0x0

GC Precious Log:
 CardTable entry size: 512
 Card Set container configuration: InlinePtr #cards 4 size 8 Array Of Cards #cards 16 size 48 Howl #buckets 8 coarsen threshold 3686 Howl Bitmap #cards 512 size 80 coarsen threshold 460 Card regions per heap region 1 cards per card region 4096

Heap:
 garbage-first heap   total 0K, used 0K [0x0000000703600000, 0x0000000800000000)
  region size 2048K, 0 young (0K), 0 survivors (0K)

[error occurred during error reporting (printing heap information), id 0xc0000005, EXCEPTION_ACCESS_VIOLATION (0xc0000005) at pc=0x00007ffb1bc939f9]
GC Heap History (0 events):
No events

Dll operation events (1 events):
Event: 0.006 Loaded shared library C:\Program Files\Java\jdk-21\bin\java.dll

Deoptimization events (0 events):
No events

Classes loaded (0 events):
No events

Classes unloaded (0 events):
No events

Classes redefined (0 events):
No events

Internal exceptions (0 events):
No events

ZGC Phase Switch (0 events):
No events

VM Operations (0 events):
No events

Events (0 events):
No events


Dynamic libraries:
0x00007ff682ed0000 - 0x00007ff682ee0000 	C:\Program Files\Java\jdk-21\bin\java.exe
0x00007ffbd1210000 - 0x00007ffbd1427000 	C:\WINDOWS\SYSTEM32\ntdll.dll
0x00007ffbcfc20000 - 0x00007ffbcfce4000 	C:\WINDOWS\System32\KERNEL32.DLL
0x00007ffbce6f0000 - 0x00007ffbceac2000 	C:\WINDOWS\System32\KERNELBASE.dll
0x00007ffbced50000 - 0x00007ffbcee61000 	C:\WINDOWS\System32\ucrtbase.dll
0x00007ffbc1f40000 - 0x00007ffbc1f5b000 	C:\Program Files\Java\jdk-21\bin\VCRUNTIME140.dll
0x00007ffbb2970000 - 0x00007ffbb2989000 	C:\Program Files\Java\jdk-21\bin\jli.dll
0x00007ffbcfd60000 - 0x00007ffbcfe11000 	C:\WINDOWS\System32\ADVAPI32.dll
0x00007ffbd0bc0000 - 0x00007ffbd0c67000 	C:\WINDOWS\System32\msvcrt.dll
0x00007ffbd01e0000 - 0x00007ffbd0288000 	C:\WINDOWS\System32\sechost.dll
0x00007ffbcee70000 - 0x00007ffbcee98000 	C:\WINDOWS\System32\bcrypt.dll
0x00007ffbd0500000 - 0x00007ffbd0614000 	C:\WINDOWS\System32\RPCRT4.dll
0x00007ffbceea0000 - 0x00007ffbcf051000 	C:\WINDOWS\System32\USER32.dll
0x00007ffbce6c0000 - 0x00007ffbce6e6000 	C:\WINDOWS\System32\win32u.dll
0x00007ffbaa4f0000 - 0x00007ffbaa78b000 	C:\WINDOWS\WinSxS\amd64_microsoft.windows.common-controls_6595b64144ccf1df_6.0.22621.5547_none_27104afb73855772\COMCTL32.dll
0x00007ffbcf160000 - 0x00007ffbcf189000 	C:\WINDOWS\System32\GDI32.dll
0x00007ffbce300000 - 0x00007ffbce423000 	C:\WINDOWS\System32\gdi32full.dll
0x00007ffbce620000 - 0x00007ffbce6ba000 	C:\WINDOWS\System32\msvcp_win.dll
0x00007ffbc2080000 - 0x00007ffbc208a000 	C:\WINDOWS\SYSTEM32\VERSION.dll
0x00007ffbd1190000 - 0x00007ffbd11c1000 	C:\WINDOWS\System32\IMM32.DLL
0x00007ffbc6a70000 - 0x00007ffbc6a7c000 	C:\Program Files\Java\jdk-21\bin\vcruntime140_1.dll
0x00007ffba3490000 - 0x00007ffba351e000 	C:\Program Files\Java\jdk-21\bin\msvcp140.dll
0x00007ffb1b570000 - 0x00007ffb1c287000 	C:\Program Files\Java\jdk-21\bin\server\jvm.dll
0x00007ffbcff30000 - 0x00007ffbcffa1000 	C:\WINDOWS\System32\WS2_32.dll
0x00007ffbcd180000 - 0x00007ffbcd1cd000 	C:\WINDOWS\SYSTEM32\POWRPROF.dll
0x00007ffbc4c20000 - 0x00007ffbc4c54000 	C:\WINDOWS\SYSTEM32\WINMM.dll
0x00007ffbcd160000 - 0x00007ffbcd173000 	C:\WINDOWS\SYSTEM32\UMPDC.dll
0x00007ffbcd420000 - 0x00007ffbcd438000 	C:\WINDOWS\SYSTEM32\kernel.appcore.dll
0x00007ffbc5ae0000 - 0x00007ffbc5aea000 	C:\Program Files\Java\jdk-21\bin\jimage.dll
0x00007ffbcbc90000 - 0x00007ffbcbec3000 	C:\WINDOWS\SYSTEM32\DBGHELP.DLL
0x00007ffbd0df0000 - 0x00007ffbd1183000 	C:\WINDOWS\System32\combase.dll
0x00007ffbcf060000 - 0x00007ffbcf137000 	C:\WINDOWS\System32\OLEAUT32.dll
0x00007ffbb2440000 - 0x00007ffbb2472000 	C:\WINDOWS\SYSTEM32\dbgcore.DLL
0x00007ffbcead0000 - 0x00007ffbceb4b000 	C:\WINDOWS\System32\bcryptPrimitives.dll
0x00007ffbc1eb0000 - 0x00007ffbc1ecf000 	C:\Program Files\Java\jdk-21\bin\java.dll

dbghelp: loaded successfully - version: 4.0.5 - missing functions: none
symbol engine: initialized successfully - sym options: 0x614 - pdb path: .;C:\Program Files\Java\jdk-21\bin;C:\WINDOWS\SYSTEM32;C:\WINDOWS\WinSxS\amd64_microsoft.windows.common-controls_6595b64144ccf1df_6.0.22621.5547_none_27104afb73855772;C:\Program Files\Java\jdk-21\bin\server

VM Arguments:
jvm_args: -Dclassworlds.conf=C:\Program Files\NetBeans-20\netbeans\java\maven\bin\m2.conf -Dmaven.home=C:\Program Files\NetBeans-20\netbeans\java\maven -Dlibrary.jansi.path=C:\Program Files\NetBeans-20\netbeans\java\maven\lib\jansi-native -Dmaven.multiModuleProjectDirectory=C:\Users\raque\OneDrive\Documents\GitHub\FloristeriaVillaFlor\Updated Floristeria\Floristeria-VillaFlor\RaquelVillaFlor 
java_command: org.codehaus.plexus.classworlds.launcher.Launcher -Dmaven.ext.class.path=C:\Program Files\NetBeans-20\netbeans\java\maven-nblib\netbeans-eventspy.jar --no-transfer-progress clean install
java_class_path (initial): C:\Program Files\NetBeans-20\netbeans\java\maven\boot\plexus-classworlds-2.7.0.jar
Launcher Type: SUN_STANDARD

[Global flags]
     intx CICompilerCount                          = 4                                         {product} {ergonomic}
     uint ConcGCThreads                            = 2                                         {product} {ergonomic}
     uint G1ConcRefinementThreads                  = 8                                         {product} {ergonomic}
   size_t G1HeapRegionSize                         = 2097152                                   {product} {ergonomic}
    uintx GCDrainStackTargetSize                   = 64                                        {product} {ergonomic}
   size_t InitialHeapSize                          = 266338304                                 {product} {ergonomic}
   size_t MarkStackSize                            = 4194304                                   {product} {ergonomic}
   size_t MaxHeapSize                              = 4238344192                                {product} {ergonomic}
   size_t MinHeapDeltaBytes                        = 2097152                                   {product} {ergonomic}
   size_t MinHeapSize                              = 8388608                                   {product} {ergonomic}
    uintx NonNMethodCodeHeapSize                   = 5839372                                {pd product} {ergonomic}
    uintx NonProfiledCodeHeapSize                  = 122909434                              {pd product} {ergonomic}
    uintx ProfiledCodeHeapSize                     = 122909434                              {pd product} {ergonomic}
    uintx ReservedCodeCacheSize                    = 251658240                              {pd product} {ergonomic}
     bool SegmentedCodeCache                       = true                                      {product} {ergonomic}
   size_t SoftMaxHeapSize                          = 4238344192                             {manageable} {ergonomic}
     bool UseCompressedOops                        = true                           {product lp64_product} {ergonomic}
     bool UseG1GC                                  = true                                      {product} {ergonomic}
     bool UseLargePagesIndividualAllocation        = false                                  {pd product} {ergonomic}

Logging:
Log output configuration:
 #0: stdout all=warning uptime,level,tags foldmultilines=false
 #1: stderr all=off uptime,level,tags foldmultilines=false

Environment Variables:
JAVA_HOME=C:\Program Files\Java\jdk-21
PATH=C:\Program Files\Common Files\Oracle\Java\javapath;C:\Program Files (x86)\VMware\VMware Workstation\bin\;C:\Windows\system32;C:\Windows;C:\Windows\System32\Wbem;C:\Windows\System32\WindowsPowerShell\v1.0\;C:\Windows\System32\OpenSSH\;C:\Program Files (x86)\NVIDIA Corporation\PhysX\Common;C:\Program Files\Intel\WiFi\bin\;C:\Program Files\Common Files\Intel\WirelessCommon\;C:\WINDOWS\system32;C:\WINDOWS;C:\WINDOWS\System32\Wbem;C:\WINDOWS\System32\WindowsPowerShell\v1.0\;C:\WINDOWS\System32\OpenSSH\;C:\Program Files\Git\cmd;C:\Program Files\MySQL\MySQL Shell 8.0\bin\;C:\Users\raque\AppData\Local\Programs\Python\Python311\Scripts\;C:\Users\raque\AppData\Local\Programs\Python\Python311\;C:\Users\raque\AppData\Local\Programs\Python\Launcher\;C:\Users\raque\AppData\Local\Microsoft\WindowsApps;C:\Users\raque\AppData\Local\Programs\Microsoft VS Code\bin;C:\Program Files (x86)\Nmap;C:\Users\raque\AppData\Local\GitHubDesktop\bin;C:\Users\raque\OneDrive\Documents\apache-maven-3.9.11-bin;
USERNAME=raque
OS=Windows_NT
PROCESSOR_IDENTIFIER=Intel64 Family 6 Model 142 Stepping 11, GenuineIntel
TMP=C:\Users\raque\AppData\Local\Temp
TEMP=C:\Users\raque\AppData\Local\Temp




Periodic native trim disabled

---------------  S Y S T E M  ---------------

OS:
 Windows 11 , 64 bit Build 22621 (10.0.22621.5415)
OS uptime: 0 days 5:18 hours

CPU: total 8 (initial active 8) (4 cores per cpu, 2 threads per core) family 6 model 142 stepping 11 microcode 0xde, cx8, cmov, fxsr, ht, mmx, 3dnowpref, sse, sse2, sse3, ssse3, sse4.1, sse4.2, popcnt, lzcnt, tsc, tscinvbit, avx, avx2, aes, erms, clmul, bmi1, bmi2, adx, fma, vzeroupper, clflush, clflushopt, rdtscp, f16c
Processor Information for all 8 processors :
  Max Mhz: 1992, Current Mhz: 1792, Mhz Limit: 1792

Memory: 4k page, system-wide physical 16166M (3024M free)
TotalPageFile size 18820M (AvailPageFile size 165M)
current process WorkingSet (physical memory assigned to process): 11M, peak: 11M
current process commit charge ("private bytes"): 60M, peak: 314M

vm_info: Java HotSpot(TM) 64-Bit Server VM (21.0.2+13-LTS-58) for windows-amd64 JRE (21.0.2+13-LTS-58), built on 2024-01-05T18:32:24Z by "mach5one" with MS VC++ 17.1 (VS2022)

END.
