#
# There is insufficient memory for the Java Runtime Environment to continue.
# Native memory allocation (malloc) failed to allocate 1333296 bytes for Chunk::new
# Possible reasons:
#   The system is out of physical RAM or swap space
#   The process is running with CompressedOops enabled, and the Java Heap may be blocking the growth of the native heap
# Possible solutions:
#   Reduce memory load on the system
#   Increase physical memory or swap space
#   Check if swap backing store is full
#   Decrease Java heap size (-Xmx/-Xms)
#   Decrease number of Java threads
#   Decrease Java thread stack sizes (-Xss)
#   Set larger code cache with -XX:ReservedCodeCacheSize=
#   JVM is running with Zero Based Compressed Oops mode in which the Java heap is
#     placed in the first 32GB address space. The Java Heap base address is the
#     maximum limit for the native heap growth. Please use -XX:HeapBaseMinAddress
#     to set the Java Heap base and to place the Java Heap above 32GB virtual address.
# This output file may be truncated or incomplete.
#
#  Out of Memory Error (arena.cpp:168), pid=10948, tid=636
#
# JRE version: Java(TM) SE Runtime Environment (21.0.2+13) (build 21.0.2+13-LTS-58)
# Java VM: Java HotSpot(TM) 64-Bit Server VM (21.0.2+13-LTS-58, mixed mode, sharing, tiered, compressed oops, compressed class ptrs, g1 gc, windows-amd64)
# No core dump will be written. Minidumps are not enabled by default on client versions of Windows
#

---------------  S U M M A R Y ------------

Command Line: C:\Users\raque\AppData\Local\Temp\surefire11432931568074096242\surefirebooter-20251208233006493_3.jar C:\Users\raque\AppData\Local\Temp\surefire11432931568074096242 2025-12-08T23-30-06_294-jvmRun1 surefire-20251208233006493_1tmp surefire_0-20251208233006493_2tmp

Host: Intel(R) Core(TM) i7-8565U CPU @ 1.80GHz, 8 cores, 15G,  Windows 11 , 64 bit Build 22621 (10.0.22621.5415)
Time: Mon Dec  8 23:30:10 2025 Central America Standard Time elapsed time: 3.704383 seconds (0d 0h 0m 3s)

---------------  T H R E A D  ---------------

Current thread (0x0000015b7fbaa9d0):  JavaThread "C2 CompilerThread1" daemon [_thread_in_native, id=636, stack(0x00000037f7600000,0x00000037f7700000) (1024K)]


Current CompileTask:
C2:   3704 3705       4       org.springframework.core.ResolvableType::as (86 bytes)

Stack: [0x00000037f7600000,0x00000037f7700000]
Native frames: (J=compiled Java code, j=interpreted, Vv=VM code, C=native code)
V  [jvm.dll+0x6cade9]
V  [jvm.dll+0x8569c1]
V  [jvm.dll+0x858d2e]
V  [jvm.dll+0x859413]
V  [jvm.dll+0x280e56]
V  [jvm.dll+0xc3f3d]
V  [jvm.dll+0xc4473]
V  [jvm.dll+0x3b5bf2]
V  [jvm.dll+0x1e2209]
V  [jvm.dll+0x249d22]
V  [jvm.dll+0x2491b1]
V  [jvm.dll+0x1c9634]
V  [jvm.dll+0x258859]
V  [jvm.dll+0x256e3a]
V  [jvm.dll+0x3ef6c6]
V  [jvm.dll+0x7ff568]
V  [jvm.dll+0x6c953d]
C  [ucrtbase.dll+0x29333]
C  [KERNEL32.DLL+0x1259d]
C  [ntdll.dll+0x5af78]


---------------  P R O C E S S  ---------------

Threads class SMR info:
_java_thread_list=0x0000015b45c81da0, length=15, elements={
0x0000015b5e0026e0, 0x0000015b7f260ce0, 0x0000015b7f261f50, 0x0000015b7f2679f0,
0x0000015b7f268e90, 0x0000015b7f269520, 0x0000015b7f26a240, 0x0000015b7f275c10,
0x0000015b7f278ad0, 0x0000015b7f26b5f0, 0x0000015b7f26bc80, 0x0000015b7f26a8d0,
0x0000015b7f268800, 0x0000015b7fbaa9d0, 0x0000015b45c37680
}

Java Threads: ( => current thread )
  0x0000015b5e0026e0 JavaThread "main"                              [_thread_in_native, id=14376, stack(0x00000037f6200000,0x00000037f6300000) (1024K)]
  0x0000015b7f260ce0 JavaThread "Reference Handler"          daemon [_thread_blocked, id=3936, stack(0x00000037f6a00000,0x00000037f6b00000) (1024K)]
  0x0000015b7f261f50 JavaThread "Finalizer"                  daemon [_thread_blocked, id=10616, stack(0x00000037f6b00000,0x00000037f6c00000) (1024K)]
  0x0000015b7f2679f0 JavaThread "Signal Dispatcher"          daemon [_thread_blocked, id=6736, stack(0x00000037f6c00000,0x00000037f6d00000) (1024K)]
  0x0000015b7f268e90 JavaThread "Attach Listener"            daemon [_thread_blocked, id=4396, stack(0x00000037f6d00000,0x00000037f6e00000) (1024K)]
  0x0000015b7f269520 JavaThread "Service Thread"             daemon [_thread_blocked, id=9368, stack(0x00000037f6e00000,0x00000037f6f00000) (1024K)]
  0x0000015b7f26a240 JavaThread "Monitor Deflation Thread"   daemon [_thread_blocked, id=13460, stack(0x00000037f6f00000,0x00000037f7000000) (1024K)]
  0x0000015b7f275c10 JavaThread "C2 CompilerThread0"         daemon [_thread_in_native, id=8180, stack(0x00000037f7000000,0x00000037f7100000) (1024K)]
  0x0000015b7f278ad0 JavaThread "C1 CompilerThread0"         daemon [_thread_blocked, id=7440, stack(0x00000037f7100000,0x00000037f7200000) (1024K)]
  0x0000015b7f26b5f0 JavaThread "Notification Thread"        daemon [_thread_blocked, id=15024, stack(0x00000037f7200000,0x00000037f7300000) (1024K)]
  0x0000015b7f26bc80 JavaThread "Common-Cleaner"             daemon [_thread_blocked, id=20164, stack(0x00000037f7300000,0x00000037f7400000) (1024K)]
  0x0000015b7f26a8d0 JavaThread "surefire-forkedjvm-stream-flusher" daemon [_thread_blocked, id=5852, stack(0x00000037f7400000,0x00000037f7500000) (1024K)]
  0x0000015b7f268800 JavaThread "surefire-forkedjvm-command-thread" daemon [_thread_in_native, id=4016, stack(0x00000037f7500000,0x00000037f7600000) (1024K)]
=>0x0000015b7fbaa9d0 JavaThread "C2 CompilerThread1"         daemon [_thread_in_native, id=636, stack(0x00000037f7600000,0x00000037f7700000) (1024K)]
  0x0000015b45c37680 JavaThread "C2 CompilerThread2"         daemon [_thread_in_native, id=10876, stack(0x00000037f8100000,0x00000037f8200000) (1024K)]
Total: 15

Other Threads:
  0x0000015b5dfde910 VMThread "VM Thread"                           [id=8312, stack(0x00000037f6900000,0x00000037f6a00000) (1024K)]
  0x0000015b7f226e60 WatcherThread "VM Periodic Task Thread"        [id=12764, stack(0x00000037f6800000,0x00000037f6900000) (1024K)]
  0x0000015b5dfdcfb0 WorkerThread "GC Thread#0"                     [id=19276, stack(0x00000037f6300000,0x00000037f6400000) (1024K)]
  0x0000015b5dfde1d0 WorkerThread "GC Thread#1"                     [id=11852, stack(0x00000037f7700000,0x00000037f7800000) (1024K)]
  0x0000015b454efb90 WorkerThread "GC Thread#2"                     [id=16596, stack(0x00000037f7800000,0x00000037f7900000) (1024K)]
  0x0000015b454f14f0 WorkerThread "GC Thread#3"                     [id=1656, stack(0x00000037f7900000,0x00000037f7a00000) (1024K)]
  0x0000015b454f2e50 WorkerThread "GC Thread#4"                     [id=17228, stack(0x00000037f7a00000,0x00000037f7b00000) (1024K)]
  0x0000015b454f1c30 WorkerThread "GC Thread#5"                     [id=8392, stack(0x00000037f7b00000,0x00000037f7c00000) (1024K)]
  0x0000015b454eff30 WorkerThread "GC Thread#6"                     [id=14452, stack(0x00000037f7c00000,0x00000037f7d00000) (1024K)]
  0x0000015b454f1890 WorkerThread "GC Thread#7"                     [id=20276, stack(0x00000037f7d00000,0x00000037f7e00000) (1024K)]
  0x0000015b601f1760 ConcurrentGCThread "G1 Main Marker"            [id=2140, stack(0x00000037f6400000,0x00000037f6500000) (1024K)]
  0x0000015b5dfde570 WorkerThread "G1 Conc#0"                       [id=9040, stack(0x00000037f6500000,0x00000037f6600000) (1024K)]
  0x0000015b454f1fd0 WorkerThread "G1 Conc#1"                       [id=19544, stack(0x00000037f7f00000,0x00000037f8000000) (1024K)]
  0x0000015b7f0f7510 ConcurrentGCThread "G1 Refine#0"               [id=13632, stack(0x00000037f6600000,0x00000037f6700000) (1024K)]
  0x0000015b7f0f7f20 ConcurrentGCThread "G1 Service"                [id=15648, stack(0x00000037f6700000,0x00000037f6800000) (1024K)]
Total: 15

Threads with active compile tasks:
C2 CompilerThread0     3740 3847       4       org.springframework.core.ResolvableType::forType (112 bytes)
C2 CompilerThread1     3741 3705       4       org.springframework.core.ResolvableType::as (86 bytes)
C2 CompilerThread2     3741 3701       4       org.springframework.beans.factory.support.AbstractBeanFactory::isTypeMatch (745 bytes)
Total: 3

VM state: not at safepoint (normal execution)

VM Mutex/Monitor currently owned by a thread: None

Heap address: 0x0000000703600000, size: 4042 MB, Compressed Oops mode: Zero based, Oop shift amount: 3

CDS archive(s) mapped at: [0x0000015b00000000-0x0000015b00c90000-0x0000015b00c90000), size 13172736, SharedBaseAddress: 0x0000015b00000000, ArchiveRelocationMode: 1.
Compressed class space mapped at: 0x0000015b01000000-0x0000015b41000000, reserved size: 1073741824
Narrow klass base: 0x0000015b00000000, Narrow klass shift: 0, Narrow klass range: 0x100000000

GC Precious Log:
 CardTable entry size: 512
 Card Set container configuration: InlinePtr #cards 4 size 8 Array Of Cards #cards 16 size 48 Howl #buckets 8 coarsen threshold 3686 Howl Bitmap #cards 512 size 80 coarsen threshold 460 Card regions per heap region 1 cards per card region 4096
 CPUs: 8 total, 8 available
 Memory: 16166M
 Large Page Support: Disabled
 NUMA Support: Disabled
 Compressed Oops: Enabled (Zero based)
 Heap Region Size: 2M
 Heap Min Capacity: 8M
 Heap Initial Capacity: 254M
 Heap Max Capacity: 4042M
 Pre-touch: Disabled
 Parallel Workers: 8
 Concurrent Workers: 2
 Concurrent Refinement Workers: 8
 Periodic GC: Disabled

Heap:
 garbage-first heap   total 61440K, used 27343K [0x0000000703600000, 0x0000000800000000)
  region size 2048K, 7 young (14336K), 2 survivors (4096K)
 Metaspace       used 30148K, committed 30592K, reserved 1114112K
  class space    used 3902K, committed 4096K, reserved 1048576K

Heap Regions: E=young(eden), S=young(survivor), O=old, HS=humongous(starts), HC=humongous(continues), CS=collection set, F=free, TAMS=top-at-mark-start, PB=parsable bottom
|   0|0x0000000703600000, 0x0000000703800000, 0x0000000703800000|100%| O|  |TAMS 0x0000000703600000| PB 0x0000000703600000| Untracked 
|   1|0x0000000703800000, 0x0000000703a00000, 0x0000000703a00000|100%| O|  |TAMS 0x0000000703800000| PB 0x0000000703800000| Untracked 
|   2|0x0000000703a00000, 0x0000000703c00000, 0x0000000703c00000|100%| O|  |TAMS 0x0000000703a00000| PB 0x0000000703a00000| Untracked 
|   3|0x0000000703c00000, 0x0000000703e00000, 0x0000000703e00000|100%| O|  |TAMS 0x0000000703c00000| PB 0x0000000703c00000| Untracked 
|   4|0x0000000703e00000, 0x0000000703e00000, 0x0000000704000000|  0%| F|  |TAMS 0x0000000703e00000| PB 0x0000000703e00000| Untracked 
|   5|0x0000000704000000, 0x0000000704200000, 0x0000000704200000|100%| O|  |TAMS 0x0000000704000000| PB 0x0000000704000000| Untracked 
|   6|0x0000000704200000, 0x0000000704400000, 0x0000000704400000|100%| O|  |TAMS 0x0000000704200000| PB 0x0000000704200000| Untracked 
|   7|0x0000000704400000, 0x0000000704600000, 0x0000000704600000|100%| O|  |TAMS 0x0000000704400000| PB 0x0000000704400000| Untracked 
|   8|0x0000000704600000, 0x0000000704800000, 0x0000000704800000|100%| O|  |TAMS 0x0000000704600000| PB 0x0000000704600000| Untracked 
|   9|0x0000000704800000, 0x0000000704800000, 0x0000000704a00000|  0%| F|  |TAMS 0x0000000704800000| PB 0x0000000704800000| Untracked 
|  10|0x0000000704a00000, 0x0000000704a00000, 0x0000000704c00000|  0%| F|  |TAMS 0x0000000704a00000| PB 0x0000000704a00000| Untracked 
|  11|0x0000000704c00000, 0x0000000704c00000, 0x0000000704e00000|  0%| F|  |TAMS 0x0000000704c00000| PB 0x0000000704c00000| Untracked 
|  12|0x0000000704e00000, 0x0000000704e5b8e0, 0x0000000705000000| 17%| O|  |TAMS 0x0000000704e00000| PB 0x0000000704e00000| Untracked 
|  13|0x0000000705000000, 0x0000000705000000, 0x0000000705200000|  0%| F|  |TAMS 0x0000000705000000| PB 0x0000000705000000| Untracked 
|  14|0x0000000705200000, 0x0000000705200000, 0x0000000705400000|  0%| F|  |TAMS 0x0000000705200000| PB 0x0000000705200000| Untracked 
|  15|0x0000000705400000, 0x0000000705458648, 0x0000000705600000| 17%| S|CS|TAMS 0x0000000705400000| PB 0x0000000705400000| Complete 
|  16|0x0000000705600000, 0x0000000705800000, 0x0000000705800000|100%| S|CS|TAMS 0x0000000705600000| PB 0x0000000705600000| Complete 
|  17|0x0000000705800000, 0x0000000705800000, 0x0000000705a00000|  0%| F|  |TAMS 0x0000000705800000| PB 0x0000000705800000| Untracked 
|  18|0x0000000705a00000, 0x0000000705a00000, 0x0000000705c00000|  0%| F|  |TAMS 0x0000000705a00000| PB 0x0000000705a00000| Untracked 
|  19|0x0000000705c00000, 0x0000000705c00000, 0x0000000705e00000|  0%| F|  |TAMS 0x0000000705c00000| PB 0x0000000705c00000| Untracked 
|  20|0x0000000705e00000, 0x0000000705e00000, 0x0000000706000000|  0%| F|  |TAMS 0x0000000705e00000| PB 0x0000000705e00000| Untracked 
|  21|0x0000000706000000, 0x0000000706000000, 0x0000000706200000|  0%| F|  |TAMS 0x0000000706000000| PB 0x0000000706000000| Untracked 
|  22|0x0000000706200000, 0x0000000706200000, 0x0000000706400000|  0%| F|  |TAMS 0x0000000706200000| PB 0x0000000706200000| Untracked 
|  23|0x0000000706400000, 0x0000000706400000, 0x0000000706600000|  0%| F|  |TAMS 0x0000000706400000| PB 0x0000000706400000| Untracked 
|  24|0x0000000706600000, 0x0000000706600000, 0x0000000706800000|  0%| F|  |TAMS 0x0000000706600000| PB 0x0000000706600000| Untracked 
|  25|0x0000000706800000, 0x000000070698e2c8, 0x0000000706a00000| 77%| E|  |TAMS 0x0000000706800000| PB 0x0000000706800000| Complete 
| 102|0x0000000710200000, 0x0000000710400000, 0x0000000710400000|100%| E|CS|TAMS 0x0000000710200000| PB 0x0000000710200000| Complete 
| 103|0x0000000710400000, 0x0000000710600000, 0x0000000710600000|100%| E|CS|TAMS 0x0000000710400000| PB 0x0000000710400000| Complete 
| 104|0x0000000710600000, 0x0000000710800000, 0x0000000710800000|100%| E|CS|TAMS 0x0000000710600000| PB 0x0000000710600000| Complete 
| 126|0x0000000713200000, 0x0000000713400000, 0x0000000713400000|100%| E|CS|TAMS 0x0000000713200000| PB 0x0000000713200000| Complete 

Card table byte_map: [0x0000015b78110000,0x0000015b78900000] _byte_map_base: 0x0000015b748f5000

Marking Bits: (CMBitMap*) 0x0000015b601e1040
 Bits: [0x0000015b78900000, 0x0000015b7c828000)

Polling page: 0x0000015b5e140000

Metaspace:

Usage:
  Non-class:     25.63 MB used.
      Class:      3.81 MB used.
       Both:     29.44 MB used.

Virtual space:
  Non-class space:       64.00 MB reserved,      25.88 MB ( 40%) committed,  1 nodes.
      Class space:        1.00 GB reserved,       4.00 MB ( <1%) committed,  1 nodes.
             Both:        1.06 GB reserved,      29.88 MB (  3%) committed. 

Chunk freelists:
   Non-Class:  5.50 MB
       Class:  12.01 MB
        Both:  17.52 MB

MaxMetaspaceSize: unlimited
CompressedClassSpaceSize: 1.00 GB
Initial GC threshold: 21.00 MB
Current GC threshold: 35.12 MB
CDS: on
 - commit_granule_bytes: 65536.
 - commit_granule_words: 8192.
 - virtual_space_node_default_size: 8388608.
 - enlarge_chunks_in_place: 1.
 - use_allocation_guard: 0.


Internal statistics:

num_allocs_failed_limit: 3.
num_arena_births: 554.
num_arena_deaths: 0.
num_vsnodes_births: 2.
num_vsnodes_deaths: 0.
num_space_committed: 478.
num_space_uncommitted: 0.
num_chunks_returned_to_freelist: 3.
num_chunks_taken_from_freelist: 1699.
num_chunk_merges: 3.
num_chunk_splits: 1115.
num_chunks_enlarged: 779.
num_inconsistent_stats: 0.

CodeHeap 'non-profiled nmethods': size=120000Kb used=1970Kb max_used=1970Kb free=118029Kb
 bounds [0x0000015b700b0000, 0x0000015b70320000, 0x0000015b775e0000]
CodeHeap 'profiled nmethods': size=120000Kb used=8105Kb max_used=8105Kb free=111894Kb
 bounds [0x0000015b685e0000, 0x0000015b68dd0000, 0x0000015b6fb10000]
CodeHeap 'non-nmethods': size=5760Kb used=1459Kb max_used=1544Kb free=4300Kb
 bounds [0x0000015b6fb10000, 0x0000015b6fd80000, 0x0000015b700b0000]
 total_blobs=4450 nmethods=3909 adapters=445
 compilation: enabled
              stopped_count=0, restarted_count=0
 full_count=0

Compilation events (20 events):
Event: 3.601 Thread 0x0000015b7f278ad0 3909       3       org.springframework.boot.test.mock.mockito.DefinitionsParser::parseElement (71 bytes)
Event: 3.602 Thread 0x0000015b7f278ad0 nmethod 3909 0x0000015b68dbba10 code [0x0000015b68dbbd60, 0x0000015b68dbd3b0]
Event: 3.617 Thread 0x0000015b7f278ad0 3910       3       jdk.internal.loader.URLClassPath$1::next (59 bytes)
Event: 3.617 Thread 0x0000015b7f278ad0 nmethod 3910 0x0000015b68dbda90 code [0x0000015b68dbdc80, 0x0000015b68dbe0b0]
Event: 3.617 Thread 0x0000015b7f278ad0 3911       3       jdk.internal.loader.ClassLoaders::bootLoader (4 bytes)
Event: 3.618 Thread 0x0000015b7f278ad0 nmethod 3911 0x0000015b68dbe210 code [0x0000015b68dbe3a0, 0x0000015b68dbe498]
Event: 3.628 Thread 0x0000015b7f278ad0 3912       3       jdk.internal.reflect.DirectMethodHandleAccessor::checkArgumentCount (53 bytes)
Event: 3.629 Thread 0x0000015b7f278ad0 nmethod 3912 0x0000015b68dbe510 code [0x0000015b68dbe780, 0x0000015b68dbeee8]
Event: 3.633 Thread 0x0000015b7f278ad0 3913       3       java.lang.invoke.InvokerBytecodeGenerator::addMethod (725 bytes)
Event: 3.635 Thread 0x0000015b7f278ad0 nmethod 3913 0x0000015b68dbf210 code [0x0000015b68dbf780, 0x0000015b68dc1c68]
Event: 3.640 Thread 0x0000015b7f278ad0 3914       3       jdk.internal.org.objectweb.asm.AnnotationWriter::computeAnnotationsSize (42 bytes)
Event: 3.641 Thread 0x0000015b7f278ad0 nmethod 3914 0x0000015b68dc2890 code [0x0000015b68dc2a40, 0x0000015b68dc2c90]
Event: 3.644 Thread 0x0000015b7f278ad0 3915   !   3       java.util.jar.Attributes::read (494 bytes)
Event: 3.647 Thread 0x0000015b7f278ad0 nmethod 3915 0x0000015b68dc2e10 code [0x0000015b68dc35c0, 0x0000015b68dc7340]
Event: 3.650 Thread 0x0000015b7f278ad0 3917       3       jdk.internal.org.objectweb.asm.AnnotationWriter::putAnnotations (110 bytes)
Event: 3.650 Thread 0x0000015b7f278ad0 nmethod 3917 0x0000015b68dc8c90 code [0x0000015b68dc8ea0, 0x0000015b68dc92d8]
Event: 3.653 Thread 0x0000015b7f278ad0 3918       3       java.util.concurrent.ConcurrentHashMap::get (162 bytes)
Event: 3.654 Thread 0x0000015b7f278ad0 nmethod 3918 0x0000015b68dc9590 code [0x0000015b68dc9800, 0x0000015b68dca2b8]
Event: 3.698 Thread 0x0000015b7f275c10 nmethod 3772 0x0000015b70292810 code [0x0000015b70293040, 0x0000015b70299430]
Event: 3.702 Thread 0x0000015b7f275c10 3855       4       org.springframework.beans.factory.support.AbstractAutowireCapableBeanFactory::determineTargetType (83 bytes)

GC Heap History (10 events):
Event: 0.697 GC heap before
{Heap before GC invocations=0 (full 0):
 garbage-first heap   total 260096K, used 22528K [0x0000000703600000, 0x0000000800000000)
  region size 2048K, 11 young (22528K), 0 survivors (0K)
 Metaspace       used 4362K, committed 4544K, reserved 1114112K
  class space    used 457K, committed 576K, reserved 1048576K
}
Event: 0.702 GC heap after
{Heap after GC invocations=1 (full 0):
 garbage-first heap   total 260096K, used 9210K [0x0000000703600000, 0x0000000800000000)
  region size 2048K, 2 young (4096K), 2 survivors (4096K)
 Metaspace       used 4362K, committed 4544K, reserved 1114112K
  class space    used 457K, committed 576K, reserved 1048576K
}
Event: 1.331 GC heap before
{Heap before GC invocations=1 (full 0):
 garbage-first heap   total 260096K, used 31738K [0x0000000703600000, 0x0000000800000000)
  region size 2048K, 13 young (26624K), 2 survivors (4096K)
 Metaspace       used 10350K, committed 10688K, reserved 1114112K
  class space    used 1255K, committed 1408K, reserved 1048576K
}
Event: 1.336 GC heap after
{Heap after GC invocations=2 (full 0):
 garbage-first heap   total 260096K, used 11175K [0x0000000703600000, 0x0000000800000000)
  region size 2048K, 1 young (2048K), 1 survivors (2048K)
 Metaspace       used 10350K, committed 10688K, reserved 1114112K
  class space    used 1255K, committed 1408K, reserved 1048576K
}
Event: 2.175 GC heap before
{Heap before GC invocations=2 (full 0):
 garbage-first heap   total 260096K, used 50087K [0x0000000703600000, 0x0000000800000000)
  region size 2048K, 22 young (45056K), 1 survivors (2048K)
 Metaspace       used 21161K, committed 21504K, reserved 1114112K
  class space    used 2729K, committed 2880K, reserved 1048576K
}
Event: 2.180 GC heap after
{Heap after GC invocations=3 (full 0):
 garbage-first heap   total 260096K, used 13772K [0x0000000703600000, 0x0000000800000000)
  region size 2048K, 3 young (6144K), 3 survivors (6144K)
 Metaspace       used 21161K, committed 21504K, reserved 1114112K
  class space    used 2729K, committed 2880K, reserved 1048576K
}
Event: 2.700 GC heap before
{Heap before GC invocations=4 (full 0):
 garbage-first heap   total 61440K, used 44492K [0x0000000703600000, 0x0000000800000000)
  region size 2048K, 18 young (36864K), 3 survivors (6144K)
 Metaspace       used 24835K, committed 25216K, reserved 1114112K
  class space    used 3203K, committed 3392K, reserved 1048576K
}
Event: 2.707 GC heap after
{Heap after GC invocations=5 (full 0):
 garbage-first heap   total 61440K, used 17168K [0x0000000703600000, 0x0000000800000000)
  region size 2048K, 3 young (6144K), 3 survivors (6144K)
 Metaspace       used 24835K, committed 25216K, reserved 1114112K
  class space    used 3203K, committed 3392K, reserved 1048576K
}
Event: 3.383 GC heap before
{Heap before GC invocations=5 (full 0):
 garbage-first heap   total 61440K, used 43792K [0x0000000703600000, 0x0000000800000000)
  region size 2048K, 16 young (32768K), 3 survivors (6144K)
 Metaspace       used 28337K, committed 28736K, reserved 1114112K
  class space    used 3676K, committed 3840K, reserved 1048576K
}
Event: 3.395 GC heap after
{Heap after GC invocations=6 (full 0):
 garbage-first heap   total 61440K, used 19151K [0x0000000703600000, 0x0000000800000000)
  region size 2048K, 2 young (4096K), 2 survivors (4096K)
 Metaspace       used 28337K, committed 28736K, reserved 1114112K
  class space    used 3676K, committed 3840K, reserved 1048576K
}

Dll operation events (9 events):
Event: 0.010 Loaded shared library C:\Program Files\Java\jdk-21\bin\java.dll
Event: 0.044 Loaded shared library C:\Program Files\Java\jdk-21\bin\jsvml.dll
Event: 0.065 Loaded shared library C:\Program Files\Java\jdk-21\bin\net.dll
Event: 0.067 Loaded shared library C:\Program Files\Java\jdk-21\bin\nio.dll
Event: 0.072 Loaded shared library C:\Program Files\Java\jdk-21\bin\zip.dll
Event: 0.135 Loaded shared library C:\Program Files\Java\jdk-21\bin\management.dll
Event: 0.141 Loaded shared library C:\Program Files\Java\jdk-21\bin\management_ext.dll
Event: 0.161 Loaded shared library C:\Program Files\Java\jdk-21\bin\jimage.dll
Event: 2.322 Loaded shared library C:\Program Files\Java\jdk-21\bin\sunmscapi.dll

Deoptimization events (20 events):
Event: 3.594 Thread 0x0000015b5e0026e0 Uncommon trap: trap_request=0xffffff45 fr.pc=0x0000015b701f6630 relative=0x0000000000000470
Event: 3.594 Thread 0x0000015b5e0026e0 Uncommon trap: reason=unstable_if action=reinterpret pc=0x0000015b701f6630 method=org.springframework.util.ConcurrentReferenceHashMap$Segment.findInChain(Lorg/springframework/util/ConcurrentReferenceHashMap$Reference;Ljava/lang/Object;I)Lorg/springframewo
Event: 3.594 Thread 0x0000015b5e0026e0 DEOPT PACKING pc=0x0000015b701f6630 sp=0x00000037f62fba70
Event: 3.594 Thread 0x0000015b5e0026e0 DEOPT UNPACKING pc=0x0000015b6fb646a2 sp=0x00000037f62fb9a8 mode 2
Event: 3.632 Thread 0x0000015b5e0026e0 Uncommon trap: trap_request=0xffffff45 fr.pc=0x0000015b7014e830 relative=0x00000000000002f0
Event: 3.632 Thread 0x0000015b5e0026e0 Uncommon trap: reason=unstable_if action=reinterpret pc=0x0000015b7014e830 method=java.util.concurrent.ConcurrentHashMap.get(Ljava/lang/Object;)Ljava/lang/Object; @ 76 c2
Event: 3.632 Thread 0x0000015b5e0026e0 DEOPT PACKING pc=0x0000015b7014e830 sp=0x00000037f62f75d0
Event: 3.632 Thread 0x0000015b5e0026e0 DEOPT UNPACKING pc=0x0000015b6fb646a2 sp=0x00000037f62f7548 mode 2
Event: 3.632 Thread 0x0000015b5e0026e0 Uncommon trap: trap_request=0xffffff45 fr.pc=0x0000015b7027f39c relative=0x0000000000000d9c
Event: 3.632 Thread 0x0000015b5e0026e0 Uncommon trap: reason=unstable_if action=reinterpret pc=0x0000015b7027f39c method=java.util.concurrent.ConcurrentHashMap.computeIfAbsent(Ljava/lang/Object;Ljava/util/function/Function;)Ljava/lang/Object; @ 244 c2
Event: 3.632 Thread 0x0000015b5e0026e0 DEOPT PACKING pc=0x0000015b7027f39c sp=0x00000037f62f7500
Event: 3.632 Thread 0x0000015b5e0026e0 DEOPT UNPACKING pc=0x0000015b6fb646a2 sp=0x00000037f62f7490 mode 2
Event: 3.644 Thread 0x0000015b5e0026e0 Uncommon trap: trap_request=0xffffffde fr.pc=0x0000015b701b41c0 relative=0x0000000000001ba0
Event: 3.644 Thread 0x0000015b5e0026e0 Uncommon trap: reason=class_check action=maybe_recompile pc=0x0000015b701b41c0 method=java.util.zip.InflaterInputStream.read([BII)I @ 78 c2
Event: 3.644 Thread 0x0000015b5e0026e0 DEOPT PACKING pc=0x0000015b701b41c0 sp=0x00000037f62f88a0
Event: 3.644 Thread 0x0000015b5e0026e0 DEOPT UNPACKING pc=0x0000015b6fb646a2 sp=0x00000037f62f8900 mode 2
Event: 3.644 Thread 0x0000015b5e0026e0 Uncommon trap: trap_request=0xffffffde fr.pc=0x0000015b701b41c0 relative=0x0000000000001ba0
Event: 3.644 Thread 0x0000015b5e0026e0 Uncommon trap: reason=class_check action=maybe_recompile pc=0x0000015b701b41c0 method=java.util.zip.InflaterInputStream.read([BII)I @ 78 c2
Event: 3.644 Thread 0x0000015b5e0026e0 DEOPT PACKING pc=0x0000015b701b41c0 sp=0x00000037f62f88a0
Event: 3.644 Thread 0x0000015b5e0026e0 DEOPT UNPACKING pc=0x0000015b6fb646a2 sp=0x00000037f62f8900 mode 2

Classes loaded (20 events):
Event: 3.650 Loading class java/lang/ProcessImpl$2
Event: 3.650 Loading class java/lang/ProcessImpl$2 done
Event: 3.650 Loading class java/lang/Process$PipeInputStream
Event: 3.650 Loading class java/lang/Process$PipeInputStream done
Event: 3.651 Loading class jdk/internal/event/ProcessStartEvent
Event: 3.651 Loading class jdk/internal/event/Event
Event: 3.651 Loading class jdk/internal/event/Event done
Event: 3.651 Loading class jdk/internal/event/ProcessStartEvent done
Event: 3.651 Loading class jdk/internal/logger/LazyLoggers
Event: 3.651 Loading class jdk/internal/logger/LazyLoggers done
Event: 3.651 Loading class jdk/internal/logger/LazyLoggers$1
Event: 3.651 Loading class jdk/internal/logger/LazyLoggers$1 done
Event: 3.651 Loading class jdk/internal/logger/LazyLoggers$LazyLoggerFactories
Event: 3.651 Loading class jdk/internal/logger/LazyLoggers$LazyLoggerFactories done
Event: 3.652 Loading class jdk/internal/logger/LoggerFinderLoader
Event: 3.652 Loading class jdk/internal/logger/LoggerFinderLoader done
Event: 3.653 Loading class jdk/internal/logger/LoggerFinderLoader$TemporaryLoggerFinder
Event: 3.653 Loading class jdk/internal/logger/LoggerFinderLoader$TemporaryLoggerFinder done
Event: 3.653 Loading class sun/util/logging/internal/LoggingProviderImpl$JULWrapper
Event: 3.653 Loading class sun/util/logging/internal/LoggingProviderImpl$JULWrapper done

Classes unloaded (0 events):
No events

Classes redefined (0 events):
No events

Internal exceptions (20 events):
Event: 2.234 Thread 0x0000015b7f26af60 Exception <a 'java/lang/NoSuchMethodError'{0x00000007066b5ea8}: 'long java.lang.invoke.DirectMethodHandle$Holder.invokeInterface(java.lang.Object, java.lang.Object)'> (0x00000007066b5ea8) 
thrown [s\open\src\hotspot\share\interpreter\linkResolver.cpp, line 773]
Event: 2.235 Thread 0x0000015b7f26af60 Exception <a 'java/lang/IncompatibleClassChangeError'{0x00000007066b8ea8}: Found class java.lang.Object, but interface was expected> (0x00000007066b8ea8) 
thrown [s\open\src\hotspot\share\interpreter\linkResolver.cpp, line 840]
Event: 2.239 Thread 0x0000015b7f26af60 Exception <a 'java/lang/NoSuchMethodError'{0x00000007066cf648}: 'java.lang.Object java.lang.invoke.DirectMethodHandle$Holder.invokeVirtual(java.lang.Object, java.lang.Object, java.lang.Object, java.lang.Object)'> (0x00000007066cf648) 
thrown [s\open\src\hotspot\share\interpreter\linkResolver.cpp, line 773]
Event: 3.401 Thread 0x0000015b5e0026e0 Implicit null exception at 0x0000015b701e0f52 to 0x0000015b701e1026
Event: 3.438 Thread 0x0000015b5e0026e0 Exception <a 'java/lang/NoSuchMethodError'{0x000000071338ef48}: 'java.lang.Object java.lang.invoke.Invokers$Holder.invoker(java.lang.Object, java.lang.Object, java.lang.Object, java.lang.Object, java.lang.Object, java.lang.Object, java.lang.Object, java.lang.Object, java.lang.Object, java.lang.Object, java.lang.Object, java.lang.Object, java.lang.Object, java.lang.Object)'> (0x000000071338ef48) 
thrown [s\open\src\hotspot\share\interpreter\linkResolver.cpp, line 773]
Event: 3.439 Thread 0x0000015b5e0026e0 Exception <a 'java/lang/NoSuchMethodError'{0x00000007133999a8}: 'java.lang.Object java.lang.invoke.DelegatingMethodHandle$Holder.delegate(java.lang.Object, java.lang.Object, java.lang.Object, java.lang.Object, java.lang.Object, java.lang.Object, java.lang.Object, java.lang.Object, java.lang.Object, java.lang.Object, java.lang.Object, java.lang.Object, java.lang.Object, java.lang.Object)'> (0x00000007133999a8) 
thrown [s\open\src\hotspot\share\interpreter\linkResolver.cpp, line 773]
Event: 3.440 Thread 0x0000015b5e0026e0 Exception <a 'java/lang/NoSuchMethodError'{0x00000007133a45e8}: 'int java.lang.invoke.DirectMethodHandle$Holder.invokeSpecial(java.lang.Object, java.lang.Object, int)'> (0x00000007133a45e8) 
thrown [s\open\src\hotspot\share\interpreter\linkResolver.cpp, line 773]
Event: 3.458 Thread 0x0000015b5e0026e0 Exception <a 'java/lang/NoSuchMethodError'{0x0000000710654050}: 'java.lang.Object java.lang.invoke.DirectMethodHandle$Holder.invokeSpecial(java.lang.Object, java.lang.Object, int, java.lang.Object, java.lang.Object)'> (0x0000000710654050) 
thrown [s\open\src\hotspot\share\interpreter\linkResolver.cpp, line 773]
Event: 3.459 Thread 0x0000015b5e0026e0 Exception <a 'java/lang/NoSuchMethodError'{0x0000000710657fe0}: 'java.lang.Object java.lang.invoke.DelegatingMethodHandle$Holder.delegate(java.lang.Object, int, java.lang.Object, java.lang.Object)'> (0x0000000710657fe0) 
thrown [s\open\src\hotspot\share\interpreter\linkResolver.cpp, line 773]
Event: 3.461 Thread 0x0000015b5e0026e0 Exception <a 'java/lang/NoSuchMethodError'{0x0000000710667b18}: 'int java.lang.invoke.Invokers$Holder.linkToTargetMethod(java.lang.Object, java.lang.Object, java.lang.Object)'> (0x0000000710667b18) 
thrown [s\open\src\hotspot\share\interpreter\linkResolver.cpp, line 773]
Event: 3.503 Thread 0x0000015b5e0026e0 Exception <a 'java/lang/NoSuchMethodError'{0x0000000710791a68}: 'void java.lang.invoke.Invokers$Holder.invokeExact_MT(java.lang.Object, java.lang.Object, java.lang.Object)'> (0x0000000710791a68) 
thrown [s\open\src\hotspot\share\interpreter\linkResolver.cpp, line 773]
Event: 3.532 Thread 0x0000015b5e0026e0 Exception <a 'java/lang/NoClassDefFoundError'{0x000000071042f6c8}: org/flywaydb/core/Flyway> (0x000000071042f6c8) 
thrown [s\open\src\hotspot\share\classfile\systemDictionary.cpp, line 301]
Event: 3.533 Thread 0x0000015b5e0026e0 Exception <a 'java/lang/NoClassDefFoundError'{0x0000000710431f10}: liquibase/integration/spring/SpringLiquibase> (0x0000000710431f10) 
thrown [s\open\src\hotspot\share\classfile\systemDictionary.cpp, line 301]
Event: 3.543 Thread 0x0000015b5e0026e0 Exception <a 'java/lang/NoClassDefFoundError'{0x000000071048e428}: org/jooq/DSLContext> (0x000000071048e428) 
thrown [s\open\src\hotspot\share\classfile\systemDictionary.cpp, line 301]
Event: 3.578 Thread 0x0000015b5e0026e0 Exception <a 'java/lang/NoClassDefFoundError'{0x0000000710292180}: org/springframework/batch/core/repository/JobRepository> (0x0000000710292180) 
thrown [s\open\src\hotspot\share\classfile\systemDictionary.cpp, line 301]
Event: 3.578 Thread 0x0000015b5e0026e0 Exception <a 'java/lang/NoClassDefFoundError'{0x0000000710294690}: org/quartz/Scheduler> (0x0000000710294690) 
thrown [s\open\src\hotspot\share\classfile\systemDictionary.cpp, line 301]
Event: 3.578 Thread 0x0000015b5e0026e0 Exception <a 'java/lang/NoClassDefFoundError'{0x00000007102970d8}: org/springframework/session/jdbc/JdbcIndexedSessionRepository> (0x00000007102970d8) 
thrown [s\open\src\hotspot\share\classfile\systemDictionary.cpp, line 301]
Event: 3.633 Thread 0x0000015b5e0026e0 Exception <a 'java/lang/NoSuchMethodError'{0x000000070683db40}: method resolution failed> (0x000000070683db40) 
thrown [s\open\src\hotspot\share\prims\methodHandles.cpp, line 1144]
Event: 3.640 Thread 0x0000015b5e0026e0 Exception <a 'java/lang/NoSuchMethodError'{0x00000007068776b0}: 'long java.lang.invoke.DelegatingMethodHandle$Holder.reinvoke_L(java.lang.Object, java.lang.Object)'> (0x00000007068776b0) 
thrown [s\open\src\hotspot\share\interpreter\linkResolver.cpp, line 773]
Event: 3.650 Thread 0x0000015b5e0026e0 Exception <a 'java/lang/NoSuchMethodError'{0x00000007068a11e0}: 'void java.lang.invoke.DirectMethodHandle$Holder.invokeStatic(java.lang.Object, long)'> (0x00000007068a11e0) 
thrown [s\open\src\hotspot\share\interpreter\linkResolver.cpp, line 773]

ZGC Phase Switch (0 events):
No events

VM Operations (20 events):
Event: 3.054 Executing VM operation: HandshakeAllThreads (Deoptimize)
Event: 3.054 Executing VM operation: HandshakeAllThreads (Deoptimize) done
Event: 3.055 Executing VM operation: HandshakeAllThreads (Deoptimize)
Event: 3.055 Executing VM operation: HandshakeAllThreads (Deoptimize) done
Event: 3.067 Executing VM operation: HandshakeAllThreads (Deoptimize)
Event: 3.067 Executing VM operation: HandshakeAllThreads (Deoptimize) done
Event: 3.068 Executing VM operation: HandshakeAllThreads (Deoptimize)
Event: 3.068 Executing VM operation: HandshakeAllThreads (Deoptimize) done
Event: 3.154 Executing VM operation: HandshakeAllThreads (Deoptimize)
Event: 3.154 Executing VM operation: HandshakeAllThreads (Deoptimize) done
Event: 3.195 Executing VM operation: HandshakeAllThreads (Deoptimize)
Event: 3.195 Executing VM operation: HandshakeAllThreads (Deoptimize) done
Event: 3.258 Executing VM operation: ICBufferFull
Event: 3.258 Executing VM operation: ICBufferFull done
Event: 3.383 Executing VM operation: G1CollectForAllocation (G1 Evacuation Pause)
Event: 3.395 Executing VM operation: G1CollectForAllocation (G1 Evacuation Pause) done
Event: 3.443 Executing VM operation: HandshakeAllThreads (Deoptimize)
Event: 3.443 Executing VM operation: HandshakeAllThreads (Deoptimize) done
Event: 3.446 Executing VM operation: HandshakeAllThreads (Deoptimize)
Event: 3.447 Executing VM operation: HandshakeAllThreads (Deoptimize) done

Events (19 events):
Event: 0.026 Thread 0x0000015b5e0026e0 Thread added: 0x0000015b5e0026e0
Event: 0.041 Thread 0x0000015b7f260ce0 Thread added: 0x0000015b7f260ce0
Event: 0.041 Thread 0x0000015b7f261f50 Thread added: 0x0000015b7f261f50
Event: 0.041 Thread 0x0000015b7f2679f0 Thread added: 0x0000015b7f2679f0
Event: 0.041 Thread 0x0000015b7f268e90 Thread added: 0x0000015b7f268e90
Event: 0.041 Thread 0x0000015b7f269520 Thread added: 0x0000015b7f269520
Event: 0.042 Thread 0x0000015b7f26a240 Thread added: 0x0000015b7f26a240
Event: 0.042 Thread 0x0000015b7f275c10 Thread added: 0x0000015b7f275c10
Event: 0.042 Thread 0x0000015b7f278ad0 Thread added: 0x0000015b7f278ad0
Event: 0.060 Thread 0x0000015b7f26b5f0 Thread added: 0x0000015b7f26b5f0
Event: 0.062 Thread 0x0000015b7f26bc80 Thread added: 0x0000015b7f26bc80
Event: 0.275 Thread 0x0000015b7f26a8d0 Thread added: 0x0000015b7f26a8d0
Event: 0.288 Thread 0x0000015b7f268800 Thread added: 0x0000015b7f268800
Event: 0.489 Thread 0x0000015b7fbaa9d0 Thread added: 0x0000015b7fbaa9d0
Event: 1.910 Thread 0x0000015b7f26af60 Thread added: 0x0000015b7f26af60
Event: 2.307 Thread 0x0000015b7f269bb0 Thread added: 0x0000015b7f269bb0
Event: 2.340 Thread 0x0000015b45c37680 Thread added: 0x0000015b45c37680
Event: 2.357 Thread 0x0000015b7f269bb0 Thread exited: 0x0000015b7f269bb0
Event: 2.363 Thread 0x0000015b7f26af60 Thread exited: 0x0000015b7f26af60


Dynamic libraries:
0x00007ff682ed0000 - 0x00007ff682ee0000 	C:\Program Files\Java\jdk-21\bin\java.exe
0x00007ffbd1210000 - 0x00007ffbd1427000 	C:\WINDOWS\SYSTEM32\ntdll.dll
0x00007ffbcfc20000 - 0x00007ffbcfce4000 	C:\WINDOWS\System32\KERNEL32.DLL
0x00007ffbce6f0000 - 0x00007ffbceac2000 	C:\WINDOWS\System32\KERNELBASE.dll
0x00007ffbced50000 - 0x00007ffbcee61000 	C:\WINDOWS\System32\ucrtbase.dll
0x00007ffbc1f40000 - 0x00007ffbc1f5b000 	C:\Program Files\Java\jdk-21\bin\VCRUNTIME140.dll
0x00007ffbb2970000 - 0x00007ffbb2989000 	C:\Program Files\Java\jdk-21\bin\jli.dll
0x00007ffbcfd60000 - 0x00007ffbcfe11000 	C:\WINDOWS\System32\ADVAPI32.dll
0x00007ffbd0bc0000 - 0x00007ffbd0c67000 	C:\WINDOWS\System32\msvcrt.dll
0x00007ffbd01e0000 - 0x00007ffbd0288000 	C:\WINDOWS\System32\sechost.dll
0x00007ffbcee70000 - 0x00007ffbcee98000 	C:\WINDOWS\System32\bcrypt.dll
0x00007ffbd0500000 - 0x00007ffbd0614000 	C:\WINDOWS\System32\RPCRT4.dll
0x00007ffbceea0000 - 0x00007ffbcf051000 	C:\WINDOWS\System32\USER32.dll
0x00007ffbce6c0000 - 0x00007ffbce6e6000 	C:\WINDOWS\System32\win32u.dll
0x00007ffbaa4f0000 - 0x00007ffbaa78b000 	C:\WINDOWS\WinSxS\amd64_microsoft.windows.common-controls_6595b64144ccf1df_6.0.22621.5547_none_27104afb73855772\COMCTL32.dll
0x00007ffbcf160000 - 0x00007ffbcf189000 	C:\WINDOWS\System32\GDI32.dll
0x00007ffbce300000 - 0x00007ffbce423000 	C:\WINDOWS\System32\gdi32full.dll
0x00007ffbce620000 - 0x00007ffbce6ba000 	C:\WINDOWS\System32\msvcp_win.dll
0x00007ffbc2080000 - 0x00007ffbc208a000 	C:\WINDOWS\SYSTEM32\VERSION.dll
0x00007ffbd1190000 - 0x00007ffbd11c1000 	C:\WINDOWS\System32\IMM32.DLL
0x00007ffbc6a70000 - 0x00007ffbc6a7c000 	C:\Program Files\Java\jdk-21\bin\vcruntime140_1.dll
0x00007ffba3490000 - 0x00007ffba351e000 	C:\Program Files\Java\jdk-21\bin\msvcp140.dll
0x00007ffb1b570000 - 0x00007ffb1c287000 	C:\Program Files\Java\jdk-21\bin\server\jvm.dll
0x00007ffbcff30000 - 0x00007ffbcffa1000 	C:\WINDOWS\System32\WS2_32.dll
0x00007ffbcd180000 - 0x00007ffbcd1cd000 	C:\WINDOWS\SYSTEM32\POWRPROF.dll
0x00007ffbc4c20000 - 0x00007ffbc4c54000 	C:\WINDOWS\SYSTEM32\WINMM.dll
0x00007ffbcd160000 - 0x00007ffbcd173000 	C:\WINDOWS\SYSTEM32\UMPDC.dll
0x00007ffbcd420000 - 0x00007ffbcd438000 	C:\WINDOWS\SYSTEM32\kernel.appcore.dll
0x00007ffbc5ae0000 - 0x00007ffbc5aea000 	C:\Program Files\Java\jdk-21\bin\jimage.dll
0x00007ffbcbc90000 - 0x00007ffbcbec3000 	C:\WINDOWS\SYSTEM32\DBGHELP.DLL
0x00007ffbd0df0000 - 0x00007ffbd1183000 	C:\WINDOWS\System32\combase.dll
0x00007ffbcf060000 - 0x00007ffbcf137000 	C:\WINDOWS\System32\OLEAUT32.dll
0x00007ffbb2440000 - 0x00007ffbb2472000 	C:\WINDOWS\SYSTEM32\dbgcore.DLL
0x00007ffbcead0000 - 0x00007ffbceb4b000 	C:\WINDOWS\System32\bcryptPrimitives.dll
0x00007ffbc1eb0000 - 0x00007ffbc1ecf000 	C:\Program Files\Java\jdk-21\bin\java.dll
0x00007ffbcf350000 - 0x00007ffbcfbf2000 	C:\WINDOWS\System32\SHELL32.dll
0x00007ffbcec10000 - 0x00007ffbced4f000 	C:\WINDOWS\System32\wintypes.dll
0x00007ffbcc240000 - 0x00007ffbccb5d000 	C:\WINDOWS\SYSTEM32\windows.storage.dll
0x00007ffbd0ce0000 - 0x00007ffbd0dec000 	C:\WINDOWS\System32\SHCORE.dll
0x00007ffbcfcf0000 - 0x00007ffbcfd59000 	C:\WINDOWS\System32\shlwapi.dll
0x00007ffbce230000 - 0x00007ffbce25b000 	C:\WINDOWS\SYSTEM32\profapi.dll
0x00007ffba3710000 - 0x00007ffba37e7000 	C:\Program Files\Java\jdk-21\bin\jsvml.dll
0x00007ffbc5a20000 - 0x00007ffbc5a30000 	C:\Program Files\Java\jdk-21\bin\net.dll
0x00007ffbc6090000 - 0x00007ffbc61bc000 	C:\WINDOWS\SYSTEM32\WINHTTP.dll
0x00007ffbcd8a0000 - 0x00007ffbcd909000 	C:\WINDOWS\system32\mswsock.dll
0x00007ffbb67b0000 - 0x00007ffbb67c6000 	C:\Program Files\Java\jdk-21\bin\nio.dll
0x00007ffbb6790000 - 0x00007ffbb67a8000 	C:\Program Files\Java\jdk-21\bin\zip.dll
0x00007ffbb8ae0000 - 0x00007ffbb8aea000 	C:\Program Files\Java\jdk-21\bin\management.dll
0x00007ffbb6780000 - 0x00007ffbb678b000 	C:\Program Files\Java\jdk-21\bin\management_ext.dll
0x00007ffbcfc10000 - 0x00007ffbcfc18000 	C:\WINDOWS\System32\PSAPI.DLL
0x00007ffbb6720000 - 0x00007ffbb672e000 	C:\Program Files\Java\jdk-21\bin\sunmscapi.dll
0x00007ffbce430000 - 0x00007ffbce597000 	C:\WINDOWS\System32\CRYPT32.dll
0x00007ffbcdcb0000 - 0x00007ffbcdcdd000 	C:\WINDOWS\SYSTEM32\ncrypt.dll
0x00007ffbcdc70000 - 0x00007ffbcdca7000 	C:\WINDOWS\SYSTEM32\NTASN1.dll

dbghelp: loaded successfully - version: 4.0.5 - missing functions: none
symbol engine: initialized successfully - sym options: 0x614 - pdb path: .;C:\Program Files\Java\jdk-21\bin;C:\WINDOWS\SYSTEM32;C:\WINDOWS\WinSxS\amd64_microsoft.windows.common-controls_6595b64144ccf1df_6.0.22621.5547_none_27104afb73855772;C:\Program Files\Java\jdk-21\bin\server

VM Arguments:
java_command: C:\Users\raque\AppData\Local\Temp\surefire11432931568074096242\surefirebooter-20251208233006493_3.jar C:\Users\raque\AppData\Local\Temp\surefire11432931568074096242 2025-12-08T23-30-06_294-jvmRun1 surefire-20251208233006493_1tmp surefire_0-20251208233006493_2tmp
java_class_path (initial): C:\Users\raque\AppData\Local\Temp\surefire11432931568074096242\surefirebooter-20251208233006493_3.jar
Launcher Type: SUN_STANDARD

[Global flags]
     intx CICompilerCount                          = 4                                         {product} {ergonomic}
     uint ConcGCThreads                            = 2                                         {product} {ergonomic}
     uint G1ConcRefinementThreads                  = 8                                         {product} {ergonomic}
   size_t G1HeapRegionSize                         = 2097152                                   {product} {ergonomic}
    uintx GCDrainStackTargetSize                   = 64                                        {product} {ergonomic}
   size_t InitialHeapSize                          = 266338304                                 {product} {ergonomic}
   size_t MarkStackSize                            = 4194304                                   {product} {ergonomic}
   size_t MaxHeapSize                              = 4238344192                                {product} {ergonomic}
   size_t MaxNewSize                               = 2541748224                                {product} {ergonomic}
   size_t MinHeapDeltaBytes                        = 2097152                                   {product} {ergonomic}
   size_t MinHeapSize                              = 8388608                                   {product} {ergonomic}
    uintx NonNMethodCodeHeapSize                   = 5839372                                {pd product} {ergonomic}
    uintx NonProfiledCodeHeapSize                  = 122909434                              {pd product} {ergonomic}
    uintx ProfiledCodeHeapSize                     = 122909434                              {pd product} {ergonomic}
    uintx ReservedCodeCacheSize                    = 251658240                              {pd product} {ergonomic}
     bool SegmentedCodeCache                       = true                                      {product} {ergonomic}
   size_t SoftMaxHeapSize                          = 4238344192                             {manageable} {ergonomic}
     bool UseCompressedOops                        = true                           {product lp64_product} {ergonomic}
     bool UseG1GC                                  = true                                      {product} {ergonomic}
     bool UseLargePagesIndividualAllocation        = false                                  {pd product} {ergonomic}

Logging:
Log output configuration:
 #0: stdout all=warning uptime,level,tags foldmultilines=false
 #1: stderr all=off uptime,level,tags foldmultilines=false

Environment Variables:
JAVA_HOME=C:\Program Files\Java\jdk-21
PATH=C:\Program Files\Common Files\Oracle\Java\javapath;C:\Program Files (x86)\VMware\VMware Workstation\bin\;C:\Windows\system32;C:\Windows;C:\Windows\System32\Wbem;C:\Windows\System32\WindowsPowerShell\v1.0\;C:\Windows\System32\OpenSSH\;C:\Program Files (x86)\NVIDIA Corporation\PhysX\Common;C:\Program Files\Intel\WiFi\bin\;C:\Program Files\Common Files\Intel\WirelessCommon\;C:\WINDOWS\system32;C:\WINDOWS;C:\WINDOWS\System32\Wbem;C:\WINDOWS\System32\WindowsPowerShell\v1.0\;C:\WINDOWS\System32\OpenSSH\;C:\Program Files\Git\cmd;C:\Program Files\MySQL\MySQL Shell 8.0\bin\;C:\Users\raque\AppData\Local\Programs\Python\Python311\Scripts\;C:\Users\raque\AppData\Local\Programs\Python\Python311\;C:\Users\raque\AppData\Local\Programs\Python\Launcher\;C:\Users\raque\AppData\Local\Microsoft\WindowsApps;C:\Users\raque\AppData\Local\Programs\Microsoft VS Code\bin;C:\Program Files (x86)\Nmap;C:\Users\raque\AppData\Local\GitHubDesktop\bin;C:\Users\raque\OneDrive\Documents\apache-maven-3.9.11-bin;
USERNAME=raque
OS=Windows_NT
PROCESSOR_IDENTIFIER=Intel64 Family 6 Model 142 Stepping 11, GenuineIntel
TMP=C:\Users\raque\AppData\Local\Temp
TEMP=C:\Users\raque\AppData\Local\Temp




Periodic native trim disabled

---------------  S Y S T E M  ---------------

OS:
 Windows 11 , 64 bit Build 22621 (10.0.22621.5415)
OS uptime: 0 days 5:06 hours

CPU: total 8 (initial active 8) (4 cores per cpu, 2 threads per core) family 6 model 142 stepping 11 microcode 0xde, cx8, cmov, fxsr, ht, mmx, 3dnowpref, sse, sse2, sse3, ssse3, sse4.1, sse4.2, popcnt, lzcnt, tsc, tscinvbit, avx, avx2, aes, erms, clmul, bmi1, bmi2, adx, fma, vzeroupper, clflush, clflushopt, rdtscp, f16c
Processor Information for all 8 processors :
  Max Mhz: 1992, Current Mhz: 1792, Mhz Limit: 1792

Memory: 4k page, system-wide physical 16166M (3213M free)
TotalPageFile size 18820M (AvailPageFile size 9M)
current process WorkingSet (physical memory assigned to process): 206M, peak: 211M
current process commit charge ("private bytes"): 246M, peak: 388M

vm_info: Java HotSpot(TM) 64-Bit Server VM (21.0.2+13-LTS-58) for windows-amd64 JRE (21.0.2+13-LTS-58), built on 2024-01-05T18:32:24Z by "mach5one" with MS VC++ 17.1 (VS2022)

END.
