#
# There is insufficient memory for the Java Runtime Environment to continue.
# Native memory allocation (malloc) failed to allocate 1161792 bytes for Chunk::new
# Possible reasons:
#   The system is out of physical RAM or swap space
#   The process is running with CompressedOops enabled, and the Java Heap may be blocking the growth of the native heap
# Possible solutions:
#   Reduce memory load on the system
#   Increase physical memory or swap space
#   Check if swap backing store is full
#   Decrease Java heap size (-Xmx/-Xms)
#   Decrease number of Java threads
#   Decrease Java thread stack sizes (-Xss)
#   Set larger code cache with -XX:ReservedCodeCacheSize=
#   JVM is running with Zero Based Compressed Oops mode in which the Java heap is
#     placed in the first 32GB address space. The Java Heap base address is the
#     maximum limit for the native heap growth. Please use -XX:HeapBaseMinAddress
#     to set the Java Heap base and to place the Java Heap above 32GB virtual address.
# This output file may be truncated or incomplete.
#
#  Out of Memory Error (arena.cpp:168), pid=1480, tid=9752
#
# JRE version: Java(TM) SE Runtime Environment (21.0.2+13) (build 21.0.2+13-LTS-58)
# Java VM: Java HotSpot(TM) 64-Bit Server VM (21.0.2+13-LTS-58, mixed mode, sharing, tiered, compressed oops, compressed class ptrs, g1 gc, windows-amd64)
# No core dump will be written. Minidumps are not enabled by default on client versions of Windows
#

---------------  S U M M A R Y ------------

Command Line: C:\Users\raque\AppData\Local\Temp\surefire11426273789508565824\surefirebooter-20251208172128041_3.jar C:\Users\raque\AppData\Local\Temp\surefire11426273789508565824 2025-12-08T17-21-27_850-jvmRun1 surefire-20251208172128041_1tmp surefire_0-20251208172128041_2tmp

Host: Intel(R) Core(TM) i7-8565U CPU @ 1.80GHz, 8 cores, 15G,  Windows 11 , 64 bit Build 22621 (10.0.22621.5415)
Time: Mon Dec  8 17:21:29 2025 Central America Standard Time elapsed time: 1.574141 seconds (0d 0h 0m 1s)

---------------  T H R E A D  ---------------

Current thread (0x000002797f282460):  JavaThread "C2 CompilerThread0" daemon [_thread_in_native, id=9752, stack(0x000000865eb00000,0x000000865ec00000) (1024K)]


Current CompileTask:
C2:   1574 1883   !   4       java.net.URL::<init> (543 bytes)

Stack: [0x000000865eb00000,0x000000865ec00000]
Native frames: (J=compiled Java code, j=interpreted, Vv=VM code, C=native code)
V  [jvm.dll+0x6cade9]
V  [jvm.dll+0x8569c1]
V  [jvm.dll+0x858d2e]
V  [jvm.dll+0x859413]
V  [jvm.dll+0x280e56]
V  [jvm.dll+0xc3f3d]
V  [jvm.dll+0xc4473]
V  [jvm.dll+0x3b5c2c]
V  [jvm.dll+0x382855]
V  [jvm.dll+0x381cca]
V  [jvm.dll+0x249bd0]
V  [jvm.dll+0x2491b1]
V  [jvm.dll+0x1c9634]
V  [jvm.dll+0x258859]
V  [jvm.dll+0x256e3a]
V  [jvm.dll+0x3ef6c6]
V  [jvm.dll+0x7ff568]
V  [jvm.dll+0x6c953d]
C  [ucrtbase.dll+0x29333]
C  [KERNEL32.DLL+0x1259d]
C  [ntdll.dll+0x5af78]


---------------  P R O C E S S  ---------------

Threads class SMR info:
_java_thread_list=0x000002795ae09cd0, length=15, elements={
0x0000027972defa80, 0x000002797f269950, 0x000002797f26a870, 0x000002797f26fb80,
0x000002797f270940, 0x000002797f2723b0, 0x000002797f273f50, 0x000002797f282460,
0x000002797f2a3f70, 0x000002795a2402d0, 0x000002795a241f20, 0x000002797f2a5ab0,
0x000002795a677490, 0x000002795a611540, 0x000002797f2a6f20
}

Java Threads: ( => current thread )
  0x0000027972defa80 JavaThread "main"                              [_thread_in_native, id=18248, stack(0x000000865dd00000,0x000000865de00000) (1024K)]
  0x000002797f269950 JavaThread "Reference Handler"          daemon [_thread_blocked, id=16924, stack(0x000000865e500000,0x000000865e600000) (1024K)]
  0x000002797f26a870 JavaThread "Finalizer"                  daemon [_thread_blocked, id=17444, stack(0x000000865e600000,0x000000865e700000) (1024K)]
  0x000002797f26fb80 JavaThread "Signal Dispatcher"          daemon [_thread_blocked, id=19800, stack(0x000000865e700000,0x000000865e800000) (1024K)]
  0x000002797f270940 JavaThread "Attach Listener"            daemon [_thread_blocked, id=6972, stack(0x000000865e800000,0x000000865e900000) (1024K)]
  0x000002797f2723b0 JavaThread "Service Thread"             daemon [_thread_blocked, id=10812, stack(0x000000865e900000,0x000000865ea00000) (1024K)]
  0x000002797f273f50 JavaThread "Monitor Deflation Thread"   daemon [_thread_blocked, id=11172, stack(0x000000865ea00000,0x000000865eb00000) (1024K)]
=>0x000002797f282460 JavaThread "C2 CompilerThread0"         daemon [_thread_in_native, id=9752, stack(0x000000865eb00000,0x000000865ec00000) (1024K)]
  0x000002797f2a3f70 JavaThread "C1 CompilerThread0"         daemon [_thread_blocked, id=10856, stack(0x000000865ec00000,0x000000865ed00000) (1024K)]
  0x000002795a2402d0 JavaThread "Notification Thread"        daemon [_thread_blocked, id=16720, stack(0x000000865ed00000,0x000000865ee00000) (1024K)]
  0x000002795a241f20 JavaThread "Common-Cleaner"             daemon [_thread_blocked, id=10068, stack(0x000000865ee00000,0x000000865ef00000) (1024K)]
  0x000002797f2a5ab0 JavaThread "C2 CompilerThread1"         daemon [_thread_blocked, id=11832, stack(0x000000865ef00000,0x000000865f000000) (1024K)]
  0x000002795a677490 JavaThread "surefire-forkedjvm-stream-flusher" daemon [_thread_blocked, id=12924, stack(0x000000865f000000,0x000000865f100000) (1024K)]
  0x000002795a611540 JavaThread "surefire-forkedjvm-command-thread" daemon [_thread_in_native, id=7632, stack(0x000000865f100000,0x000000865f200000) (1024K)]
  0x000002797f2a6f20 JavaThread "C2 CompilerThread2"         daemon [_thread_blocked, id=11664, stack(0x000000865f900000,0x000000865fa00000) (1024K)]
Total: 15

Other Threads:
  0x000002797f24b820 VMThread "VM Thread"                           [id=4696, stack(0x000000865e400000,0x000000865e500000) (1024K)]
  0x000002797f235400 WatcherThread "VM Periodic Task Thread"        [id=15236, stack(0x000000865e300000,0x000000865e400000) (1024K)]
  0x0000027975130ca0 WorkerThread "GC Thread#0"                     [id=7576, stack(0x000000865de00000,0x000000865df00000) (1024K)]
  0x000002795af4d560 WorkerThread "GC Thread#1"                     [id=15584, stack(0x000000865f200000,0x000000865f300000) (1024K)]
  0x000002795af4d900 WorkerThread "GC Thread#2"                     [id=2024, stack(0x000000865f300000,0x000000865f400000) (1024K)]
  0x000002795aace7a0 WorkerThread "GC Thread#3"                     [id=15384, stack(0x000000865f400000,0x000000865f500000) (1024K)]
  0x000002795b0c78a0 WorkerThread "GC Thread#4"                     [id=3124, stack(0x000000865f500000,0x000000865f600000) (1024K)]
  0x000002795b0c7c40 WorkerThread "GC Thread#5"                     [id=1908, stack(0x000000865f600000,0x000000865f700000) (1024K)]
  0x000002795ae0ef40 WorkerThread "GC Thread#6"                     [id=14780, stack(0x000000865f700000,0x000000865f800000) (1024K)]
  0x000002795ae0f2e0 WorkerThread "GC Thread#7"                     [id=14740, stack(0x000000865f800000,0x000000865f900000) (1024K)]
  0x0000027975141ac0 ConcurrentGCThread "G1 Main Marker"            [id=5744, stack(0x000000865df00000,0x000000865e000000) (1024K)]
  0x0000027975142d60 WorkerThread "G1 Conc#0"                       [id=16772, stack(0x000000865e000000,0x000000865e100000) (1024K)]
  0x000002797518e8a0 ConcurrentGCThread "G1 Refine#0"               [id=292, stack(0x000000865e100000,0x000000865e200000) (1024K)]
  0x000002797f108a70 ConcurrentGCThread "G1 Service"                [id=17160, stack(0x000000865e200000,0x000000865e300000) (1024K)]
Total: 14

Threads with active compile tasks:
C2 CompilerThread0     1608 1883   !   4       java.net.URL::<init> (543 bytes)
Total: 1

VM state: not at safepoint (normal execution)

VM Mutex/Monitor currently owned by a thread: None

Heap address: 0x0000000703600000, size: 4042 MB, Compressed Oops mode: Zero based, Oop shift amount: 3

CDS archive(s) mapped at: [0x0000027915000000-0x0000027915c90000-0x0000027915c90000), size 13172736, SharedBaseAddress: 0x0000027915000000, ArchiveRelocationMode: 1.
Compressed class space mapped at: 0x0000027916000000-0x0000027956000000, reserved size: 1073741824
Narrow klass base: 0x0000027915000000, Narrow klass shift: 0, Narrow klass range: 0x100000000

GC Precious Log:
 CardTable entry size: 512
 Card Set container configuration: InlinePtr #cards 4 size 8 Array Of Cards #cards 16 size 48 Howl #buckets 8 coarsen threshold 3686 Howl Bitmap #cards 512 size 80 coarsen threshold 460 Card regions per heap region 1 cards per card region 4096
 CPUs: 8 total, 8 available
 Memory: 16166M
 Large Page Support: Disabled
 NUMA Support: Disabled
 Compressed Oops: Enabled (Zero based)
 Heap Region Size: 2M
 Heap Min Capacity: 8M
 Heap Initial Capacity: 254M
 Heap Max Capacity: 4042M
 Pre-touch: Disabled
 Parallel Workers: 8
 Concurrent Workers: 2
 Concurrent Refinement Workers: 8
 Periodic GC: Disabled

Heap:
 garbage-first heap   total 260096K, used 26850K [0x0000000703600000, 0x0000000800000000)
  region size 2048K, 10 young (20480K), 1 survivors (2048K)
 Metaspace       used 13976K, committed 14272K, reserved 1114112K
  class space    used 1794K, committed 1920K, reserved 1048576K

Heap Regions: E=young(eden), S=young(survivor), O=old, HS=humongous(starts), HC=humongous(continues), CS=collection set, F=free, TAMS=top-at-mark-start, PB=parsable bottom
|   0|0x0000000703600000, 0x0000000703800000, 0x0000000703800000|100%| O|  |TAMS 0x0000000703600000| PB 0x0000000703600000| Untracked 
|   1|0x0000000703800000, 0x0000000703a00000, 0x0000000703a00000|100%| O|  |TAMS 0x0000000703800000| PB 0x0000000703800000| Untracked 
|   2|0x0000000703a00000, 0x0000000703c00000, 0x0000000703c00000|100%| O|  |TAMS 0x0000000703a00000| PB 0x0000000703a00000| Untracked 
|   3|0x0000000703c00000, 0x0000000703e00000, 0x0000000703e00000|100%| O|  |TAMS 0x0000000703c00000| PB 0x0000000703c00000| Untracked 
|   4|0x0000000703e00000, 0x0000000703e47ce8, 0x0000000704000000| 14%| O|  |TAMS 0x0000000703e00000| PB 0x0000000703e00000| Untracked 
|   5|0x0000000704000000, 0x0000000704000000, 0x0000000704200000|  0%| F|  |TAMS 0x0000000704000000| PB 0x0000000704000000| Untracked 
|   6|0x0000000704200000, 0x0000000704200000, 0x0000000704400000|  0%| F|  |TAMS 0x0000000704200000| PB 0x0000000704200000| Untracked 
|   7|0x0000000704400000, 0x0000000704400000, 0x0000000704600000|  0%| F|  |TAMS 0x0000000704400000| PB 0x0000000704400000| Untracked 
|   8|0x0000000704600000, 0x0000000704600000, 0x0000000704800000|  0%| F|  |TAMS 0x0000000704600000| PB 0x0000000704600000| Untracked 
|   9|0x0000000704800000, 0x0000000704800000, 0x0000000704a00000|  0%| F|  |TAMS 0x0000000704800000| PB 0x0000000704800000| Untracked 
|  10|0x0000000704a00000, 0x0000000704a00000, 0x0000000704c00000|  0%| F|  |TAMS 0x0000000704a00000| PB 0x0000000704a00000| Untracked 
|  11|0x0000000704c00000, 0x0000000704c00000, 0x0000000704e00000|  0%| F|  |TAMS 0x0000000704c00000| PB 0x0000000704c00000| Untracked 
|  12|0x0000000704e00000, 0x0000000704e00000, 0x0000000705000000|  0%| F|  |TAMS 0x0000000704e00000| PB 0x0000000704e00000| Untracked 
|  13|0x0000000705000000, 0x0000000705000000, 0x0000000705200000|  0%| F|  |TAMS 0x0000000705000000| PB 0x0000000705000000| Untracked 
|  14|0x0000000705200000, 0x0000000705200000, 0x0000000705400000|  0%| F|  |TAMS 0x0000000705200000| PB 0x0000000705200000| Untracked 
|  15|0x0000000705400000, 0x0000000705400000, 0x0000000705600000|  0%| F|  |TAMS 0x0000000705400000| PB 0x0000000705400000| Untracked 
|  16|0x0000000705600000, 0x0000000705600000, 0x0000000705800000|  0%| F|  |TAMS 0x0000000705600000| PB 0x0000000705600000| Untracked 
|  17|0x0000000705800000, 0x0000000705800000, 0x0000000705a00000|  0%| F|  |TAMS 0x0000000705800000| PB 0x0000000705800000| Untracked 
|  18|0x0000000705a00000, 0x0000000705a00000, 0x0000000705c00000|  0%| F|  |TAMS 0x0000000705a00000| PB 0x0000000705a00000| Untracked 
|  19|0x0000000705c00000, 0x0000000705c00000, 0x0000000705e00000|  0%| F|  |TAMS 0x0000000705c00000| PB 0x0000000705c00000| Untracked 
|  20|0x0000000705e00000, 0x0000000705e00000, 0x0000000706000000|  0%| F|  |TAMS 0x0000000705e00000| PB 0x0000000705e00000| Untracked 
|  21|0x0000000706000000, 0x0000000706000000, 0x0000000706200000|  0%| F|  |TAMS 0x0000000706000000| PB 0x0000000706000000| Untracked 
|  22|0x0000000706200000, 0x0000000706200000, 0x0000000706400000|  0%| F|  |TAMS 0x0000000706200000| PB 0x0000000706200000| Untracked 
|  23|0x0000000706400000, 0x0000000706400000, 0x0000000706600000|  0%| F|  |TAMS 0x0000000706400000| PB 0x0000000706400000| Untracked 
|  24|0x0000000706600000, 0x0000000706600000, 0x0000000706800000|  0%| F|  |TAMS 0x0000000706600000| PB 0x0000000706600000| Untracked 
|  25|0x0000000706800000, 0x0000000706800000, 0x0000000706a00000|  0%| F|  |TAMS 0x0000000706800000| PB 0x0000000706800000| Untracked 
|  26|0x0000000706a00000, 0x0000000706a00000, 0x0000000706c00000|  0%| F|  |TAMS 0x0000000706a00000| PB 0x0000000706a00000| Untracked 
|  27|0x0000000706c00000, 0x0000000706c00000, 0x0000000706e00000|  0%| F|  |TAMS 0x0000000706c00000| PB 0x0000000706c00000| Untracked 
|  28|0x0000000706e00000, 0x0000000706e00000, 0x0000000707000000|  0%| F|  |TAMS 0x0000000706e00000| PB 0x0000000706e00000| Untracked 
|  29|0x0000000707000000, 0x0000000707000000, 0x0000000707200000|  0%| F|  |TAMS 0x0000000707000000| PB 0x0000000707000000| Untracked 
|  30|0x0000000707200000, 0x0000000707200000, 0x0000000707400000|  0%| F|  |TAMS 0x0000000707200000| PB 0x0000000707200000| Untracked 
|  31|0x0000000707400000, 0x0000000707400000, 0x0000000707600000|  0%| F|  |TAMS 0x0000000707400000| PB 0x0000000707400000| Untracked 
|  32|0x0000000707600000, 0x0000000707600000, 0x0000000707800000|  0%| F|  |TAMS 0x0000000707600000| PB 0x0000000707600000| Untracked 
|  33|0x0000000707800000, 0x0000000707800000, 0x0000000707a00000|  0%| F|  |TAMS 0x0000000707800000| PB 0x0000000707800000| Untracked 
|  34|0x0000000707a00000, 0x0000000707a00000, 0x0000000707c00000|  0%| F|  |TAMS 0x0000000707a00000| PB 0x0000000707a00000| Untracked 
|  35|0x0000000707c00000, 0x0000000707c00000, 0x0000000707e00000|  0%| F|  |TAMS 0x0000000707c00000| PB 0x0000000707c00000| Untracked 
|  36|0x0000000707e00000, 0x0000000707e00000, 0x0000000708000000|  0%| F|  |TAMS 0x0000000707e00000| PB 0x0000000707e00000| Untracked 
|  37|0x0000000708000000, 0x0000000708000000, 0x0000000708200000|  0%| F|  |TAMS 0x0000000708000000| PB 0x0000000708000000| Untracked 
|  38|0x0000000708200000, 0x0000000708200000, 0x0000000708400000|  0%| F|  |TAMS 0x0000000708200000| PB 0x0000000708200000| Untracked 
|  39|0x0000000708400000, 0x0000000708400000, 0x0000000708600000|  0%| F|  |TAMS 0x0000000708400000| PB 0x0000000708400000| Untracked 
|  40|0x0000000708600000, 0x0000000708600000, 0x0000000708800000|  0%| F|  |TAMS 0x0000000708600000| PB 0x0000000708600000| Untracked 
|  41|0x0000000708800000, 0x0000000708800000, 0x0000000708a00000|  0%| F|  |TAMS 0x0000000708800000| PB 0x0000000708800000| Untracked 
|  42|0x0000000708a00000, 0x0000000708a00000, 0x0000000708c00000|  0%| F|  |TAMS 0x0000000708a00000| PB 0x0000000708a00000| Untracked 
|  43|0x0000000708c00000, 0x0000000708c00000, 0x0000000708e00000|  0%| F|  |TAMS 0x0000000708c00000| PB 0x0000000708c00000| Untracked 
|  44|0x0000000708e00000, 0x0000000708e00000, 0x0000000709000000|  0%| F|  |TAMS 0x0000000708e00000| PB 0x0000000708e00000| Untracked 
|  45|0x0000000709000000, 0x0000000709000000, 0x0000000709200000|  0%| F|  |TAMS 0x0000000709000000| PB 0x0000000709000000| Untracked 
|  46|0x0000000709200000, 0x0000000709200000, 0x0000000709400000|  0%| F|  |TAMS 0x0000000709200000| PB 0x0000000709200000| Untracked 
|  47|0x0000000709400000, 0x0000000709400000, 0x0000000709600000|  0%| F|  |TAMS 0x0000000709400000| PB 0x0000000709400000| Untracked 
|  48|0x0000000709600000, 0x0000000709600000, 0x0000000709800000|  0%| F|  |TAMS 0x0000000709600000| PB 0x0000000709600000| Untracked 
|  49|0x0000000709800000, 0x0000000709800000, 0x0000000709a00000|  0%| F|  |TAMS 0x0000000709800000| PB 0x0000000709800000| Untracked 
|  50|0x0000000709a00000, 0x0000000709a00000, 0x0000000709c00000|  0%| F|  |TAMS 0x0000000709a00000| PB 0x0000000709a00000| Untracked 
|  51|0x0000000709c00000, 0x0000000709c00000, 0x0000000709e00000|  0%| F|  |TAMS 0x0000000709c00000| PB 0x0000000709c00000| Untracked 
|  52|0x0000000709e00000, 0x0000000709e00000, 0x000000070a000000|  0%| F|  |TAMS 0x0000000709e00000| PB 0x0000000709e00000| Untracked 
|  53|0x000000070a000000, 0x000000070a000000, 0x000000070a200000|  0%| F|  |TAMS 0x000000070a000000| PB 0x000000070a000000| Untracked 
|  54|0x000000070a200000, 0x000000070a200000, 0x000000070a400000|  0%| F|  |TAMS 0x000000070a200000| PB 0x000000070a200000| Untracked 
|  55|0x000000070a400000, 0x000000070a400000, 0x000000070a600000|  0%| F|  |TAMS 0x000000070a400000| PB 0x000000070a400000| Untracked 
|  56|0x000000070a600000, 0x000000070a600000, 0x000000070a800000|  0%| F|  |TAMS 0x000000070a600000| PB 0x000000070a600000| Untracked 
|  57|0x000000070a800000, 0x000000070a800000, 0x000000070aa00000|  0%| F|  |TAMS 0x000000070a800000| PB 0x000000070a800000| Untracked 
|  58|0x000000070aa00000, 0x000000070aa00000, 0x000000070ac00000|  0%| F|  |TAMS 0x000000070aa00000| PB 0x000000070aa00000| Untracked 
|  59|0x000000070ac00000, 0x000000070ac00000, 0x000000070ae00000|  0%| F|  |TAMS 0x000000070ac00000| PB 0x000000070ac00000| Untracked 
|  60|0x000000070ae00000, 0x000000070ae00000, 0x000000070b000000|  0%| F|  |TAMS 0x000000070ae00000| PB 0x000000070ae00000| Untracked 
|  61|0x000000070b000000, 0x000000070b000000, 0x000000070b200000|  0%| F|  |TAMS 0x000000070b000000| PB 0x000000070b000000| Untracked 
|  62|0x000000070b200000, 0x000000070b200000, 0x000000070b400000|  0%| F|  |TAMS 0x000000070b200000| PB 0x000000070b200000| Untracked 
|  63|0x000000070b400000, 0x000000070b400000, 0x000000070b600000|  0%| F|  |TAMS 0x000000070b400000| PB 0x000000070b400000| Untracked 
|  64|0x000000070b600000, 0x000000070b600000, 0x000000070b800000|  0%| F|  |TAMS 0x000000070b600000| PB 0x000000070b600000| Untracked 
|  65|0x000000070b800000, 0x000000070b800000, 0x000000070ba00000|  0%| F|  |TAMS 0x000000070b800000| PB 0x000000070b800000| Untracked 
|  66|0x000000070ba00000, 0x000000070ba00000, 0x000000070bc00000|  0%| F|  |TAMS 0x000000070ba00000| PB 0x000000070ba00000| Untracked 
|  67|0x000000070bc00000, 0x000000070bc00000, 0x000000070be00000|  0%| F|  |TAMS 0x000000070bc00000| PB 0x000000070bc00000| Untracked 
|  68|0x000000070be00000, 0x000000070be00000, 0x000000070c000000|  0%| F|  |TAMS 0x000000070be00000| PB 0x000000070be00000| Untracked 
|  69|0x000000070c000000, 0x000000070c000000, 0x000000070c200000|  0%| F|  |TAMS 0x000000070c000000| PB 0x000000070c000000| Untracked 
|  70|0x000000070c200000, 0x000000070c200000, 0x000000070c400000|  0%| F|  |TAMS 0x000000070c200000| PB 0x000000070c200000| Untracked 
|  71|0x000000070c400000, 0x000000070c400000, 0x000000070c600000|  0%| F|  |TAMS 0x000000070c400000| PB 0x000000070c400000| Untracked 
|  72|0x000000070c600000, 0x000000070c600000, 0x000000070c800000|  0%| F|  |TAMS 0x000000070c600000| PB 0x000000070c600000| Untracked 
|  73|0x000000070c800000, 0x000000070c800000, 0x000000070ca00000|  0%| F|  |TAMS 0x000000070c800000| PB 0x000000070c800000| Untracked 
|  74|0x000000070ca00000, 0x000000070ca00000, 0x000000070cc00000|  0%| F|  |TAMS 0x000000070ca00000| PB 0x000000070ca00000| Untracked 
|  75|0x000000070cc00000, 0x000000070cc00000, 0x000000070ce00000|  0%| F|  |TAMS 0x000000070cc00000| PB 0x000000070cc00000| Untracked 
|  76|0x000000070ce00000, 0x000000070ce00000, 0x000000070d000000|  0%| F|  |TAMS 0x000000070ce00000| PB 0x000000070ce00000| Untracked 
|  77|0x000000070d000000, 0x000000070d000000, 0x000000070d200000|  0%| F|  |TAMS 0x000000070d000000| PB 0x000000070d000000| Untracked 
|  78|0x000000070d200000, 0x000000070d200000, 0x000000070d400000|  0%| F|  |TAMS 0x000000070d200000| PB 0x000000070d200000| Untracked 
|  79|0x000000070d400000, 0x000000070d400000, 0x000000070d600000|  0%| F|  |TAMS 0x000000070d400000| PB 0x000000070d400000| Untracked 
|  80|0x000000070d600000, 0x000000070d600000, 0x000000070d800000|  0%| F|  |TAMS 0x000000070d600000| PB 0x000000070d600000| Untracked 
|  81|0x000000070d800000, 0x000000070d800000, 0x000000070da00000|  0%| F|  |TAMS 0x000000070d800000| PB 0x000000070d800000| Untracked 
|  82|0x000000070da00000, 0x000000070da00000, 0x000000070dc00000|  0%| F|  |TAMS 0x000000070da00000| PB 0x000000070da00000| Untracked 
|  83|0x000000070dc00000, 0x000000070dc00000, 0x000000070de00000|  0%| F|  |TAMS 0x000000070dc00000| PB 0x000000070dc00000| Untracked 
|  84|0x000000070de00000, 0x000000070de00000, 0x000000070e000000|  0%| F|  |TAMS 0x000000070de00000| PB 0x000000070de00000| Untracked 
|  85|0x000000070e000000, 0x000000070e000000, 0x000000070e200000|  0%| F|  |TAMS 0x000000070e000000| PB 0x000000070e000000| Untracked 
|  86|0x000000070e200000, 0x000000070e200000, 0x000000070e400000|  0%| F|  |TAMS 0x000000070e200000| PB 0x000000070e200000| Untracked 
|  87|0x000000070e400000, 0x000000070e400000, 0x000000070e600000|  0%| F|  |TAMS 0x000000070e400000| PB 0x000000070e400000| Untracked 
|  88|0x000000070e600000, 0x000000070e600000, 0x000000070e800000|  0%| F|  |TAMS 0x000000070e600000| PB 0x000000070e600000| Untracked 
|  89|0x000000070e800000, 0x000000070e800000, 0x000000070ea00000|  0%| F|  |TAMS 0x000000070e800000| PB 0x000000070e800000| Untracked 
|  90|0x000000070ea00000, 0x000000070ea00000, 0x000000070ec00000|  0%| F|  |TAMS 0x000000070ea00000| PB 0x000000070ea00000| Untracked 
|  91|0x000000070ec00000, 0x000000070ec00000, 0x000000070ee00000|  0%| F|  |TAMS 0x000000070ec00000| PB 0x000000070ec00000| Untracked 
|  92|0x000000070ee00000, 0x000000070ee00000, 0x000000070f000000|  0%| F|  |TAMS 0x000000070ee00000| PB 0x000000070ee00000| Untracked 
|  93|0x000000070f000000, 0x000000070f000000, 0x000000070f200000|  0%| F|  |TAMS 0x000000070f000000| PB 0x000000070f000000| Untracked 
|  94|0x000000070f200000, 0x000000070f200000, 0x000000070f400000|  0%| F|  |TAMS 0x000000070f200000| PB 0x000000070f200000| Untracked 
|  95|0x000000070f400000, 0x000000070f400000, 0x000000070f600000|  0%| F|  |TAMS 0x000000070f400000| PB 0x000000070f400000| Untracked 
|  96|0x000000070f600000, 0x000000070f600000, 0x000000070f800000|  0%| F|  |TAMS 0x000000070f600000| PB 0x000000070f600000| Untracked 
|  97|0x000000070f800000, 0x000000070f800000, 0x000000070fa00000|  0%| F|  |TAMS 0x000000070f800000| PB 0x000000070f800000| Untracked 
|  98|0x000000070fa00000, 0x000000070fa00000, 0x000000070fc00000|  0%| F|  |TAMS 0x000000070fa00000| PB 0x000000070fa00000| Untracked 
|  99|0x000000070fc00000, 0x000000070fc00000, 0x000000070fe00000|  0%| F|  |TAMS 0x000000070fc00000| PB 0x000000070fc00000| Untracked 
| 100|0x000000070fe00000, 0x000000070fe00000, 0x0000000710000000|  0%| F|  |TAMS 0x000000070fe00000| PB 0x000000070fe00000| Untracked 
| 101|0x0000000710000000, 0x0000000710000000, 0x0000000710200000|  0%| F|  |TAMS 0x0000000710000000| PB 0x0000000710000000| Untracked 
| 102|0x0000000710200000, 0x0000000710200000, 0x0000000710400000|  0%| F|  |TAMS 0x0000000710200000| PB 0x0000000710200000| Untracked 
| 103|0x0000000710400000, 0x0000000710400000, 0x0000000710600000|  0%| F|  |TAMS 0x0000000710400000| PB 0x0000000710400000| Untracked 
| 104|0x0000000710600000, 0x0000000710600000, 0x0000000710800000|  0%| F|  |TAMS 0x0000000710600000| PB 0x0000000710600000| Untracked 
| 105|0x0000000710800000, 0x0000000710800000, 0x0000000710a00000|  0%| F|  |TAMS 0x0000000710800000| PB 0x0000000710800000| Untracked 
| 106|0x0000000710a00000, 0x0000000710a00000, 0x0000000710c00000|  0%| F|  |TAMS 0x0000000710a00000| PB 0x0000000710a00000| Untracked 
| 107|0x0000000710c00000, 0x0000000710c00000, 0x0000000710e00000|  0%| F|  |TAMS 0x0000000710c00000| PB 0x0000000710c00000| Untracked 
| 108|0x0000000710e00000, 0x0000000710e00000, 0x0000000711000000|  0%| F|  |TAMS 0x0000000710e00000| PB 0x0000000710e00000| Untracked 
| 109|0x0000000711000000, 0x0000000711000000, 0x0000000711200000|  0%| F|  |TAMS 0x0000000711000000| PB 0x0000000711000000| Untracked 
| 110|0x0000000711200000, 0x0000000711200000, 0x0000000711400000|  0%| F|  |TAMS 0x0000000711200000| PB 0x0000000711200000| Untracked 
| 111|0x0000000711400000, 0x0000000711400000, 0x0000000711600000|  0%| F|  |TAMS 0x0000000711400000| PB 0x0000000711400000| Untracked 
| 112|0x0000000711600000, 0x0000000711600000, 0x0000000711800000|  0%| F|  |TAMS 0x0000000711600000| PB 0x0000000711600000| Untracked 
| 113|0x0000000711800000, 0x0000000711800000, 0x0000000711a00000|  0%| F|  |TAMS 0x0000000711800000| PB 0x0000000711800000| Untracked 
| 114|0x0000000711a00000, 0x0000000711a00000, 0x0000000711c00000|  0%| F|  |TAMS 0x0000000711a00000| PB 0x0000000711a00000| Untracked 
| 115|0x0000000711c00000, 0x0000000711c00000, 0x0000000711e00000|  0%| F|  |TAMS 0x0000000711c00000| PB 0x0000000711c00000| Untracked 
| 116|0x0000000711e00000, 0x0000000711ff0c20, 0x0000000712000000| 97%| S|CS|TAMS 0x0000000711e00000| PB 0x0000000711e00000| Complete 
| 117|0x0000000712000000, 0x0000000712000000, 0x0000000712200000|  0%| F|  |TAMS 0x0000000712000000| PB 0x0000000712000000| Untracked 
| 118|0x0000000712200000, 0x000000071233e950, 0x0000000712400000| 62%| E|  |TAMS 0x0000000712200000| PB 0x0000000712200000| Complete 
| 119|0x0000000712400000, 0x0000000712600000, 0x0000000712600000|100%| E|CS|TAMS 0x0000000712400000| PB 0x0000000712400000| Complete 
| 120|0x0000000712600000, 0x0000000712800000, 0x0000000712800000|100%| E|CS|TAMS 0x0000000712600000| PB 0x0000000712600000| Complete 
| 121|0x0000000712800000, 0x0000000712a00000, 0x0000000712a00000|100%| E|CS|TAMS 0x0000000712800000| PB 0x0000000712800000| Complete 
| 122|0x0000000712a00000, 0x0000000712c00000, 0x0000000712c00000|100%| E|CS|TAMS 0x0000000712a00000| PB 0x0000000712a00000| Complete 
| 123|0x0000000712c00000, 0x0000000712e00000, 0x0000000712e00000|100%| E|CS|TAMS 0x0000000712c00000| PB 0x0000000712c00000| Complete 
| 124|0x0000000712e00000, 0x0000000713000000, 0x0000000713000000|100%| E|CS|TAMS 0x0000000712e00000| PB 0x0000000712e00000| Complete 
| 125|0x0000000713000000, 0x0000000713200000, 0x0000000713200000|100%| E|CS|TAMS 0x0000000713000000| PB 0x0000000713000000| Complete 
| 126|0x0000000713200000, 0x0000000713400000, 0x0000000713400000|100%| E|CS|TAMS 0x0000000713200000| PB 0x0000000713200000| Complete 

Card table byte_map: [0x000002797e050000,0x000002797e840000] _byte_map_base: 0x000002797a835000

Marking Bits: (CMBitMap*) 0x00000279751313a0
 Bits: [0x000002790f000000, 0x0000027912f28000)

Polling page: 0x0000027973030000

Metaspace:

Usage:
  Non-class:     11.92 MB used.
      Class:      1.76 MB used.
       Both:     13.67 MB used.

Virtual space:
  Non-class space:       64.00 MB reserved,      12.06 MB ( 19%) committed,  1 nodes.
      Class space:        1.00 GB reserved,       1.88 MB ( <1%) committed,  1 nodes.
             Both:        1.06 GB reserved,      13.94 MB (  1%) committed. 

Chunk freelists:
   Non-Class:  3.64 MB
       Class:  14.01 MB
        Both:  17.66 MB

MaxMetaspaceSize: unlimited
CompressedClassSpaceSize: 1.00 GB
Initial GC threshold: 21.00 MB
Current GC threshold: 21.00 MB
CDS: on
 - commit_granule_bytes: 65536.
 - commit_granule_words: 8192.
 - virtual_space_node_default_size: 8388608.
 - enlarge_chunks_in_place: 1.
 - use_allocation_guard: 0.


Internal statistics:

num_allocs_failed_limit: 0.
num_arena_births: 274.
num_arena_deaths: 0.
num_vsnodes_births: 2.
num_vsnodes_deaths: 0.
num_space_committed: 223.
num_space_uncommitted: 0.
num_chunks_returned_to_freelist: 0.
num_chunks_taken_from_freelist: 808.
num_chunk_merges: 0.
num_chunk_splits: 470.
num_chunks_enlarged: 301.
num_inconsistent_stats: 0.

CodeHeap 'non-profiled nmethods': size=120000Kb used=841Kb max_used=841Kb free=119158Kb
 bounds [0x0000027907ad0000, 0x0000027907d40000, 0x000002790f000000]
CodeHeap 'profiled nmethods': size=120000Kb used=3899Kb max_used=3899Kb free=116100Kb
 bounds [0x0000027900000000, 0x00000279003d0000, 0x0000027907530000]
CodeHeap 'non-nmethods': size=5760Kb used=1415Kb max_used=1471Kb free=4344Kb
 bounds [0x0000027907530000, 0x00000279077a0000, 0x0000027907ad0000]
 total_blobs=2544 nmethods=2038 adapters=410
 compilation: enabled
              stopped_count=0, restarted_count=0
 full_count=0

Compilation events (20 events):
Event: 1.565 Thread 0x000002797f2a5ab0 1957       4       java.lang.Integer::stringSize (47 bytes)
Event: 1.566 Thread 0x000002797f2a3f70 1961       3       java.lang.invoke.InvokerBytecodeGenerator::isStaticallyNameable (148 bytes)
Event: 1.567 Thread 0x000002797f2a3f70 nmethod 1961 0x00000279003af610 code [0x00000279003af8c0, 0x00000279003b03c0]
Event: 1.567 Thread 0x000002797f2a3f70 1964       3       org.springframework.boot.context.properties.source.ConfigurationPropertyName$Elements::getLength (46 bytes)
Event: 1.567 Thread 0x000002797f2a3f70 nmethod 1964 0x00000279003b0690 code [0x00000279003b0860, 0x00000279003b0b60]
Event: 1.567 Thread 0x000002797f2a3f70 1962       3       org.springframework.core.env.PropertiesPropertySource$$Lambda/0x00000279161e1e18::test (5 bytes)
Event: 1.567 Thread 0x000002797f2a5ab0 nmethod 1957 0x0000027907b9ef90 code [0x0000027907b9f120, 0x0000027907b9f248]
Event: 1.567 Thread 0x000002797f2a3f70 nmethod 1962 0x00000279003b0d10 code [0x00000279003b0ec0, 0x00000279003b1128]
Event: 1.568 Thread 0x000002797f2a3f70 1963       3       org.springframework.core.env.PropertiesPropertySource::lambda$getPropertyNames$0 (5 bytes)
Event: 1.568 Thread 0x000002797f2a3f70 nmethod 1963 0x00000279003b1210 code [0x00000279003b13c0, 0x00000279003b15a8]
Event: 1.568 Thread 0x000002797f2a3f70 1966       3       org.springframework.boot.context.properties.source.ConfigurationPropertyName::isAncestorOf (25 bytes)
Event: 1.568 Thread 0x000002797f2a3f70 nmethod 1966 0x00000279003b1610 code [0x00000279003b1800, 0x00000279003b1c28]
Event: 1.568 Thread 0x000002797f2a3f70 1965       1       org.springframework.core.env.PropertySource::getSource (5 bytes)
Event: 1.568 Thread 0x000002797f2a3f70 nmethod 1965 0x0000027907b9f310 code [0x0000027907b9f4a0, 0x0000027907b9f570]
Event: 1.569 Thread 0x000002797f2a3f70 1967       1       java.lang.reflect.Constructor::getConstructorAccessor (5 bytes)
Event: 1.569 Thread 0x000002797f2a3f70 nmethod 1967 0x0000027907b9f610 code [0x0000027907b9f7a0, 0x0000027907b9f870]
Event: 1.569 Thread 0x000002797f2a3f70 1968       1       java.lang.reflect.Constructor::getRoot (5 bytes)
Event: 1.569 Thread 0x000002797f2a3f70 nmethod 1968 0x0000027907b9f910 code [0x0000027907b9faa0, 0x0000027907b9fb70]
Event: 1.572 Thread 0x000002797f2a3f70 1969       3       java.lang.reflect.Constructor::setConstructorAccessor (20 bytes)
Event: 1.572 Thread 0x000002797f2a3f70 nmethod 1969 0x00000279003b1e10 code [0x00000279003b1fe0, 0x00000279003b22c8]

GC Heap History (4 events):
Event: 0.588 GC heap before
{Heap before GC invocations=0 (full 0):
 garbage-first heap   total 260096K, used 22528K [0x0000000703600000, 0x0000000800000000)
  region size 2048K, 11 young (22528K), 0 survivors (0K)
 Metaspace       used 4216K, committed 4416K, reserved 1114112K
  class space    used 441K, committed 576K, reserved 1048576K
}
Event: 0.594 GC heap after
{Heap after GC invocations=1 (full 0):
 garbage-first heap   total 260096K, used 8511K [0x0000000703600000, 0x0000000800000000)
  region size 2048K, 2 young (4096K), 2 survivors (4096K)
 Metaspace       used 4216K, committed 4416K, reserved 1114112K
  class space    used 441K, committed 576K, reserved 1048576K
}
Event: 1.172 GC heap before
{Heap before GC invocations=1 (full 0):
 garbage-first heap   total 260096K, used 28991K [0x0000000703600000, 0x0000000800000000)
  region size 2048K, 12 young (24576K), 2 survivors (4096K)
 Metaspace       used 9471K, committed 9728K, reserved 1114112K
  class space    used 1164K, committed 1280K, reserved 1048576K
}
Event: 1.176 GC heap after
{Heap after GC invocations=2 (full 0):
 garbage-first heap   total 260096K, used 10466K [0x0000000703600000, 0x0000000800000000)
  region size 2048K, 1 young (2048K), 1 survivors (2048K)
 Metaspace       used 9471K, committed 9728K, reserved 1114112K
  class space    used 1164K, committed 1280K, reserved 1048576K
}

Dll operation events (8 events):
Event: 0.009 Loaded shared library C:\Program Files\Java\jdk-21\bin\java.dll
Event: 0.047 Loaded shared library C:\Program Files\Java\jdk-21\bin\jsvml.dll
Event: 0.070 Loaded shared library C:\Program Files\Java\jdk-21\bin\net.dll
Event: 0.071 Loaded shared library C:\Program Files\Java\jdk-21\bin\nio.dll
Event: 0.074 Loaded shared library C:\Program Files\Java\jdk-21\bin\zip.dll
Event: 0.129 Loaded shared library C:\Program Files\Java\jdk-21\bin\management.dll
Event: 0.134 Loaded shared library C:\Program Files\Java\jdk-21\bin\management_ext.dll
Event: 0.154 Loaded shared library C:\Program Files\Java\jdk-21\bin\jimage.dll

Deoptimization events (20 events):
Event: 1.339 Thread 0x0000027972defa80 DEOPT PACKING pc=0x0000027907b678f4 sp=0x000000865ddfca30
Event: 1.339 Thread 0x0000027972defa80 DEOPT UNPACKING pc=0x00000279075846a2 sp=0x000000865ddfc9e8 mode 2
Event: 1.347 Thread 0x0000027972defa80 Uncommon trap: trap_request=0xffffff45 fr.pc=0x0000027907b42604 relative=0x0000000000000324
Event: 1.347 Thread 0x0000027972defa80 Uncommon trap: reason=unstable_if action=reinterpret pc=0x0000027907b42604 method=java.util.HashMap.hash(Ljava/lang/Object;)I @ 1 c2
Event: 1.347 Thread 0x0000027972defa80 DEOPT PACKING pc=0x0000027907b42604 sp=0x000000865ddfc990
Event: 1.347 Thread 0x0000027972defa80 DEOPT UNPACKING pc=0x00000279075846a2 sp=0x000000865ddfc888 mode 2
Event: 1.353 Thread 0x0000027972defa80 DEOPT PACKING pc=0x0000027900298bbc sp=0x000000865ddfba40
Event: 1.353 Thread 0x0000027972defa80 DEOPT UNPACKING pc=0x0000027907584e42 sp=0x000000865ddfaed0 mode 0
Event: 1.353 Thread 0x0000027972defa80 DEOPT PACKING pc=0x0000027900298bbc sp=0x000000865ddfbb00
Event: 1.353 Thread 0x0000027972defa80 DEOPT UNPACKING pc=0x0000027907584e42 sp=0x000000865ddfaf90 mode 0
Event: 1.453 Thread 0x0000027972defa80 DEOPT PACKING pc=0x0000027900314867 sp=0x000000865ddfaa30
Event: 1.453 Thread 0x0000027972defa80 DEOPT UNPACKING pc=0x0000027907584e42 sp=0x000000865ddf9f08 mode 0
Event: 1.535 Thread 0x0000027972defa80 Uncommon trap: trap_request=0xffffffc6 fr.pc=0x0000027907b6af7c relative=0x00000000000008bc
Event: 1.535 Thread 0x0000027972defa80 Uncommon trap: reason=bimorphic_or_optimized_type_check action=maybe_recompile pc=0x0000027907b6af7c method=java.util.HashMap.putVal(ILjava/lang/Object;Ljava/lang/Object;ZZ)Ljava/lang/Object; @ 91 c2
Event: 1.535 Thread 0x0000027972defa80 DEOPT PACKING pc=0x0000027907b6af7c sp=0x000000865ddfb4c0
Event: 1.535 Thread 0x0000027972defa80 DEOPT UNPACKING pc=0x00000279075846a2 sp=0x000000865ddfb440 mode 2
Event: 1.535 Thread 0x0000027972defa80 Uncommon trap: trap_request=0xffffffc6 fr.pc=0x0000027907b6af7c relative=0x00000000000008bc
Event: 1.535 Thread 0x0000027972defa80 Uncommon trap: reason=bimorphic_or_optimized_type_check action=maybe_recompile pc=0x0000027907b6af7c method=java.util.HashMap.putVal(ILjava/lang/Object;Ljava/lang/Object;ZZ)Ljava/lang/Object; @ 91 c2
Event: 1.535 Thread 0x0000027972defa80 DEOPT PACKING pc=0x0000027907b6af7c sp=0x000000865ddfb4c0
Event: 1.535 Thread 0x0000027972defa80 DEOPT UNPACKING pc=0x00000279075846a2 sp=0x000000865ddfb440 mode 2

Classes loaded (20 events):
Event: 1.516 Loading class java/util/concurrent/TransferQueue
Event: 1.516 Loading class java/util/concurrent/TransferQueue done
Event: 1.516 Loading class java/util/concurrent/LinkedTransferQueue done
Event: 1.516 Loading class java/util/concurrent/SynchronousQueue$Transferer done
Event: 1.516 Loading class java/util/concurrent/LinkedTransferQueue$DualNode
Event: 1.516 Loading class java/util/concurrent/LinkedTransferQueue$DualNode done
Event: 1.533 Loading class java/util/concurrent/ConcurrentHashMap$KeySpliterator
Event: 1.533 Loading class java/util/concurrent/ConcurrentHashMap$KeySpliterator done
Event: 1.538 Loading class java/lang/ProcessEnvironment$CheckedKeySet
Event: 1.538 Loading class java/lang/ProcessEnvironment$CheckedKeySet done
Event: 1.539 Loading class java/util/Collections$UnmodifiableMap$UnmodifiableEntrySet
Event: 1.539 Loading class java/util/Collections$UnmodifiableMap$UnmodifiableEntrySet done
Event: 1.539 Loading class java/util/Collections$UnmodifiableMap$UnmodifiableEntrySet$1
Event: 1.539 Loading class java/util/Collections$UnmodifiableMap$UnmodifiableEntrySet$1 done
Event: 1.539 Loading class java/util/Collections$UnmodifiableMap$UnmodifiableEntrySet$UnmodifiableEntry
Event: 1.539 Loading class java/util/Collections$UnmodifiableMap$UnmodifiableEntrySet$UnmodifiableEntry done
Event: 1.540 Loading class java/util/stream/MatchOps$2MatchSink
Event: 1.540 Loading class java/util/stream/MatchOps$2MatchSink done
Event: 1.565 Loading class java/util/function/BooleanSupplier
Event: 1.565 Loading class java/util/function/BooleanSupplier done

Classes unloaded (0 events):
No events

Classes redefined (0 events):
No events

Internal exceptions (20 events):
Event: 1.176 Thread 0x0000027972defa80 Exception <a 'java/lang/NoSuchMethodError'{0x0000000711e000f8}: 'int java.lang.invoke.DirectMethodHandle$Holder.invokeSpecial(java.lang.Object, java.lang.Object, java.lang.Object, java.lang.Object, java.lang.Object)'> (0x0000000711e000f8) 
thrown [s\open\src\hotspot\share\interpreter\linkResolver.cpp, line 773]
Event: 1.178 Thread 0x0000027972defa80 Exception <a 'java/lang/NoSuchMethodError'{0x0000000713208640}: 'void java.lang.invoke.DirectMethodHandle$Holder.invokeVirtual(java.lang.Object, java.lang.Object)'> (0x0000000713208640) 
thrown [s\open\src\hotspot\share\interpreter\linkResolver.cpp, line 773]
Event: 1.244 Thread 0x0000027972defa80 Exception <a 'java/lang/NoSuchMethodError'{0x0000000713145cb0}: 'void java.lang.invoke.DirectMethodHandle$Holder.invokeVirtual(java.lang.Object, java.lang.Object, java.lang.Object, java.lang.Object)'> (0x0000000713145cb0) 
thrown [s\open\src\hotspot\share\interpreter\linkResolver.cpp, line 773]
Event: 1.345 Thread 0x0000027972defa80 Exception <a 'java/lang/NoSuchMethodError'{0x0000000712d2a5b0}: 'java.lang.Object java.lang.invoke.DirectMethodHandle$Holder.newInvokeSpecial(java.lang.Object, java.lang.Object, java.lang.Object, java.lang.Object, java.lang.Object, java.lang.Object, java.lang.Object)'> (0x0000000712d2a5b0) 
thrown [s\open\src\hotspot\share\interpreter\linkResolver.cpp, line 773]
Event: 1.347 Thread 0x0000027972defa80 Implicit null exception at 0x0000027907b42340 to 0x0000027907b425e8
Event: 1.389 Thread 0x0000027972defa80 Exception <a 'java/lang/NoSuchMethodError'{0x0000000712aa4100}: 'java.lang.Object java.lang.invoke.DirectMethodHandle$Holder.invokeInterface(java.lang.Object, java.lang.Object, java.lang.Object, java.lang.Object)'> (0x0000000712aa4100) 
thrown [s\open\src\hotspot\share\interpreter\linkResolver.cpp, line 773]
Event: 1.392 Thread 0x0000027972defa80 Exception <a 'java/lang/NoSuchMethodError'{0x0000000712abd9b0}: 'java.lang.Object java.lang.invoke.DirectMethodHandle$Holder.newInvokeSpecial(java.lang.Object, java.lang.Object, java.lang.Object, java.lang.Object, int)'> (0x0000000712abd9b0) 
thrown [s\open\src\hotspot\share\interpreter\linkResolver.cpp, line 773]
Event: 1.393 Thread 0x0000027972defa80 Exception <a 'java/lang/NoSuchMethodError'{0x0000000712ac1ef8}: 'java.lang.Object java.lang.invoke.DirectMethodHandle$Holder.invokeSpecial(java.lang.Object, java.lang.Object, java.lang.Object, java.lang.Object, java.lang.Object, int)'> (0x0000000712ac1ef8) 
thrown [s\open\src\hotspot\share\interpreter\linkResolver.cpp, line 773]
Event: 1.393 Thread 0x0000027972defa80 Exception <a 'java/lang/NoSuchMethodError'{0x0000000712ac5c18}: 'java.lang.Object java.lang.invoke.Invokers$Holder.linkToTargetMethod(java.lang.Object, java.lang.Object, java.lang.Object, int, java.lang.Object)'> (0x0000000712ac5c18) 
thrown [s\open\src\hotspot\share\interpreter\linkResolver.cpp, line 773]
Event: 1.420 Thread 0x0000027972defa80 Exception <a 'java/lang/NoSuchMethodError'{0x0000000712af8920}: 'java.lang.Object java.lang.invoke.DirectMethodHandle$Holder.invokeInterface(java.lang.Object, java.lang.Object, java.lang.Object, java.lang.Object, java.lang.Object)'> (0x0000000712af8920) 
thrown [s\open\src\hotspot\share\interpreter\linkResolver.cpp, line 773]
Event: 1.420 Thread 0x0000027972defa80 Exception <a 'java/lang/IncompatibleClassChangeError'{0x0000000712afc448}: Found class java.lang.Object, but interface was expected> (0x0000000712afc448) 
thrown [s\open\src\hotspot\share\interpreter\linkResolver.cpp, line 840]
Event: 1.503 Thread 0x0000027972defa80 Exception <a 'java/lang/IncompatibleClassChangeError'{0x00000007126ca100}: Found class java.lang.Object, but interface was expected> (0x00000007126ca100) 
thrown [s\open\src\hotspot\share\interpreter\linkResolver.cpp, line 840]
Event: 1.510 Thread 0x0000027972defa80 Exception <a 'sun/nio/fs/WindowsException'{0x00000007127111a0}> (0x00000007127111a0) 
thrown [s\open\src\hotspot\share\prims\jni.cpp, line 520]
Event: 1.515 Thread 0x0000027972defa80 Exception <a 'java/lang/NoSuchMethodError'{0x000000071272f0d8}: 'java.lang.Object java.lang.invoke.DirectMethodHandle$Holder.invokeStatic(java.lang.Object, long, java.lang.Object)'> (0x000000071272f0d8) 
thrown [s\open\src\hotspot\share\interpreter\linkResolver.cpp, line 773]
Event: 1.515 Thread 0x0000027972defa80 Exception <a 'java/lang/NoSuchMethodError'{0x0000000712732c90}: 'java.lang.Object java.lang.invoke.DirectMethodHandle$Holder.invokeStaticInit(java.lang.Object, long, java.lang.Object)'> (0x0000000712732c90) 
thrown [s\open\src\hotspot\share\interpreter\linkResolver.cpp, line 773]
Event: 1.515 Thread 0x0000027972defa80 Exception <a 'java/lang/NoSuchMethodError'{0x0000000712738958}: 'java.lang.Object java.lang.invoke.DirectMethodHandle$Holder.newInvokeSpecial(java.lang.Object, long)'> (0x0000000712738958) 
thrown [s\open\src\hotspot\share\interpreter\linkResolver.cpp, line 773]
Event: 1.558 Thread 0x0000027972defa80 Exception <a 'java/lang/NoSuchMethodError'{0x00000007124e2728}: 'java.lang.Object java.lang.invoke.Invokers$Holder.invokeExact_MT(java.lang.Object, java.lang.Object, java.lang.Object, java.lang.Object, java.lang.Object)'> (0x00000007124e2728) 
thrown [s\open\src\hotspot\share\interpreter\linkResolver.cpp, line 773]
Event: 1.565 Thread 0x0000027972defa80 Exception <a 'java/lang/NoSuchMethodError'{0x000000071252e470}: 'java.lang.Object java.lang.invoke.DirectMethodHandle$Holder.invokeSpecial(java.lang.Object, java.lang.Object, java.lang.Object, java.lang.Object, java.lang.Object, java.lang.Object, int)'> (0x000000071252e470) 
thrown [s\open\src\hotspot\share\interpreter\linkResolver.cpp, line 773]
Event: 1.566 Thread 0x0000027972defa80 Exception <a 'java/lang/NoSuchMethodError'{0x0000000712538180}: 'java.lang.Object java.lang.invoke.DirectMethodHandle$Holder.newInvokeSpecial(java.lang.Object, java.lang.Object, java.lang.Object, java.lang.Object, java.lang.Object, java.lang.Object, int)'> (0x0000000712538180) 
thrown [s\open\src\hotspot\share\interpreter\linkResolver.cpp, line 773]
Event: 1.566 Thread 0x0000027972defa80 Exception <a 'java/lang/NoSuchMethodError'{0x000000071253cc90}: 'java.lang.Object java.lang.invoke.DirectMethodHandle$Holder.invokeSpecial(java.lang.Object, java.lang.Object, java.lang.Object, java.lang.Object, java.lang.Object, java.lang.Object, java.lang.Object, int)'> (0x000000071253cc90) 
thrown [s\open\src\hotspot\share\interpreter\linkResolver.cpp, line 773]

ZGC Phase Switch (0 events):
No events

VM Operations (20 events):
Event: 0.557 Executing VM operation: HandshakeAllThreads (Deoptimize)
Event: 0.557 Executing VM operation: HandshakeAllThreads (Deoptimize) done
Event: 0.588 Executing VM operation: G1CollectForAllocation (G1 Evacuation Pause)
Event: 0.594 Executing VM operation: G1CollectForAllocation (G1 Evacuation Pause) done
Event: 0.705 Executing VM operation: HandshakeAllThreads (Deoptimize)
Event: 0.705 Executing VM operation: HandshakeAllThreads (Deoptimize) done
Event: 0.713 Executing VM operation: HandshakeAllThreads (Deoptimize)
Event: 0.713 Executing VM operation: HandshakeAllThreads (Deoptimize) done
Event: 0.897 Executing VM operation: HandshakeAllThreads (Deoptimize)
Event: 0.897 Executing VM operation: HandshakeAllThreads (Deoptimize) done
Event: 1.049 Executing VM operation: HandshakeAllThreads (Deoptimize)
Event: 1.049 Executing VM operation: HandshakeAllThreads (Deoptimize) done
Event: 1.153 Executing VM operation: HandshakeAllThreads (Deoptimize)
Event: 1.153 Executing VM operation: HandshakeAllThreads (Deoptimize) done
Event: 1.172 Executing VM operation: G1CollectForAllocation (G1 Evacuation Pause)
Event: 1.176 Executing VM operation: G1CollectForAllocation (G1 Evacuation Pause) done
Event: 1.240 Executing VM operation: HandshakeAllThreads (Deoptimize)
Event: 1.240 Executing VM operation: HandshakeAllThreads (Deoptimize) done
Event: 1.424 Executing VM operation: HandshakeAllThreads (Deoptimize)
Event: 1.424 Executing VM operation: HandshakeAllThreads (Deoptimize) done

Events (15 events):
Event: 0.027 Thread 0x0000027972defa80 Thread added: 0x0000027972defa80
Event: 0.045 Thread 0x000002797f269950 Thread added: 0x000002797f269950
Event: 0.045 Thread 0x000002797f26a870 Thread added: 0x000002797f26a870
Event: 0.045 Thread 0x000002797f26fb80 Thread added: 0x000002797f26fb80
Event: 0.045 Thread 0x000002797f270940 Thread added: 0x000002797f270940
Event: 0.046 Thread 0x000002797f2723b0 Thread added: 0x000002797f2723b0
Event: 0.046 Thread 0x000002797f273f50 Thread added: 0x000002797f273f50
Event: 0.046 Thread 0x000002797f282460 Thread added: 0x000002797f282460
Event: 0.046 Thread 0x000002797f2a3f70 Thread added: 0x000002797f2a3f70
Event: 0.064 Thread 0x000002795a2402d0 Thread added: 0x000002795a2402d0
Event: 0.066 Thread 0x000002795a241f20 Thread added: 0x000002795a241f20
Event: 0.179 Thread 0x000002797f2a5ab0 Thread added: 0x000002797f2a5ab0
Event: 0.249 Thread 0x000002795a677490 Thread added: 0x000002795a677490
Event: 0.261 Thread 0x000002795a611540 Thread added: 0x000002795a611540
Event: 1.340 Thread 0x000002797f2a6f20 Thread added: 0x000002797f2a6f20


Dynamic libraries:
0x00007ff674160000 - 0x00007ff674170000 	C:\Program Files\Java\jdk-21\bin\java.exe
0x00007ffbdd210000 - 0x00007ffbdd427000 	C:\WINDOWS\SYSTEM32\ntdll.dll
0x00007ffbdc080000 - 0x00007ffbdc144000 	C:\WINDOWS\System32\KERNEL32.DLL
0x00007ffbda330000 - 0x00007ffbda702000 	C:\WINDOWS\System32\KERNELBASE.dll
0x00007ffbdad00000 - 0x00007ffbdae11000 	C:\WINDOWS\System32\ucrtbase.dll
0x00007ffbd09a0000 - 0x00007ffbd09bb000 	C:\Program Files\Java\jdk-21\bin\VCRUNTIME140.dll
0x00007ffbb1c20000 - 0x00007ffbb1c39000 	C:\Program Files\Java\jdk-21\bin\jli.dll
0x00007ffbdd110000 - 0x00007ffbdd1c1000 	C:\WINDOWS\System32\ADVAPI32.dll
0x00007ffbdbf80000 - 0x00007ffbdc027000 	C:\WINDOWS\System32\msvcrt.dll
0x00007ffbdbe20000 - 0x00007ffbdbec8000 	C:\WINDOWS\System32\sechost.dll
0x00007ffbdac10000 - 0x00007ffbdac38000 	C:\WINDOWS\System32\bcrypt.dll
0x00007ffbdb310000 - 0x00007ffbdb424000 	C:\WINDOWS\System32\RPCRT4.dll
0x00007ffbdb150000 - 0x00007ffbdb301000 	C:\WINDOWS\System32\USER32.dll
0x00007ffbda300000 - 0x00007ffbda326000 	C:\WINDOWS\System32\win32u.dll
0x00007ffbb7870000 - 0x00007ffbb7b0b000 	C:\WINDOWS\WinSxS\amd64_microsoft.windows.common-controls_6595b64144ccf1df_6.0.22621.5547_none_27104afb73855772\COMCTL32.dll
0x00007ffbdc570000 - 0x00007ffbdc599000 	C:\WINDOWS\System32\GDI32.dll
0x00007ffbda830000 - 0x00007ffbda953000 	C:\WINDOWS\System32\gdi32full.dll
0x00007ffbda790000 - 0x00007ffbda82a000 	C:\WINDOWS\System32\msvcp_win.dll
0x00007ffbcc620000 - 0x00007ffbcc62a000 	C:\WINDOWS\SYSTEM32\VERSION.dll
0x00007ffbdbde0000 - 0x00007ffbdbe11000 	C:\WINDOWS\System32\IMM32.DLL
0x00007ffbd1690000 - 0x00007ffbd169c000 	C:\Program Files\Java\jdk-21\bin\vcruntime140_1.dll
0x00007ffb992f0000 - 0x00007ffb9937e000 	C:\Program Files\Java\jdk-21\bin\msvcp140.dll
0x00007ffb41590000 - 0x00007ffb422a7000 	C:\Program Files\Java\jdk-21\bin\server\jvm.dll
0x00007ffbdb0a0000 - 0x00007ffbdb111000 	C:\WINDOWS\System32\WS2_32.dll
0x00007ffbd9180000 - 0x00007ffbd91cd000 	C:\WINDOWS\SYSTEM32\POWRPROF.dll
0x00007ffbd0a70000 - 0x00007ffbd0aa4000 	C:\WINDOWS\SYSTEM32\WINMM.dll
0x00007ffbd9160000 - 0x00007ffbd9173000 	C:\WINDOWS\SYSTEM32\UMPDC.dll
0x00007ffbd9420000 - 0x00007ffbd9438000 	C:\WINDOWS\SYSTEM32\kernel.appcore.dll
0x00007ffbd0a00000 - 0x00007ffbd0a0a000 	C:\Program Files\Java\jdk-21\bin\jimage.dll
0x00007ffbd7c40000 - 0x00007ffbd7e73000 	C:\WINDOWS\SYSTEM32\DBGHELP.DLL
0x00007ffbdcc00000 - 0x00007ffbdcf93000 	C:\WINDOWS\System32\combase.dll
0x00007ffbdc310000 - 0x00007ffbdc3e7000 	C:\WINDOWS\System32\OLEAUT32.dll
0x00007ffbc03b0000 - 0x00007ffbc03e2000 	C:\WINDOWS\SYSTEM32\dbgcore.DLL
0x00007ffbdae20000 - 0x00007ffbdae9b000 	C:\WINDOWS\System32\bcryptPrimitives.dll
0x00007ffbcddf0000 - 0x00007ffbcde0f000 	C:\Program Files\Java\jdk-21\bin\java.dll
0x00007ffbdb430000 - 0x00007ffbdbcd2000 	C:\WINDOWS\System32\SHELL32.dll
0x00007ffbda960000 - 0x00007ffbdaa9f000 	C:\WINDOWS\System32\wintypes.dll
0x00007ffbd8240000 - 0x00007ffbd8b5d000 	C:\WINDOWS\SYSTEM32\windows.storage.dll
0x00007ffbdaf30000 - 0x00007ffbdb03c000 	C:\WINDOWS\System32\SHCORE.dll
0x00007ffbdc500000 - 0x00007ffbdc569000 	C:\WINDOWS\System32\shlwapi.dll
0x00007ffbda230000 - 0x00007ffbda25b000 	C:\WINDOWS\SYSTEM32\profapi.dll
0x00007ffb97c30000 - 0x00007ffb97d07000 	C:\Program Files\Java\jdk-21\bin\jsvml.dll
0x00007ffbcddb0000 - 0x00007ffbcddc0000 	C:\Program Files\Java\jdk-21\bin\net.dll
0x00007ffbd1450000 - 0x00007ffbd157c000 	C:\WINDOWS\SYSTEM32\WINHTTP.dll
0x00007ffbd98a0000 - 0x00007ffbd9909000 	C:\WINDOWS\system32\mswsock.dll
0x00007ffbc0410000 - 0x00007ffbc0426000 	C:\Program Files\Java\jdk-21\bin\nio.dll
0x00007ffbb1c40000 - 0x00007ffbb1c58000 	C:\Program Files\Java\jdk-21\bin\zip.dll
0x00007ffbcbd30000 - 0x00007ffbcbd3a000 	C:\Program Files\Java\jdk-21\bin\management.dll
0x00007ffbc2b20000 - 0x00007ffbc2b2b000 	C:\Program Files\Java\jdk-21\bin\management_ext.dll
0x00007ffbdbdd0000 - 0x00007ffbdbdd8000 	C:\WINDOWS\System32\PSAPI.DLL

dbghelp: loaded successfully - version: 4.0.5 - missing functions: none
symbol engine: initialized successfully - sym options: 0x614 - pdb path: .;C:\Program Files\Java\jdk-21\bin;C:\WINDOWS\SYSTEM32;C:\WINDOWS\WinSxS\amd64_microsoft.windows.common-controls_6595b64144ccf1df_6.0.22621.5547_none_27104afb73855772;C:\Program Files\Java\jdk-21\bin\server

VM Arguments:
java_command: C:\Users\raque\AppData\Local\Temp\surefire11426273789508565824\surefirebooter-20251208172128041_3.jar C:\Users\raque\AppData\Local\Temp\surefire11426273789508565824 2025-12-08T17-21-27_850-jvmRun1 surefire-20251208172128041_1tmp surefire_0-20251208172128041_2tmp
java_class_path (initial): C:\Users\raque\AppData\Local\Temp\surefire11426273789508565824\surefirebooter-20251208172128041_3.jar
Launcher Type: SUN_STANDARD

[Global flags]
     intx CICompilerCount                          = 4                                         {product} {ergonomic}
     uint ConcGCThreads                            = 2                                         {product} {ergonomic}
     uint G1ConcRefinementThreads                  = 8                                         {product} {ergonomic}
   size_t G1HeapRegionSize                         = 2097152                                   {product} {ergonomic}
    uintx GCDrainStackTargetSize                   = 64                                        {product} {ergonomic}
   size_t InitialHeapSize                          = 266338304                                 {product} {ergonomic}
   size_t MarkStackSize                            = 4194304                                   {product} {ergonomic}
   size_t MaxHeapSize                              = 4238344192                                {product} {ergonomic}
   size_t MaxNewSize                               = 2541748224                                {product} {ergonomic}
   size_t MinHeapDeltaBytes                        = 2097152                                   {product} {ergonomic}
   size_t MinHeapSize                              = 8388608                                   {product} {ergonomic}
    uintx NonNMethodCodeHeapSize                   = 5839372                                {pd product} {ergonomic}
    uintx NonProfiledCodeHeapSize                  = 122909434                              {pd product} {ergonomic}
    uintx ProfiledCodeHeapSize                     = 122909434                              {pd product} {ergonomic}
    uintx ReservedCodeCacheSize                    = 251658240                              {pd product} {ergonomic}
     bool SegmentedCodeCache                       = true                                      {product} {ergonomic}
   size_t SoftMaxHeapSize                          = 4238344192                             {manageable} {ergonomic}
     bool UseCompressedOops                        = true                           {product lp64_product} {ergonomic}
     bool UseG1GC                                  = true                                      {product} {ergonomic}
     bool UseLargePagesIndividualAllocation        = false                                  {pd product} {ergonomic}

Logging:
Log output configuration:
 #0: stdout all=warning uptime,level,tags foldmultilines=false
 #1: stderr all=off uptime,level,tags foldmultilines=false

Environment Variables:
JAVA_HOME=C:\Program Files\Java\jdk-21
PATH=C:\Program Files\Common Files\Oracle\Java\javapath;C:\Program Files (x86)\VMware\VMware Workstation\bin\;C:\Windows\system32;C:\Windows;C:\Windows\System32\Wbem;C:\Windows\System32\WindowsPowerShell\v1.0\;C:\Windows\System32\OpenSSH\;C:\Program Files (x86)\NVIDIA Corporation\PhysX\Common;C:\Program Files\Intel\WiFi\bin\;C:\Program Files\Common Files\Intel\WirelessCommon\;C:\WINDOWS\system32;C:\WINDOWS;C:\WINDOWS\System32\Wbem;C:\WINDOWS\System32\WindowsPowerShell\v1.0\;C:\WINDOWS\System32\OpenSSH\;C:\Program Files\Git\cmd;C:\Program Files\MySQL\MySQL Shell 8.0\bin\;C:\Users\raque\AppData\Local\Programs\Python\Python311\Scripts\;C:\Users\raque\AppData\Local\Programs\Python\Python311\;C:\Users\raque\AppData\Local\Programs\Python\Launcher\;C:\Users\raque\AppData\Local\Microsoft\WindowsApps;C:\Users\raque\AppData\Local\Programs\Microsoft VS Code\bin;C:\Program Files (x86)\Nmap;C:\Users\raque\AppData\Local\GitHubDesktop\bin;C:\Users\raque\OneDrive\Documents\apache-maven-3.9.11-bin;
USERNAME=raque
OS=Windows_NT
PROCESSOR_IDENTIFIER=Intel64 Family 6 Model 142 Stepping 11, GenuineIntel
TMP=C:\Users\raque\AppData\Local\Temp
TEMP=C:\Users\raque\AppData\Local\Temp




Periodic native trim disabled

---------------  S Y S T E M  ---------------

OS:
 Windows 11 , 64 bit Build 22621 (10.0.22621.5415)
OS uptime: 3 days 22:17 hours

CPU: total 8 (initial active 8) (4 cores per cpu, 2 threads per core) family 6 model 142 stepping 11 microcode 0xde, cx8, cmov, fxsr, ht, mmx, 3dnowpref, sse, sse2, sse3, ssse3, sse4.1, sse4.2, popcnt, lzcnt, tsc, tscinvbit, avx, avx2, aes, erms, clmul, bmi1, bmi2, adx, fma, vzeroupper, clflush, clflushopt, rdtscp, f16c
Processor Information for all 8 processors :
  Max Mhz: 1992, Current Mhz: 1792, Mhz Limit: 1792

Memory: 4k page, system-wide physical 16166M (3393M free)
TotalPageFile size 18189M (AvailPageFile size 3M)
current process WorkingSet (physical memory assigned to process): 120M, peak: 120M
current process commit charge ("private bytes"): 385M, peak: 386M

vm_info: Java HotSpot(TM) 64-Bit Server VM (21.0.2+13-LTS-58) for windows-amd64 JRE (21.0.2+13-LTS-58), built on 2024-01-05T18:32:24Z by "mach5one" with MS VC++ 17.1 (VS2022)

END.
